[2022-04-08 13:40:02,411] multiqc                                            [DEBUG  ]  This is MultiQC v1.12
[2022-04-08 13:40:02,412] multiqc                                            [DEBUG  ]  No MultiQC config found: /sw/bioinfo/MultiQC/1.12/rackham/lib/python3.8/site-packages/multiqc_config.yaml
[2022-04-08 13:40:02,412] multiqc                                            [DEBUG  ]  No MultiQC config found: /home/kvenk811/.multiqc_config.yaml
[2022-04-08 13:40:02,413] multiqc                                            [DEBUG  ]  No MultiQC config found: multiqc_config.yaml
[2022-04-08 13:40:02,413] multiqc                                            [DEBUG  ]  Command used: /sw/bioinfo/MultiQC/1.12/rackham/bin/multiqc .
[2022-04-08 13:40:02,992] multiqc                                            [DEBUG  ]  Latest MultiQC version is v1.12
[2022-04-08 13:40:02,992] multiqc                                            [DEBUG  ]  Command     : /sw/bioinfo/MultiQC/1.12/rackham/bin/multiqc .
[2022-04-08 13:40:02,992] multiqc                                            [DEBUG  ]  Working dir : /domus/h1/kvenk811/Genome_Analysis_1MB462/Results/multiqc
[2022-04-08 13:40:02,992] multiqc                                            [DEBUG  ]  Template    : default
[2022-04-08 13:40:02,992] multiqc                                            [DEBUG  ]  Running Python 3.8.7 (default, Feb  1 2021, 11:54:01)  [GCC 8.3.0]
[2022-04-08 13:40:02,993] multiqc                                            [DEBUG  ]  Analysing modules: custom_content, ccs, ngsderive, purple, conpair, lima, peddy, somalier, methylQA, mosdepth, phantompeakqualtools, qualimap, preseq, quast, qorts, rna_seqc, rockhopper, rsem, rseqc, busco, bustools, goleft_indexcov, gffcompare, disambiguate, supernova, deeptools, sargasso, verifybamid, mirtrace, happy, mirtop, sambamba, homer, hops, macs2, theta2, snpeff, gatk, htseq, bcftools, featureCounts, fgbio, dragen, dedup, pbmarkdup, damageprofiler, biobambam2, jcvi, mtnucratio, picard, vep, sentieon, prokka, qc3C, nanostat, samblaster, samtools, sexdeterrmine, eigenstratdatabasetools, bamtools, jellyfish, vcftools, longranger, stacks, varscan2, snippy, bbmap, bismark, biscuit, hicexplorer, hicup, hicpro, salmon, kallisto, slamdunk, star, hisat2, tophat, bowtie2, bowtie1, snpsplit, odgi, pangolin, kat, leehom, adapterRemoval, clipandmerge, cutadapt, flexbar, kaiju, kraken, malt, trimmomatic, sickle, skewer, sortmerna, biobloomtools, fastq_screen, afterqc, fastp, fastqc, pychopper, pycoqc, minionqc, multivcfanalyzer, clusterflow, checkqc, bcl2fastq, bclconvert, interop, ivar, flash, seqyclean, optitype, whatshap
[2022-04-08 13:40:02,993] multiqc                                            [DEBUG  ]  Using temporary directory for creating report: /scratch/tmp34u4jehr
[2022-04-08 13:40:03,157] multiqc                                            [INFO   ]  Search path : /domus/h1/kvenk811/Genome_Analysis_1MB462/Results/multiqc
[2022-04-08 13:40:03,207] multiqc                                            [DEBUG  ]  File ignored by ccs/v4 because it exceeded search pattern filesize limit: RNA_trim_37.left_paired.trimmed_fastqc.html
[2022-04-08 13:40:03,212] multiqc                                            [DEBUG  ]  File ignored by hicexplorer because it exceeded search pattern filesize limit: RNA_trim_37.left_paired.trimmed_fastqc.html
[2022-04-08 13:40:03,213] multiqc                                            [DEBUG  ]  File ignored by lima/summary because it exceeded search pattern filesize limit: RNA_trim_37.left_paired.trimmed_fastqc.html
[2022-04-08 13:40:03,223] multiqc                                            [DEBUG  ]  File ignored by vep/vep_txt because it exceeded search pattern filesize limit: RNA_trim_37.left_paired.trimmed_fastqc.html
[2022-04-08 13:40:03,223] multiqc                                            [DEBUG  ]  File ignored by longranger/invocation because it exceeded search pattern filesize limit: RNA_trim_37.left_paired.trimmed_fastqc.html
[2022-04-08 13:40:03,280] multiqc                                            [DEBUG  ]  File ignored by nanostat because it exceeded search pattern filesize limit: RNA_trim_37.left_paired.trimmed_fastqc.html
[2022-04-08 13:40:03,295] multiqc                                            [DEBUG  ]  File ignored by ccs/v4 because it exceeded search pattern filesize limit: RNA_trim_37.left_unpaired.trimmed_fastqc.html
[2022-04-08 13:40:03,300] multiqc                                            [DEBUG  ]  File ignored by hicexplorer because it exceeded search pattern filesize limit: RNA_trim_37.left_unpaired.trimmed_fastqc.html
[2022-04-08 13:40:03,300] multiqc                                            [DEBUG  ]  File ignored by lima/summary because it exceeded search pattern filesize limit: RNA_trim_37.left_unpaired.trimmed_fastqc.html
[2022-04-08 13:40:03,309] multiqc                                            [DEBUG  ]  File ignored by vep/vep_txt because it exceeded search pattern filesize limit: RNA_trim_37.left_unpaired.trimmed_fastqc.html
[2022-04-08 13:40:03,309] multiqc                                            [DEBUG  ]  File ignored by longranger/invocation because it exceeded search pattern filesize limit: RNA_trim_37.left_unpaired.trimmed_fastqc.html
[2022-04-08 13:40:03,363] multiqc                                            [DEBUG  ]  File ignored by nanostat because it exceeded search pattern filesize limit: RNA_trim_37.left_unpaired.trimmed_fastqc.html
[2022-04-08 13:40:03,380] multiqc                                            [DEBUG  ]  File ignored by ccs/v4 because it exceeded search pattern filesize limit: RNA_trim_37.right_paired.trimmed_fastqc.html
[2022-04-08 13:40:03,384] multiqc                                            [DEBUG  ]  File ignored by hicexplorer because it exceeded search pattern filesize limit: RNA_trim_37.right_paired.trimmed_fastqc.html
[2022-04-08 13:40:03,385] multiqc                                            [DEBUG  ]  File ignored by lima/summary because it exceeded search pattern filesize limit: RNA_trim_37.right_paired.trimmed_fastqc.html
[2022-04-08 13:40:03,393] multiqc                                            [DEBUG  ]  File ignored by vep/vep_txt because it exceeded search pattern filesize limit: RNA_trim_37.right_paired.trimmed_fastqc.html
[2022-04-08 13:40:03,393] multiqc                                            [DEBUG  ]  File ignored by longranger/invocation because it exceeded search pattern filesize limit: RNA_trim_37.right_paired.trimmed_fastqc.html
[2022-04-08 13:40:03,444] multiqc                                            [DEBUG  ]  File ignored by nanostat because it exceeded search pattern filesize limit: RNA_trim_37.right_paired.trimmed_fastqc.html
[2022-04-08 13:40:03,457] multiqc                                            [DEBUG  ]  File ignored by ccs/v4 because it exceeded search pattern filesize limit: RNA_trim_37.right_unpaired.trimmed_fastqc.html
[2022-04-08 13:40:03,462] multiqc                                            [DEBUG  ]  File ignored by hicexplorer because it exceeded search pattern filesize limit: RNA_trim_37.right_unpaired.trimmed_fastqc.html
[2022-04-08 13:40:03,462] multiqc                                            [DEBUG  ]  File ignored by lima/summary because it exceeded search pattern filesize limit: RNA_trim_37.right_unpaired.trimmed_fastqc.html
[2022-04-08 13:40:03,471] multiqc                                            [DEBUG  ]  File ignored by vep/vep_txt because it exceeded search pattern filesize limit: RNA_trim_37.right_unpaired.trimmed_fastqc.html
[2022-04-08 13:40:03,472] multiqc                                            [DEBUG  ]  File ignored by longranger/invocation because it exceeded search pattern filesize limit: RNA_trim_37.right_unpaired.trimmed_fastqc.html
[2022-04-08 13:40:03,529] multiqc                                            [DEBUG  ]  File ignored by nanostat because it exceeded search pattern filesize limit: RNA_trim_37.right_unpaired.trimmed_fastqc.html
[2022-04-08 13:40:03,542] multiqc                                            [DEBUG  ]  File ignored by ccs/v4 because it exceeded search pattern filesize limit: RNA_trim_39.left_paired.trimmed_fastqc.html
[2022-04-08 13:40:03,547] multiqc                                            [DEBUG  ]  File ignored by hicexplorer because it exceeded search pattern filesize limit: RNA_trim_39.left_paired.trimmed_fastqc.html
[2022-04-08 13:40:03,547] multiqc                                            [DEBUG  ]  File ignored by lima/summary because it exceeded search pattern filesize limit: RNA_trim_39.left_paired.trimmed_fastqc.html
[2022-04-08 13:40:03,555] multiqc                                            [DEBUG  ]  File ignored by vep/vep_txt because it exceeded search pattern filesize limit: RNA_trim_39.left_paired.trimmed_fastqc.html
[2022-04-08 13:40:03,556] multiqc                                            [DEBUG  ]  File ignored by longranger/invocation because it exceeded search pattern filesize limit: RNA_trim_39.left_paired.trimmed_fastqc.html
[2022-04-08 13:40:03,608] multiqc                                            [DEBUG  ]  File ignored by nanostat because it exceeded search pattern filesize limit: RNA_trim_39.left_paired.trimmed_fastqc.html
[2022-04-08 13:40:03,621] multiqc                                            [DEBUG  ]  File ignored by ccs/v4 because it exceeded search pattern filesize limit: RNA_trim_39.left_unpaired.trimmed_fastqc.html
[2022-04-08 13:40:03,626] multiqc                                            [DEBUG  ]  File ignored by hicexplorer because it exceeded search pattern filesize limit: RNA_trim_39.left_unpaired.trimmed_fastqc.html
[2022-04-08 13:40:03,626] multiqc                                            [DEBUG  ]  File ignored by lima/summary because it exceeded search pattern filesize limit: RNA_trim_39.left_unpaired.trimmed_fastqc.html
[2022-04-08 13:40:03,634] multiqc                                            [DEBUG  ]  File ignored by vep/vep_txt because it exceeded search pattern filesize limit: RNA_trim_39.left_unpaired.trimmed_fastqc.html
[2022-04-08 13:40:03,635] multiqc                                            [DEBUG  ]  File ignored by longranger/invocation because it exceeded search pattern filesize limit: RNA_trim_39.left_unpaired.trimmed_fastqc.html
[2022-04-08 13:40:03,691] multiqc                                            [DEBUG  ]  File ignored by nanostat because it exceeded search pattern filesize limit: RNA_trim_39.left_unpaired.trimmed_fastqc.html
[2022-04-08 13:40:03,719] multiqc                                            [DEBUG  ]  File ignored by ccs/v4 because it exceeded search pattern filesize limit: RNA_trim_39.right_paired.trimmed_fastqc.html
[2022-04-08 13:40:03,724] multiqc                                            [DEBUG  ]  File ignored by hicexplorer because it exceeded search pattern filesize limit: RNA_trim_39.right_paired.trimmed_fastqc.html
[2022-04-08 13:40:03,724] multiqc                                            [DEBUG  ]  File ignored by lima/summary because it exceeded search pattern filesize limit: RNA_trim_39.right_paired.trimmed_fastqc.html
[2022-04-08 13:40:03,732] multiqc                                            [DEBUG  ]  File ignored by vep/vep_txt because it exceeded search pattern filesize limit: RNA_trim_39.right_paired.trimmed_fastqc.html
[2022-04-08 13:40:03,733] multiqc                                            [DEBUG  ]  File ignored by longranger/invocation because it exceeded search pattern filesize limit: RNA_trim_39.right_paired.trimmed_fastqc.html
[2022-04-08 13:40:03,783] multiqc                                            [DEBUG  ]  File ignored by nanostat because it exceeded search pattern filesize limit: RNA_trim_39.right_paired.trimmed_fastqc.html
[2022-04-08 13:40:03,800] multiqc                                            [DEBUG  ]  File ignored by ccs/v4 because it exceeded search pattern filesize limit: RNA_trim_39.right_unpaired.trimmed_fastqc.html
[2022-04-08 13:40:03,805] multiqc                                            [DEBUG  ]  File ignored by hicexplorer because it exceeded search pattern filesize limit: RNA_trim_39.right_unpaired.trimmed_fastqc.html
[2022-04-08 13:40:03,805] multiqc                                            [DEBUG  ]  File ignored by lima/summary because it exceeded search pattern filesize limit: RNA_trim_39.right_unpaired.trimmed_fastqc.html
[2022-04-08 13:40:03,814] multiqc                                            [DEBUG  ]  File ignored by vep/vep_txt because it exceeded search pattern filesize limit: RNA_trim_39.right_unpaired.trimmed_fastqc.html
[2022-04-08 13:40:03,815] multiqc                                            [DEBUG  ]  File ignored by longranger/invocation because it exceeded search pattern filesize limit: RNA_trim_39.right_unpaired.trimmed_fastqc.html
[2022-04-08 13:40:03,867] multiqc                                            [DEBUG  ]  File ignored by nanostat because it exceeded search pattern filesize limit: RNA_trim_39.right_unpaired.trimmed_fastqc.html
[2022-04-08 13:40:03,882] multiqc                                            [DEBUG  ]  File ignored by ccs/v4 because it exceeded search pattern filesize limit: SRR4342129_1.paired.trimmed_fastqc.html
[2022-04-08 13:40:03,887] multiqc                                            [DEBUG  ]  File ignored by hicexplorer because it exceeded search pattern filesize limit: SRR4342129_1.paired.trimmed_fastqc.html
[2022-04-08 13:40:03,887] multiqc                                            [DEBUG  ]  File ignored by lima/summary because it exceeded search pattern filesize limit: SRR4342129_1.paired.trimmed_fastqc.html
[2022-04-08 13:40:03,900] multiqc                                            [DEBUG  ]  File ignored by vep/vep_txt because it exceeded search pattern filesize limit: SRR4342129_1.paired.trimmed_fastqc.html
[2022-04-08 13:40:03,900] multiqc                                            [DEBUG  ]  File ignored by longranger/invocation because it exceeded search pattern filesize limit: SRR4342129_1.paired.trimmed_fastqc.html
[2022-04-08 13:40:03,948] multiqc                                            [DEBUG  ]  File ignored by nanostat because it exceeded search pattern filesize limit: SRR4342129_1.paired.trimmed_fastqc.html
[2022-04-08 13:40:03,961] multiqc                                            [DEBUG  ]  File ignored by ccs/v4 because it exceeded search pattern filesize limit: SRR4342129_2.paired.trimmed_fastqc.html
[2022-04-08 13:40:03,966] multiqc                                            [DEBUG  ]  File ignored by hicexplorer because it exceeded search pattern filesize limit: SRR4342129_2.paired.trimmed_fastqc.html
[2022-04-08 13:40:03,967] multiqc                                            [DEBUG  ]  File ignored by lima/summary because it exceeded search pattern filesize limit: SRR4342129_2.paired.trimmed_fastqc.html
[2022-04-08 13:40:03,976] multiqc                                            [DEBUG  ]  File ignored by vep/vep_txt because it exceeded search pattern filesize limit: SRR4342129_2.paired.trimmed_fastqc.html
[2022-04-08 13:40:03,976] multiqc                                            [DEBUG  ]  File ignored by longranger/invocation because it exceeded search pattern filesize limit: SRR4342129_2.paired.trimmed_fastqc.html
[2022-04-08 13:40:04,026] multiqc                                            [DEBUG  ]  File ignored by nanostat because it exceeded search pattern filesize limit: SRR4342129_2.paired.trimmed_fastqc.html
[2022-04-08 13:40:04,041] multiqc                                            [DEBUG  ]  File ignored by ccs/v4 because it exceeded search pattern filesize limit: SRR4342133_1.paired.trimmed_fastqc.html
[2022-04-08 13:40:04,046] multiqc                                            [DEBUG  ]  File ignored by hicexplorer because it exceeded search pattern filesize limit: SRR4342133_1.paired.trimmed_fastqc.html
[2022-04-08 13:40:04,046] multiqc                                            [DEBUG  ]  File ignored by lima/summary because it exceeded search pattern filesize limit: SRR4342133_1.paired.trimmed_fastqc.html
[2022-04-08 13:40:04,056] multiqc                                            [DEBUG  ]  File ignored by vep/vep_txt because it exceeded search pattern filesize limit: SRR4342133_1.paired.trimmed_fastqc.html
[2022-04-08 13:40:04,057] multiqc                                            [DEBUG  ]  File ignored by longranger/invocation because it exceeded search pattern filesize limit: SRR4342133_1.paired.trimmed_fastqc.html
[2022-04-08 13:40:04,107] multiqc                                            [DEBUG  ]  File ignored by nanostat because it exceeded search pattern filesize limit: SRR4342133_1.paired.trimmed_fastqc.html
[2022-04-08 13:40:04,120] multiqc                                            [DEBUG  ]  File ignored by ccs/v4 because it exceeded search pattern filesize limit: SRR4342133_2.paired.trimmed_fastqc.html
[2022-04-08 13:40:04,125] multiqc                                            [DEBUG  ]  File ignored by hicexplorer because it exceeded search pattern filesize limit: SRR4342133_2.paired.trimmed_fastqc.html
[2022-04-08 13:40:04,125] multiqc                                            [DEBUG  ]  File ignored by lima/summary because it exceeded search pattern filesize limit: SRR4342133_2.paired.trimmed_fastqc.html
[2022-04-08 13:40:04,133] multiqc                                            [DEBUG  ]  File ignored by vep/vep_txt because it exceeded search pattern filesize limit: SRR4342133_2.paired.trimmed_fastqc.html
[2022-04-08 13:40:04,134] multiqc                                            [DEBUG  ]  File ignored by longranger/invocation because it exceeded search pattern filesize limit: SRR4342133_2.paired.trimmed_fastqc.html
[2022-04-08 13:40:04,180] multiqc                                            [DEBUG  ]  File ignored by nanostat because it exceeded search pattern filesize limit: SRR4342133_2.paired.trimmed_fastqc.html
[2022-04-08 13:40:04,193] multiqc                                            [DEBUG  ]  File ignored by ccs/v4 because it exceeded search pattern filesize limit: SRR4342137.1_fastqc.html
[2022-04-08 13:40:04,198] multiqc                                            [DEBUG  ]  File ignored by hicexplorer because it exceeded search pattern filesize limit: SRR4342137.1_fastqc.html
[2022-04-08 13:40:04,198] multiqc                                            [DEBUG  ]  File ignored by lima/summary because it exceeded search pattern filesize limit: SRR4342137.1_fastqc.html
[2022-04-08 13:40:04,209] multiqc                                            [DEBUG  ]  File ignored by vep/vep_txt because it exceeded search pattern filesize limit: SRR4342137.1_fastqc.html
[2022-04-08 13:40:04,210] multiqc                                            [DEBUG  ]  File ignored by longranger/invocation because it exceeded search pattern filesize limit: SRR4342137.1_fastqc.html
[2022-04-08 13:40:04,262] multiqc                                            [DEBUG  ]  File ignored by nanostat because it exceeded search pattern filesize limit: SRR4342137.1_fastqc.html
[2022-04-08 13:40:04,280] multiqc                                            [DEBUG  ]  File ignored by ccs/v4 because it exceeded search pattern filesize limit: SRR4342137.2_fastqc.html
[2022-04-08 13:40:04,285] multiqc                                            [DEBUG  ]  File ignored by hicexplorer because it exceeded search pattern filesize limit: SRR4342137.2_fastqc.html
[2022-04-08 13:40:04,285] multiqc                                            [DEBUG  ]  File ignored by lima/summary because it exceeded search pattern filesize limit: SRR4342137.2_fastqc.html
[2022-04-08 13:40:04,294] multiqc                                            [DEBUG  ]  File ignored by vep/vep_txt because it exceeded search pattern filesize limit: SRR4342137.2_fastqc.html
[2022-04-08 13:40:04,294] multiqc                                            [DEBUG  ]  File ignored by longranger/invocation because it exceeded search pattern filesize limit: SRR4342137.2_fastqc.html
[2022-04-08 13:40:04,354] multiqc                                            [DEBUG  ]  File ignored by nanostat because it exceeded search pattern filesize limit: SRR4342137.2_fastqc.html
[2022-04-08 13:40:04,367] multiqc                                            [DEBUG  ]  File ignored by ccs/v4 because it exceeded search pattern filesize limit: SRR4342139.1_fastqc.html
[2022-04-08 13:40:04,372] multiqc                                            [DEBUG  ]  File ignored by hicexplorer because it exceeded search pattern filesize limit: SRR4342139.1_fastqc.html
[2022-04-08 13:40:04,373] multiqc                                            [DEBUG  ]  File ignored by lima/summary because it exceeded search pattern filesize limit: SRR4342139.1_fastqc.html
[2022-04-08 13:40:04,381] multiqc                                            [DEBUG  ]  File ignored by vep/vep_txt because it exceeded search pattern filesize limit: SRR4342139.1_fastqc.html
[2022-04-08 13:40:04,381] multiqc                                            [DEBUG  ]  File ignored by longranger/invocation because it exceeded search pattern filesize limit: SRR4342139.1_fastqc.html
[2022-04-08 13:40:04,437] multiqc                                            [DEBUG  ]  File ignored by nanostat because it exceeded search pattern filesize limit: SRR4342139.1_fastqc.html
[2022-04-08 13:40:04,455] multiqc                                            [DEBUG  ]  File ignored by ccs/v4 because it exceeded search pattern filesize limit: SRR4342139.2_fastqc.html
[2022-04-08 13:40:04,459] multiqc                                            [DEBUG  ]  File ignored by hicexplorer because it exceeded search pattern filesize limit: SRR4342139.2_fastqc.html
[2022-04-08 13:40:04,460] multiqc                                            [DEBUG  ]  File ignored by lima/summary because it exceeded search pattern filesize limit: SRR4342139.2_fastqc.html
[2022-04-08 13:40:04,468] multiqc                                            [DEBUG  ]  File ignored by vep/vep_txt because it exceeded search pattern filesize limit: SRR4342139.2_fastqc.html
[2022-04-08 13:40:04,468] multiqc                                            [DEBUG  ]  File ignored by longranger/invocation because it exceeded search pattern filesize limit: SRR4342139.2_fastqc.html
[2022-04-08 13:40:04,525] multiqc                                            [DEBUG  ]  File ignored by nanostat because it exceeded search pattern filesize limit: SRR4342139.2_fastqc.html
[2022-04-08 13:40:06,722] multiqc.plots.linegraph                            [DEBUG  ]  Using matplotlib version 3.3.4
[2022-04-08 13:40:06,723] multiqc.plots.bargraph                             [DEBUG  ]  Using matplotlib version 3.3.4
[2022-04-08 13:40:07,247] multiqc.modules.fastqc.fastqc                      [INFO   ]  Found 16 reports
[2022-04-08 13:40:07,548] multiqc                                            [INFO   ]  Compressing plot data
[2022-04-08 13:40:07,889] multiqc                                            [INFO   ]  Report      : multiqc_report.html
[2022-04-08 13:40:07,889] multiqc                                            [INFO   ]  Data        : multiqc_data
[2022-04-08 13:40:07,889] multiqc                                            [DEBUG  ]  Moving data file from '/scratch/tmp34u4jehr/multiqc_data' to '/domus/h1/kvenk811/Genome_Analysis_1MB462/Results/multiqc/multiqc_data'
[2022-04-08 13:40:08,065] multiqc                                            [INFO   ]  MultiQC complete
