+ module load bioinfo-tools
++ /usr/share/lmod/lmod/libexec/lmod bash load bioinfo-tools
+ eval '__LMOD_REF_COUNT_LOADEDMODULES=uppmax:2\;bioinfo-tools:1;' export '__LMOD_REF_COUNT_LOADEDMODULES;' 'LOADEDMODULES=uppmax:bioinfo-tools;' export 'LOADEDMODULES;' '__LMOD_REF_COUNT_MODULEPATH=/sw/mf/snowy/bioinfo-tools/annotation:1\;/sw/mf/snowy/bioinfo-tools/alignment:1\;/sw/mf/snowy/bioinfo-tools/assembly:1\;/sw/mf/snowy/bioinfo-tools/misc:1\;/sw/mf/snowy/bioinfo-tools/phylogeny:1\;/sw/mf/snowy/bioinfo-tools/pipelines:1\;/sw/mf/snowy/bioinfo-tools/sw_collections:1\;/sw/mf/snowy/applications:1\;/sw/mf/snowy/build-tools:1\;/sw/mf/snowy/compilers:1\;/sw/mf/snowy/data:1\;/sw/mf/snowy/environment:1\;/sw/mf/snowy/libraries:1\;/sw/mf/snowy/parallel:1;' export '__LMOD_REF_COUNT_MODULEPATH;' 'MODULEPATH=/sw/mf/snowy/bioinfo-tools/annotation:/sw/mf/snowy/bioinfo-tools/alignment:/sw/mf/snowy/bioinfo-tools/assembly:/sw/mf/snowy/bioinfo-tools/misc:/sw/mf/snowy/bioinfo-tools/phylogeny:/sw/mf/snowy/bioinfo-tools/pipelines:/sw/mf/snowy/bioinfo-tools/sw_collections:/sw/mf/snowy/applications:/sw/mf/snowy/build-tools:/sw/mf/snowy/compilers:/sw/mf/snowy/data:/sw/mf/snowy/environment:/sw/mf/snowy/libraries:/sw/mf/snowy/parallel;' export 'MODULEPATH;' '__LMOD_REF_COUNT__LMFILES_=/sw/mf/snowy/environment/bioinfo-tools:1;' export '__LMOD_REF_COUNT__LMFILES_;' '_LMFILES_=/sw/mf/snowy/environment/bioinfo-tools;' export '_LMFILES_;' '_ModuleTable001_=X01vZHVsZVRhYmxlXz17WyJNVHZlcnNpb24iXT0zLFsiY19yZWJ1aWxkVGltZSJdPWZhbHNlLFsiY19zaG9ydFRpbWUiXT1mYWxzZSxkZXB0aFQ9e30sZmFtaWx5PXt9LG1UPXtbImJpb2luZm8tdG9vbHMiXT17WyJmbiJdPSIvc3cvbWYvc25vd3kvZW52aXJvbm1lbnQvYmlvaW5mby10b29scyIsWyJmdWxsTmFtZSJdPSJiaW9pbmZvLXRvb2xzIixbImxvYWRPcmRlciJdPTEscHJvcFQ9e30sWyJzdGFja0RlcHRoIl09MCxbInN0YXR1cyJdPSJhY3RpdmUiLFsidXNlck5hbWUiXT0iYmlvaW5mby10b29scyIsfSx9LG1wYXRoQT17Ii9zdy9tZi9zbm93eS9iaW9pbmZvLXRvb2xzL2Fubm90YXRpb24iLCIvc3cvbWYvc25vd3kvYmlvaW5mby10b29scy9hbGlnbm1lbnQiLCIvc3cv;' export '_ModuleTable001_;' '_ModuleTable002_=bWYvc25vd3kvYmlvaW5mby10b29scy9hc3NlbWJseSIsIi9zdy9tZi9zbm93eS9iaW9pbmZvLXRvb2xzL21pc2MiLCIvc3cvbWYvc25vd3kvYmlvaW5mby10b29scy9waHlsb2dlbnkiLCIvc3cvbWYvc25vd3kvYmlvaW5mby10b29scy9waXBlbGluZXMiLCIvc3cvbWYvc25vd3kvYmlvaW5mby10b29scy9zd19jb2xsZWN0aW9ucyIsIi9zdy9tZi9zbm93eS9hcHBsaWNhdGlvbnMiLCIvc3cvbWYvc25vd3kvYnVpbGQtdG9vbHMiLCIvc3cvbWYvc25vd3kvY29tcGlsZXJzIiwiL3N3L21mL3Nub3d5L2RhdGEiLCIvc3cvbWYvc25vd3kvZW52aXJvbm1lbnQiLCIvc3cvbWYvc25vd3kvbGlicmFyaWVzIiwiL3N3L21mL3Nub3d5L3BhcmFsbGVsIix9LFsic3lzdGVtQmFzZU1QQVRI;' export '_ModuleTable002_;' '_ModuleTable003_=Il09Ii9zdy9tZi9zbm93eS9hcHBsaWNhdGlvbnM6L3N3L21mL3Nub3d5L2J1aWxkLXRvb2xzOi9zdy9tZi9zbm93eS9jb21waWxlcnM6L3N3L21mL3Nub3d5L2RhdGE6L3N3L21mL3Nub3d5L2Vudmlyb25tZW50Oi9zdy9tZi9zbm93eS9saWJyYXJpZXM6L3N3L21mL3Nub3d5L3BhcmFsbGVsIix9;' export '_ModuleTable003_;' '_ModuleTable_Sz_=3;' export '_ModuleTable_Sz_;'
++ __LMOD_REF_COUNT_LOADEDMODULES='uppmax:2;bioinfo-tools:1'
++ export __LMOD_REF_COUNT_LOADEDMODULES
++ LOADEDMODULES=uppmax:bioinfo-tools
++ export LOADEDMODULES
++ __LMOD_REF_COUNT_MODULEPATH='/sw/mf/snowy/bioinfo-tools/annotation:1;/sw/mf/snowy/bioinfo-tools/alignment:1;/sw/mf/snowy/bioinfo-tools/assembly:1;/sw/mf/snowy/bioinfo-tools/misc:1;/sw/mf/snowy/bioinfo-tools/phylogeny:1;/sw/mf/snowy/bioinfo-tools/pipelines:1;/sw/mf/snowy/bioinfo-tools/sw_collections:1;/sw/mf/snowy/applications:1;/sw/mf/snowy/build-tools:1;/sw/mf/snowy/compilers:1;/sw/mf/snowy/data:1;/sw/mf/snowy/environment:1;/sw/mf/snowy/libraries:1;/sw/mf/snowy/parallel:1'
++ export __LMOD_REF_COUNT_MODULEPATH
++ MODULEPATH=/sw/mf/snowy/bioinfo-tools/annotation:/sw/mf/snowy/bioinfo-tools/alignment:/sw/mf/snowy/bioinfo-tools/assembly:/sw/mf/snowy/bioinfo-tools/misc:/sw/mf/snowy/bioinfo-tools/phylogeny:/sw/mf/snowy/bioinfo-tools/pipelines:/sw/mf/snowy/bioinfo-tools/sw_collections:/sw/mf/snowy/applications:/sw/mf/snowy/build-tools:/sw/mf/snowy/compilers:/sw/mf/snowy/data:/sw/mf/snowy/environment:/sw/mf/snowy/libraries:/sw/mf/snowy/parallel
++ export MODULEPATH
++ __LMOD_REF_COUNT__LMFILES_=/sw/mf/snowy/environment/bioinfo-tools:1
++ export __LMOD_REF_COUNT__LMFILES_
++ _LMFILES_=/sw/mf/snowy/environment/bioinfo-tools
++ export _LMFILES_
++ _ModuleTable001_=X01vZHVsZVRhYmxlXz17WyJNVHZlcnNpb24iXT0zLFsiY19yZWJ1aWxkVGltZSJdPWZhbHNlLFsiY19zaG9ydFRpbWUiXT1mYWxzZSxkZXB0aFQ9e30sZmFtaWx5PXt9LG1UPXtbImJpb2luZm8tdG9vbHMiXT17WyJmbiJdPSIvc3cvbWYvc25vd3kvZW52aXJvbm1lbnQvYmlvaW5mby10b29scyIsWyJmdWxsTmFtZSJdPSJiaW9pbmZvLXRvb2xzIixbImxvYWRPcmRlciJdPTEscHJvcFQ9e30sWyJzdGFja0RlcHRoIl09MCxbInN0YXR1cyJdPSJhY3RpdmUiLFsidXNlck5hbWUiXT0iYmlvaW5mby10b29scyIsfSx9LG1wYXRoQT17Ii9zdy9tZi9zbm93eS9iaW9pbmZvLXRvb2xzL2Fubm90YXRpb24iLCIvc3cvbWYvc25vd3kvYmlvaW5mby10b29scy9hbGlnbm1lbnQiLCIvc3cv
++ export _ModuleTable001_
++ _ModuleTable002_=bWYvc25vd3kvYmlvaW5mby10b29scy9hc3NlbWJseSIsIi9zdy9tZi9zbm93eS9iaW9pbmZvLXRvb2xzL21pc2MiLCIvc3cvbWYvc25vd3kvYmlvaW5mby10b29scy9waHlsb2dlbnkiLCIvc3cvbWYvc25vd3kvYmlvaW5mby10b29scy9waXBlbGluZXMiLCIvc3cvbWYvc25vd3kvYmlvaW5mby10b29scy9zd19jb2xsZWN0aW9ucyIsIi9zdy9tZi9zbm93eS9hcHBsaWNhdGlvbnMiLCIvc3cvbWYvc25vd3kvYnVpbGQtdG9vbHMiLCIvc3cvbWYvc25vd3kvY29tcGlsZXJzIiwiL3N3L21mL3Nub3d5L2RhdGEiLCIvc3cvbWYvc25vd3kvZW52aXJvbm1lbnQiLCIvc3cvbWYvc25vd3kvbGlicmFyaWVzIiwiL3N3L21mL3Nub3d5L3BhcmFsbGVsIix9LFsic3lzdGVtQmFzZU1QQVRI
++ export _ModuleTable002_
++ _ModuleTable003_=Il09Ii9zdy9tZi9zbm93eS9hcHBsaWNhdGlvbnM6L3N3L21mL3Nub3d5L2J1aWxkLXRvb2xzOi9zdy9tZi9zbm93eS9jb21waWxlcnM6L3N3L21mL3Nub3d5L2RhdGE6L3N3L21mL3Nub3d5L2Vudmlyb25tZW50Oi9zdy9tZi9zbm93eS9saWJyYXJpZXM6L3N3L21mL3Nub3d5L3BhcmFsbGVsIix9
++ export _ModuleTable003_
++ _ModuleTable_Sz_=3
++ export _ModuleTable_Sz_
++ : -s sh
+ eval
+ module load bwa
++ /usr/share/lmod/lmod/libexec/lmod bash load bwa
+ eval '__LMOD_REF_COUNT_LOADEDMODULES=uppmax:2\;bioinfo-tools:1\;bwa/0.7.17:1;' export '__LMOD_REF_COUNT_LOADEDMODULES;' 'LOADEDMODULES=uppmax:bioinfo-tools:bwa/0.7.17;' export 'LOADEDMODULES;' '__LMOD_REF_COUNT_MANPATH=/usr/share/man:2\;/sw/uppmax/man:2\;/opt/thinlinc/share/man:2\;/sw/bioinfo/bwa/0.7.17/snowy/man:1;' export '__LMOD_REF_COUNT_MANPATH;' 'MANPATH=/usr/share/man:/sw/uppmax/man:/opt/thinlinc/share/man:/sw/bioinfo/bwa/0.7.17/snowy/man;' export 'MANPATH;' 'MODULEPATH=/sw/mf/snowy/bioinfo-tools/annotation:/sw/mf/snowy/bioinfo-tools/alignment:/sw/mf/snowy/bioinfo-tools/assembly:/sw/mf/snowy/bioinfo-tools/misc:/sw/mf/snowy/bioinfo-tools/phylogeny:/sw/mf/snowy/bioinfo-tools/pipelines:/sw/mf/snowy/bioinfo-tools/sw_collections:/sw/mf/snowy/applications:/sw/mf/snowy/build-tools:/sw/mf/snowy/compilers:/sw/mf/snowy/data:/sw/mf/snowy/environment:/sw/mf/snowy/libraries:/sw/mf/snowy/parallel;' export 'MODULEPATH;' '__LMOD_REF_COUNT_PATH=/sw/bioinfo/bwa/0.7.17/snowy/bin:1\;/home/kvenk811/bin:2\;/usr/local/bin:1\;/usr/bin:1\;/usr/local/sbin:1\;/usr/sbin:1\;/sw/uppmax/bin:2;' export '__LMOD_REF_COUNT_PATH;' 'PATH=/sw/bioinfo/bwa/0.7.17/snowy/bin:/home/kvenk811/bin:/usr/local/bin:/usr/bin:/usr/local/sbin:/usr/sbin:/sw/uppmax/bin;' export 'PATH;' '__LMOD_REF_COUNT__LMFILES_=/sw/mf/snowy/environment/bioinfo-tools:1\;/sw/mf/snowy/bioinfo-tools/alignment/bwa/0.7.17:1;' export '__LMOD_REF_COUNT__LMFILES_;' '_LMFILES_=/sw/mf/snowy/environment/bioinfo-tools:/sw/mf/snowy/bioinfo-tools/alignment/bwa/0.7.17;' export '_LMFILES_;' '_ModuleTable001_=X01vZHVsZVRhYmxlXz17WyJNVHZlcnNpb24iXT0zLFsiY19yZWJ1aWxkVGltZSJdPWZhbHNlLFsiY19zaG9ydFRpbWUiXT1mYWxzZSxkZXB0aFQ9e30sZmFtaWx5PXt9LG1UPXtbImJpb2luZm8tdG9vbHMiXT17WyJmbiJdPSIvc3cvbWYvc25vd3kvZW52aXJvbm1lbnQvYmlvaW5mby10b29scyIsWyJmdWxsTmFtZSJdPSJiaW9pbmZvLXRvb2xzIixbImxvYWRPcmRlciJdPTEscHJvcFQ9e30sWyJzdGFja0RlcHRoIl09MCxbInN0YXR1cyJdPSJhY3RpdmUiLFsidXNlck5hbWUiXT0iYmlvaW5mby10b29scyIsfSxid2E9e1siZm4iXT0iL3N3L21mL3Nub3d5L2Jpb2luZm8tdG9vbHMvYWxpZ25tZW50L2J3YS8wLjcuMTciLFsiZnVsbE5hbWUiXT0iYndhLzAuNy4xNyIsWyJsb2Fk;' export '_ModuleTable001_;' '_ModuleTable002_=T3JkZXIiXT0yLHByb3BUPXt9LFsic3RhY2tEZXB0aCJdPTAsWyJzdGF0dXMiXT0iYWN0aXZlIixbInVzZXJOYW1lIl09ImJ3YSIsfSx9LG1wYXRoQT17Ii9zdy9tZi9zbm93eS9iaW9pbmZvLXRvb2xzL2Fubm90YXRpb24iLCIvc3cvbWYvc25vd3kvYmlvaW5mby10b29scy9hbGlnbm1lbnQiLCIvc3cvbWYvc25vd3kvYmlvaW5mby10b29scy9hc3NlbWJseSIsIi9zdy9tZi9zbm93eS9iaW9pbmZvLXRvb2xzL21pc2MiLCIvc3cvbWYvc25vd3kvYmlvaW5mby10b29scy9waHlsb2dlbnkiLCIvc3cvbWYvc25vd3kvYmlvaW5mby10b29scy9waXBlbGluZXMiLCIvc3cvbWYvc25vd3kvYmlvaW5mby10b29scy9zd19jb2xsZWN0aW9ucyIsIi9zdy9tZi9zbm93eS9hcHBsaWNhdGlv;' export '_ModuleTable002_;' '_ModuleTable003_=bnMiLCIvc3cvbWYvc25vd3kvYnVpbGQtdG9vbHMiLCIvc3cvbWYvc25vd3kvY29tcGlsZXJzIiwiL3N3L21mL3Nub3d5L2RhdGEiLCIvc3cvbWYvc25vd3kvZW52aXJvbm1lbnQiLCIvc3cvbWYvc25vd3kvbGlicmFyaWVzIiwiL3N3L21mL3Nub3d5L3BhcmFsbGVsIix9LFsic3lzdGVtQmFzZU1QQVRIIl09Ii9zdy9tZi9zbm93eS9hcHBsaWNhdGlvbnM6L3N3L21mL3Nub3d5L2J1aWxkLXRvb2xzOi9zdy9tZi9zbm93eS9jb21waWxlcnM6L3N3L21mL3Nub3d5L2RhdGE6L3N3L21mL3Nub3d5L2Vudmlyb25tZW50Oi9zdy9tZi9zbm93eS9saWJyYXJpZXM6L3N3L21mL3Nub3d5L3BhcmFsbGVsIix9;' export '_ModuleTable003_;' '_ModuleTable_Sz_=3;' export '_ModuleTable_Sz_;'
++ __LMOD_REF_COUNT_LOADEDMODULES='uppmax:2;bioinfo-tools:1;bwa/0.7.17:1'
++ export __LMOD_REF_COUNT_LOADEDMODULES
++ LOADEDMODULES=uppmax:bioinfo-tools:bwa/0.7.17
++ export LOADEDMODULES
++ __LMOD_REF_COUNT_MANPATH='/usr/share/man:2;/sw/uppmax/man:2;/opt/thinlinc/share/man:2;/sw/bioinfo/bwa/0.7.17/snowy/man:1'
++ export __LMOD_REF_COUNT_MANPATH
++ MANPATH=/usr/share/man:/sw/uppmax/man:/opt/thinlinc/share/man:/sw/bioinfo/bwa/0.7.17/snowy/man
++ export MANPATH
++ MODULEPATH=/sw/mf/snowy/bioinfo-tools/annotation:/sw/mf/snowy/bioinfo-tools/alignment:/sw/mf/snowy/bioinfo-tools/assembly:/sw/mf/snowy/bioinfo-tools/misc:/sw/mf/snowy/bioinfo-tools/phylogeny:/sw/mf/snowy/bioinfo-tools/pipelines:/sw/mf/snowy/bioinfo-tools/sw_collections:/sw/mf/snowy/applications:/sw/mf/snowy/build-tools:/sw/mf/snowy/compilers:/sw/mf/snowy/data:/sw/mf/snowy/environment:/sw/mf/snowy/libraries:/sw/mf/snowy/parallel
++ export MODULEPATH
++ __LMOD_REF_COUNT_PATH='/sw/bioinfo/bwa/0.7.17/snowy/bin:1;/home/kvenk811/bin:2;/usr/local/bin:1;/usr/bin:1;/usr/local/sbin:1;/usr/sbin:1;/sw/uppmax/bin:2'
++ export __LMOD_REF_COUNT_PATH
++ PATH=/sw/bioinfo/bwa/0.7.17/snowy/bin:/home/kvenk811/bin:/usr/local/bin:/usr/bin:/usr/local/sbin:/usr/sbin:/sw/uppmax/bin
++ export PATH
++ __LMOD_REF_COUNT__LMFILES_='/sw/mf/snowy/environment/bioinfo-tools:1;/sw/mf/snowy/bioinfo-tools/alignment/bwa/0.7.17:1'
++ export __LMOD_REF_COUNT__LMFILES_
++ _LMFILES_=/sw/mf/snowy/environment/bioinfo-tools:/sw/mf/snowy/bioinfo-tools/alignment/bwa/0.7.17
++ export _LMFILES_
++ _ModuleTable001_=X01vZHVsZVRhYmxlXz17WyJNVHZlcnNpb24iXT0zLFsiY19yZWJ1aWxkVGltZSJdPWZhbHNlLFsiY19zaG9ydFRpbWUiXT1mYWxzZSxkZXB0aFQ9e30sZmFtaWx5PXt9LG1UPXtbImJpb2luZm8tdG9vbHMiXT17WyJmbiJdPSIvc3cvbWYvc25vd3kvZW52aXJvbm1lbnQvYmlvaW5mby10b29scyIsWyJmdWxsTmFtZSJdPSJiaW9pbmZvLXRvb2xzIixbImxvYWRPcmRlciJdPTEscHJvcFQ9e30sWyJzdGFja0RlcHRoIl09MCxbInN0YXR1cyJdPSJhY3RpdmUiLFsidXNlck5hbWUiXT0iYmlvaW5mby10b29scyIsfSxid2E9e1siZm4iXT0iL3N3L21mL3Nub3d5L2Jpb2luZm8tdG9vbHMvYWxpZ25tZW50L2J3YS8wLjcuMTciLFsiZnVsbE5hbWUiXT0iYndhLzAuNy4xNyIsWyJsb2Fk
++ export _ModuleTable001_
++ _ModuleTable002_=T3JkZXIiXT0yLHByb3BUPXt9LFsic3RhY2tEZXB0aCJdPTAsWyJzdGF0dXMiXT0iYWN0aXZlIixbInVzZXJOYW1lIl09ImJ3YSIsfSx9LG1wYXRoQT17Ii9zdy9tZi9zbm93eS9iaW9pbmZvLXRvb2xzL2Fubm90YXRpb24iLCIvc3cvbWYvc25vd3kvYmlvaW5mby10b29scy9hbGlnbm1lbnQiLCIvc3cvbWYvc25vd3kvYmlvaW5mby10b29scy9hc3NlbWJseSIsIi9zdy9tZi9zbm93eS9iaW9pbmZvLXRvb2xzL21pc2MiLCIvc3cvbWYvc25vd3kvYmlvaW5mby10b29scy9waHlsb2dlbnkiLCIvc3cvbWYvc25vd3kvYmlvaW5mby10b29scy9waXBlbGluZXMiLCIvc3cvbWYvc25vd3kvYmlvaW5mby10b29scy9zd19jb2xsZWN0aW9ucyIsIi9zdy9tZi9zbm93eS9hcHBsaWNhdGlv
++ export _ModuleTable002_
++ _ModuleTable003_=bnMiLCIvc3cvbWYvc25vd3kvYnVpbGQtdG9vbHMiLCIvc3cvbWYvc25vd3kvY29tcGlsZXJzIiwiL3N3L21mL3Nub3d5L2RhdGEiLCIvc3cvbWYvc25vd3kvZW52aXJvbm1lbnQiLCIvc3cvbWYvc25vd3kvbGlicmFyaWVzIiwiL3N3L21mL3Nub3d5L3BhcmFsbGVsIix9LFsic3lzdGVtQmFzZU1QQVRIIl09Ii9zdy9tZi9zbm93eS9hcHBsaWNhdGlvbnM6L3N3L21mL3Nub3d5L2J1aWxkLXRvb2xzOi9zdy9tZi9zbm93eS9jb21waWxlcnM6L3N3L21mL3Nub3d5L2RhdGE6L3N3L21mL3Nub3d5L2Vudmlyb25tZW50Oi9zdy9tZi9zbm93eS9saWJyYXJpZXM6L3N3L21mL3Nub3d5L3BhcmFsbGVsIix9
++ export _ModuleTable003_
++ _ModuleTable_Sz_=3
++ export _ModuleTable_Sz_
++ : -s sh
+ eval
+ module load samtools
++ /usr/share/lmod/lmod/libexec/lmod bash load samtools
+ eval '__LMOD_REF_COUNT_LOADEDMODULES=uppmax:2\;bioinfo-tools:1\;bwa/0.7.17:1\;samtools/1.14:1;' export '__LMOD_REF_COUNT_LOADEDMODULES;' 'LOADEDMODULES=uppmax:bioinfo-tools:bwa/0.7.17:samtools/1.14;' export 'LOADEDMODULES;' '__LMOD_REF_COUNT_MANPATH=/sw/bioinfo/samtools/1.14/snowy/share/man:1\;/usr/share/man:2\;/sw/uppmax/man:2\;/opt/thinlinc/share/man:2\;/sw/bioinfo/bwa/0.7.17/snowy/man:1;' export '__LMOD_REF_COUNT_MANPATH;' 'MANPATH=/sw/bioinfo/samtools/1.14/snowy/share/man:/usr/share/man:/sw/uppmax/man:/opt/thinlinc/share/man:/sw/bioinfo/bwa/0.7.17/snowy/man;' export 'MANPATH;' 'MODULEPATH=/sw/mf/snowy/bioinfo-tools/annotation:/sw/mf/snowy/bioinfo-tools/alignment:/sw/mf/snowy/bioinfo-tools/assembly:/sw/mf/snowy/bioinfo-tools/misc:/sw/mf/snowy/bioinfo-tools/phylogeny:/sw/mf/snowy/bioinfo-tools/pipelines:/sw/mf/snowy/bioinfo-tools/sw_collections:/sw/mf/snowy/applications:/sw/mf/snowy/build-tools:/sw/mf/snowy/compilers:/sw/mf/snowy/data:/sw/mf/snowy/environment:/sw/mf/snowy/libraries:/sw/mf/snowy/parallel;' export 'MODULEPATH;' '__LMOD_REF_COUNT_PATH=/sw/bioinfo/samtools/1.14/snowy/bin:1\;/sw/bioinfo/bwa/0.7.17/snowy/bin:1\;/home/kvenk811/bin:2\;/usr/local/bin:1\;/usr/bin:1\;/usr/local/sbin:1\;/usr/sbin:1\;/sw/uppmax/bin:2;' export '__LMOD_REF_COUNT_PATH;' 'PATH=/sw/bioinfo/samtools/1.14/snowy/bin:/sw/bioinfo/bwa/0.7.17/snowy/bin:/home/kvenk811/bin:/usr/local/bin:/usr/bin:/usr/local/sbin:/usr/sbin:/sw/uppmax/bin;' export 'PATH;' 'SAMTOOLS_ROOT=/sw/bioinfo/samtools/1.14/snowy;' export 'SAMTOOLS_ROOT;' '__LMOD_REF_COUNT__LMFILES_=/sw/mf/snowy/environment/bioinfo-tools:1\;/sw/mf/snowy/bioinfo-tools/alignment/bwa/0.7.17:1\;/sw/mf/snowy/bioinfo-tools/misc/samtools/1.14:1;' export '__LMOD_REF_COUNT__LMFILES_;' '_LMFILES_=/sw/mf/snowy/environment/bioinfo-tools:/sw/mf/snowy/bioinfo-tools/alignment/bwa/0.7.17:/sw/mf/snowy/bioinfo-tools/misc/samtools/1.14;' export '_LMFILES_;' '_ModuleTable001_=X01vZHVsZVRhYmxlXz17WyJNVHZlcnNpb24iXT0zLFsiY19yZWJ1aWxkVGltZSJdPWZhbHNlLFsiY19zaG9ydFRpbWUiXT1mYWxzZSxkZXB0aFQ9e30sZmFtaWx5PXt9LG1UPXtbImJpb2luZm8tdG9vbHMiXT17WyJmbiJdPSIvc3cvbWYvc25vd3kvZW52aXJvbm1lbnQvYmlvaW5mby10b29scyIsWyJmdWxsTmFtZSJdPSJiaW9pbmZvLXRvb2xzIixbImxvYWRPcmRlciJdPTEscHJvcFQ9e30sWyJzdGFja0RlcHRoIl09MCxbInN0YXR1cyJdPSJhY3RpdmUiLFsidXNlck5hbWUiXT0iYmlvaW5mby10b29scyIsfSxid2E9e1siZm4iXT0iL3N3L21mL3Nub3d5L2Jpb2luZm8tdG9vbHMvYWxpZ25tZW50L2J3YS8wLjcuMTciLFsiZnVsbE5hbWUiXT0iYndhLzAuNy4xNyIsWyJsb2Fk;' export '_ModuleTable001_;' '_ModuleTable002_=T3JkZXIiXT0yLHByb3BUPXt9LFsic3RhY2tEZXB0aCJdPTAsWyJzdGF0dXMiXT0iYWN0aXZlIixbInVzZXJOYW1lIl09ImJ3YSIsfSxzYW10b29scz17WyJmbiJdPSIvc3cvbWYvc25vd3kvYmlvaW5mby10b29scy9taXNjL3NhbXRvb2xzLzEuMTQiLFsiZnVsbE5hbWUiXT0ic2FtdG9vbHMvMS4xNCIsWyJsb2FkT3JkZXIiXT0zLHByb3BUPXt9LFsic3RhY2tEZXB0aCJdPTAsWyJzdGF0dXMiXT0iYWN0aXZlIixbInVzZXJOYW1lIl09InNhbXRvb2xzIix9LH0sbXBhdGhBPXsiL3N3L21mL3Nub3d5L2Jpb2luZm8tdG9vbHMvYW5ub3RhdGlvbiIsIi9zdy9tZi9zbm93eS9iaW9pbmZvLXRvb2xzL2FsaWdubWVudCIsIi9zdy9tZi9zbm93eS9iaW9pbmZvLXRvb2xzL2Fzc2VtYmx5;' export '_ModuleTable002_;' '_ModuleTable003_=IiwiL3N3L21mL3Nub3d5L2Jpb2luZm8tdG9vbHMvbWlzYyIsIi9zdy9tZi9zbm93eS9iaW9pbmZvLXRvb2xzL3BoeWxvZ2VueSIsIi9zdy9tZi9zbm93eS9iaW9pbmZvLXRvb2xzL3BpcGVsaW5lcyIsIi9zdy9tZi9zbm93eS9iaW9pbmZvLXRvb2xzL3N3X2NvbGxlY3Rpb25zIiwiL3N3L21mL3Nub3d5L2FwcGxpY2F0aW9ucyIsIi9zdy9tZi9zbm93eS9idWlsZC10b29scyIsIi9zdy9tZi9zbm93eS9jb21waWxlcnMiLCIvc3cvbWYvc25vd3kvZGF0YSIsIi9zdy9tZi9zbm93eS9lbnZpcm9ubWVudCIsIi9zdy9tZi9zbm93eS9saWJyYXJpZXMiLCIvc3cvbWYvc25vd3kvcGFyYWxsZWwiLH0sWyJzeXN0ZW1CYXNlTVBBVEgiXT0iL3N3L21mL3Nub3d5L2FwcGxpY2F0aW9uczov;' export '_ModuleTable003_;' '_ModuleTable004_=c3cvbWYvc25vd3kvYnVpbGQtdG9vbHM6L3N3L21mL3Nub3d5L2NvbXBpbGVyczovc3cvbWYvc25vd3kvZGF0YTovc3cvbWYvc25vd3kvZW52aXJvbm1lbnQ6L3N3L21mL3Nub3d5L2xpYnJhcmllczovc3cvbWYvc25vd3kvcGFyYWxsZWwiLH0=;' export '_ModuleTable004_;' '_ModuleTable_Sz_=4;' export '_ModuleTable_Sz_;'
++ __LMOD_REF_COUNT_LOADEDMODULES='uppmax:2;bioinfo-tools:1;bwa/0.7.17:1;samtools/1.14:1'
++ export __LMOD_REF_COUNT_LOADEDMODULES
++ LOADEDMODULES=uppmax:bioinfo-tools:bwa/0.7.17:samtools/1.14
++ export LOADEDMODULES
++ __LMOD_REF_COUNT_MANPATH='/sw/bioinfo/samtools/1.14/snowy/share/man:1;/usr/share/man:2;/sw/uppmax/man:2;/opt/thinlinc/share/man:2;/sw/bioinfo/bwa/0.7.17/snowy/man:1'
++ export __LMOD_REF_COUNT_MANPATH
++ MANPATH=/sw/bioinfo/samtools/1.14/snowy/share/man:/usr/share/man:/sw/uppmax/man:/opt/thinlinc/share/man:/sw/bioinfo/bwa/0.7.17/snowy/man
++ export MANPATH
++ MODULEPATH=/sw/mf/snowy/bioinfo-tools/annotation:/sw/mf/snowy/bioinfo-tools/alignment:/sw/mf/snowy/bioinfo-tools/assembly:/sw/mf/snowy/bioinfo-tools/misc:/sw/mf/snowy/bioinfo-tools/phylogeny:/sw/mf/snowy/bioinfo-tools/pipelines:/sw/mf/snowy/bioinfo-tools/sw_collections:/sw/mf/snowy/applications:/sw/mf/snowy/build-tools:/sw/mf/snowy/compilers:/sw/mf/snowy/data:/sw/mf/snowy/environment:/sw/mf/snowy/libraries:/sw/mf/snowy/parallel
++ export MODULEPATH
++ __LMOD_REF_COUNT_PATH='/sw/bioinfo/samtools/1.14/snowy/bin:1;/sw/bioinfo/bwa/0.7.17/snowy/bin:1;/home/kvenk811/bin:2;/usr/local/bin:1;/usr/bin:1;/usr/local/sbin:1;/usr/sbin:1;/sw/uppmax/bin:2'
++ export __LMOD_REF_COUNT_PATH
++ PATH=/sw/bioinfo/samtools/1.14/snowy/bin:/sw/bioinfo/bwa/0.7.17/snowy/bin:/home/kvenk811/bin:/usr/local/bin:/usr/bin:/usr/local/sbin:/usr/sbin:/sw/uppmax/bin
++ export PATH
++ SAMTOOLS_ROOT=/sw/bioinfo/samtools/1.14/snowy
++ export SAMTOOLS_ROOT
++ __LMOD_REF_COUNT__LMFILES_='/sw/mf/snowy/environment/bioinfo-tools:1;/sw/mf/snowy/bioinfo-tools/alignment/bwa/0.7.17:1;/sw/mf/snowy/bioinfo-tools/misc/samtools/1.14:1'
++ export __LMOD_REF_COUNT__LMFILES_
++ _LMFILES_=/sw/mf/snowy/environment/bioinfo-tools:/sw/mf/snowy/bioinfo-tools/alignment/bwa/0.7.17:/sw/mf/snowy/bioinfo-tools/misc/samtools/1.14
++ export _LMFILES_
++ _ModuleTable001_=X01vZHVsZVRhYmxlXz17WyJNVHZlcnNpb24iXT0zLFsiY19yZWJ1aWxkVGltZSJdPWZhbHNlLFsiY19zaG9ydFRpbWUiXT1mYWxzZSxkZXB0aFQ9e30sZmFtaWx5PXt9LG1UPXtbImJpb2luZm8tdG9vbHMiXT17WyJmbiJdPSIvc3cvbWYvc25vd3kvZW52aXJvbm1lbnQvYmlvaW5mby10b29scyIsWyJmdWxsTmFtZSJdPSJiaW9pbmZvLXRvb2xzIixbImxvYWRPcmRlciJdPTEscHJvcFQ9e30sWyJzdGFja0RlcHRoIl09MCxbInN0YXR1cyJdPSJhY3RpdmUiLFsidXNlck5hbWUiXT0iYmlvaW5mby10b29scyIsfSxid2E9e1siZm4iXT0iL3N3L21mL3Nub3d5L2Jpb2luZm8tdG9vbHMvYWxpZ25tZW50L2J3YS8wLjcuMTciLFsiZnVsbE5hbWUiXT0iYndhLzAuNy4xNyIsWyJsb2Fk
++ export _ModuleTable001_
++ _ModuleTable002_=T3JkZXIiXT0yLHByb3BUPXt9LFsic3RhY2tEZXB0aCJdPTAsWyJzdGF0dXMiXT0iYWN0aXZlIixbInVzZXJOYW1lIl09ImJ3YSIsfSxzYW10b29scz17WyJmbiJdPSIvc3cvbWYvc25vd3kvYmlvaW5mby10b29scy9taXNjL3NhbXRvb2xzLzEuMTQiLFsiZnVsbE5hbWUiXT0ic2FtdG9vbHMvMS4xNCIsWyJsb2FkT3JkZXIiXT0zLHByb3BUPXt9LFsic3RhY2tEZXB0aCJdPTAsWyJzdGF0dXMiXT0iYWN0aXZlIixbInVzZXJOYW1lIl09InNhbXRvb2xzIix9LH0sbXBhdGhBPXsiL3N3L21mL3Nub3d5L2Jpb2luZm8tdG9vbHMvYW5ub3RhdGlvbiIsIi9zdy9tZi9zbm93eS9iaW9pbmZvLXRvb2xzL2FsaWdubWVudCIsIi9zdy9tZi9zbm93eS9iaW9pbmZvLXRvb2xzL2Fzc2VtYmx5
++ export _ModuleTable002_
++ _ModuleTable003_=IiwiL3N3L21mL3Nub3d5L2Jpb2luZm8tdG9vbHMvbWlzYyIsIi9zdy9tZi9zbm93eS9iaW9pbmZvLXRvb2xzL3BoeWxvZ2VueSIsIi9zdy9tZi9zbm93eS9iaW9pbmZvLXRvb2xzL3BpcGVsaW5lcyIsIi9zdy9tZi9zbm93eS9iaW9pbmZvLXRvb2xzL3N3X2NvbGxlY3Rpb25zIiwiL3N3L21mL3Nub3d5L2FwcGxpY2F0aW9ucyIsIi9zdy9tZi9zbm93eS9idWlsZC10b29scyIsIi9zdy9tZi9zbm93eS9jb21waWxlcnMiLCIvc3cvbWYvc25vd3kvZGF0YSIsIi9zdy9tZi9zbm93eS9lbnZpcm9ubWVudCIsIi9zdy9tZi9zbm93eS9saWJyYXJpZXMiLCIvc3cvbWYvc25vd3kvcGFyYWxsZWwiLH0sWyJzeXN0ZW1CYXNlTVBBVEgiXT0iL3N3L21mL3Nub3d5L2FwcGxpY2F0aW9uczov
++ export _ModuleTable003_
++ _ModuleTable004_=c3cvbWYvc25vd3kvYnVpbGQtdG9vbHM6L3N3L21mL3Nub3d5L2NvbXBpbGVyczovc3cvbWYvc25vd3kvZGF0YTovc3cvbWYvc25vd3kvZW52aXJvbm1lbnQ6L3N3L21mL3Nub3d5L2xpYnJhcmllczovc3cvbWYvc25vd3kvcGFyYWxsZWwiLH0=
++ export _ModuleTable004_
++ _ModuleTable_Sz_=4
++ export _ModuleTable_Sz_
++ : -s sh
+ eval
+ seqdir1=/proj/genomeanalysis2022/nobackup/work/kvenk811/Metabat_binning_before_bwa
+ outdir=/proj/genomeanalysis2022/nobackup/work/kvenk811/bwa_conc_rna_map
+ source=/home/kvenk811/Genome_Analysis_1MB462/Data/RNA_trimmed_files
+ cd /proj/genomeanalysis2022/nobackup/work/kvenk811/Metabat_binning_before_bwa/D1_metabat_output
+ for fa in '*.fa'
+ bwa index D1_metabat_output.10.fa
+ bwa mem -t 4 D1_metabat_output.10.fa /home/kvenk811/Genome_Analysis_1MB462/Data/RNA_trimmed_files/RNA_trim_37.left_paired.trimmed.fastq.gz /home/kvenk811/Genome_Analysis_1MB462/Data/RNA_trimmed_files/RNA_trim_37.right_paired.trimmed.fastq.gz
+ samtools sort -@ 2 -o D1_metabat_output.10.fa_sort.bam -
[M::bwa_idx_load_from_disk] read 0 ALT contigs
[E::main_mem] fail to open file `/home/kvenk811/Genome_Analysis_1MB462/Data/RNA_trimmed_files/RNA_trim_37.left_paired.trimmed.fastq.gz'.
samtools sort: failed to read header from "-"
+ for fa in '*.fa'
+ bwa index D1_metabat_output.11.fa
+ bwa mem -t 4 D1_metabat_output.11.fa /home/kvenk811/Genome_Analysis_1MB462/Data/RNA_trimmed_files/RNA_trim_37.left_paired.trimmed.fastq.gz /home/kvenk811/Genome_Analysis_1MB462/Data/RNA_trimmed_files/RNA_trim_37.right_paired.trimmed.fastq.gz
+ samtools sort -@ 2 -o D1_metabat_output.11.fa_sort.bam -
[M::bwa_idx_load_from_disk] read 0 ALT contigs
[E::main_mem] fail to open file `/home/kvenk811/Genome_Analysis_1MB462/Data/RNA_trimmed_files/RNA_trim_37.left_paired.trimmed.fastq.gz'.
samtools sort: failed to read header from "-"
+ for fa in '*.fa'
+ bwa index D1_metabat_output.12.fa
+ bwa mem -t 4 D1_metabat_output.12.fa /home/kvenk811/Genome_Analysis_1MB462/Data/RNA_trimmed_files/RNA_trim_37.left_paired.trimmed.fastq.gz /home/kvenk811/Genome_Analysis_1MB462/Data/RNA_trimmed_files/RNA_trim_37.right_paired.trimmed.fastq.gz
+ samtools sort -@ 2 -o D1_metabat_output.12.fa_sort.bam -
[M::bwa_idx_load_from_disk] read 0 ALT contigs
[E::main_mem] fail to open file `/home/kvenk811/Genome_Analysis_1MB462/Data/RNA_trimmed_files/RNA_trim_37.left_paired.trimmed.fastq.gz'.
samtools sort: failed to read header from "-"
+ for fa in '*.fa'
+ bwa index D1_metabat_output.1.fa
+ bwa mem -t 4 D1_metabat_output.1.fa /home/kvenk811/Genome_Analysis_1MB462/Data/RNA_trimmed_files/RNA_trim_37.left_paired.trimmed.fastq.gz /home/kvenk811/Genome_Analysis_1MB462/Data/RNA_trimmed_files/RNA_trim_37.right_paired.trimmed.fastq.gz
+ samtools sort -@ 2 -o D1_metabat_output.1.fa_sort.bam -
[M::bwa_idx_load_from_disk] read 0 ALT contigs
[E::main_mem] fail to open file `/home/kvenk811/Genome_Analysis_1MB462/Data/RNA_trimmed_files/RNA_trim_37.left_paired.trimmed.fastq.gz'.
samtools sort: failed to read header from "-"
+ for fa in '*.fa'
+ bwa index D1_metabat_output.2.fa
+ bwa mem -t 4 D1_metabat_output.2.fa /home/kvenk811/Genome_Analysis_1MB462/Data/RNA_trimmed_files/RNA_trim_37.left_paired.trimmed.fastq.gz /home/kvenk811/Genome_Analysis_1MB462/Data/RNA_trimmed_files/RNA_trim_37.right_paired.trimmed.fastq.gz
+ samtools sort -@ 2 -o D1_metabat_output.2.fa_sort.bam -
[M::bwa_idx_load_from_disk] read 0 ALT contigs
[E::main_mem] fail to open file `/home/kvenk811/Genome_Analysis_1MB462/Data/RNA_trimmed_files/RNA_trim_37.left_paired.trimmed.fastq.gz'.
samtools sort: failed to read header from "-"
+ for fa in '*.fa'
+ bwa index D1_metabat_output.3.fa
+ bwa mem -t 4 D1_metabat_output.3.fa /home/kvenk811/Genome_Analysis_1MB462/Data/RNA_trimmed_files/RNA_trim_37.left_paired.trimmed.fastq.gz /home/kvenk811/Genome_Analysis_1MB462/Data/RNA_trimmed_files/RNA_trim_37.right_paired.trimmed.fastq.gz
+ samtools sort -@ 2 -o D1_metabat_output.3.fa_sort.bam -
[M::bwa_idx_load_from_disk] read 0 ALT contigs
[E::main_mem] fail to open file `/home/kvenk811/Genome_Analysis_1MB462/Data/RNA_trimmed_files/RNA_trim_37.left_paired.trimmed.fastq.gz'.
samtools sort: failed to read header from "-"
+ for fa in '*.fa'
+ bwa index D1_metabat_output.4.fa
+ bwa mem -t 4 D1_metabat_output.4.fa /home/kvenk811/Genome_Analysis_1MB462/Data/RNA_trimmed_files/RNA_trim_37.left_paired.trimmed.fastq.gz /home/kvenk811/Genome_Analysis_1MB462/Data/RNA_trimmed_files/RNA_trim_37.right_paired.trimmed.fastq.gz
+ samtools sort -@ 2 -o D1_metabat_output.4.fa_sort.bam -
[M::bwa_idx_load_from_disk] read 0 ALT contigs
[E::main_mem] fail to open file `/home/kvenk811/Genome_Analysis_1MB462/Data/RNA_trimmed_files/RNA_trim_37.left_paired.trimmed.fastq.gz'.
samtools sort: failed to read header from "-"
+ for fa in '*.fa'
+ bwa index D1_metabat_output.5.fa
+ bwa mem -t 4 D1_metabat_output.5.fa /home/kvenk811/Genome_Analysis_1MB462/Data/RNA_trimmed_files/RNA_trim_37.left_paired.trimmed.fastq.gz /home/kvenk811/Genome_Analysis_1MB462/Data/RNA_trimmed_files/RNA_trim_37.right_paired.trimmed.fastq.gz
+ samtools sort -@ 2 -o D1_metabat_output.5.fa_sort.bam -
[M::bwa_idx_load_from_disk] read 0 ALT contigs
[E::main_mem] fail to open file `/home/kvenk811/Genome_Analysis_1MB462/Data/RNA_trimmed_files/RNA_trim_37.left_paired.trimmed.fastq.gz'.
samtools sort: failed to read header from "-"
+ for fa in '*.fa'
+ bwa index D1_metabat_output.6.fa
+ bwa mem -t 4 D1_metabat_output.6.fa /home/kvenk811/Genome_Analysis_1MB462/Data/RNA_trimmed_files/RNA_trim_37.left_paired.trimmed.fastq.gz /home/kvenk811/Genome_Analysis_1MB462/Data/RNA_trimmed_files/RNA_trim_37.right_paired.trimmed.fastq.gz
+ samtools sort -@ 2 -o D1_metabat_output.6.fa_sort.bam -
[M::bwa_idx_load_from_disk] read 0 ALT contigs
[E::main_mem] fail to open file `/home/kvenk811/Genome_Analysis_1MB462/Data/RNA_trimmed_files/RNA_trim_37.left_paired.trimmed.fastq.gz'.
samtools sort: failed to read header from "-"
+ for fa in '*.fa'
+ bwa index D1_metabat_output.7.fa
+ bwa mem -t 4 D1_metabat_output.7.fa /home/kvenk811/Genome_Analysis_1MB462/Data/RNA_trimmed_files/RNA_trim_37.left_paired.trimmed.fastq.gz /home/kvenk811/Genome_Analysis_1MB462/Data/RNA_trimmed_files/RNA_trim_37.right_paired.trimmed.fastq.gz
+ samtools sort -@ 2 -o D1_metabat_output.7.fa_sort.bam -
[M::bwa_idx_load_from_disk] read 0 ALT contigs
[E::main_mem] fail to open file `/home/kvenk811/Genome_Analysis_1MB462/Data/RNA_trimmed_files/RNA_trim_37.left_paired.trimmed.fastq.gz'.
samtools sort: failed to read header from "-"
+ for fa in '*.fa'
+ bwa index D1_metabat_output.8.fa
+ bwa mem -t 4 D1_metabat_output.8.fa /home/kvenk811/Genome_Analysis_1MB462/Data/RNA_trimmed_files/RNA_trim_37.left_paired.trimmed.fastq.gz /home/kvenk811/Genome_Analysis_1MB462/Data/RNA_trimmed_files/RNA_trim_37.right_paired.trimmed.fastq.gz
+ samtools sort -@ 2 -o D1_metabat_output.8.fa_sort.bam -
[M::bwa_idx_load_from_disk] read 0 ALT contigs
[E::main_mem] fail to open file `/home/kvenk811/Genome_Analysis_1MB462/Data/RNA_trimmed_files/RNA_trim_37.left_paired.trimmed.fastq.gz'.
samtools sort: failed to read header from "-"
+ for fa in '*.fa'
+ bwa index D1_metabat_output.9.fa
+ bwa mem -t 4 D1_metabat_output.9.fa /home/kvenk811/Genome_Analysis_1MB462/Data/RNA_trimmed_files/RNA_trim_37.left_paired.trimmed.fastq.gz /home/kvenk811/Genome_Analysis_1MB462/Data/RNA_trimmed_files/RNA_trim_37.right_paired.trimmed.fastq.gz
+ samtools sort -@ 2 -o D1_metabat_output.9.fa_sort.bam -
[M::bwa_idx_load_from_disk] read 0 ALT contigs
[E::main_mem] fail to open file `/home/kvenk811/Genome_Analysis_1MB462/Data/RNA_trimmed_files/RNA_trim_37.left_paired.trimmed.fastq.gz'.
samtools sort: failed to read header from "-"
+ cd /proj/genomeanalysis2022/nobackup/work/kvenk811/Metabat_binning_before_bwa/D3_metabat_output
+ for faa in '*.fa'
+ bwa index D3_metabat_output.10.fa
+ bwa mem -t 4 D3_metabat_output.10.fa /home/kvenk811/Genome_Analysis_1MB462/Data/RNA_trimmed_files/RNA_trim_39.left_paired.trimmed.fastq.gz /home/kvenk811/Genome_Analysis_1MB462/Data/RNA_trimmed_files/RNA_trim_39.right_paired.trimmed.fastq.gz
+ samtools sort -@ -o D3_metabat_output.10.fa_sort.bam -
[bam_sort] Use -T PREFIX / -o FILE to specify temporary and final output files
Usage: samtools sort [options...] [in.bam]
Options:
  -l INT     Set compression level, from 0 (uncompressed) to 9 (best)
  -u         Output uncompressed data (equivalent to -l 0)
  -m INT     Set maximum memory per thread; suffix K/M/G recognized [768M]
  -M         Use minimiser for clustering unaligned/unplaced reads
  -K INT     Kmer size to use for minimiser [20]
  -n         Sort by read name (not compatible with samtools index command)
  -t TAG     Sort by value of TAG. Uses position as secondary index (or read name if -n is set)
  -o FILE    Write final output to FILE rather than standard output
  -T PREFIX  Write temporary files to PREFIX.nnnn.bam
  --no-PG    do not add a PG line
      --input-fmt-option OPT[=VAL]
               Specify a single input file format option in the form
               of OPTION or OPTION=VALUE
  -O, --output-fmt FORMAT[,OPT[=VAL]]...
               Specify output format (SAM, BAM, CRAM)
      --output-fmt-option OPT[=VAL]
               Specify a single output file format option in the form
               of OPTION or OPTION=VALUE
      --reference FILE
               Reference sequence FASTA FILE [null]
  -@, --threads INT
               Number of additional threads to use [0]
      --write-index
               Automatically index the output files [off]
      --verbosity INT
               Set level of verbosity
[M::bwa_idx_load_from_disk] read 0 ALT contigs
[E::main_mem] fail to open file `/home/kvenk811/Genome_Analysis_1MB462/Data/RNA_trimmed_files/RNA_trim_39.left_paired.trimmed.fastq.gz'.
+ for faa in '*.fa'
+ bwa index D3_metabat_output.11.fa
+ bwa mem -t 4 D3_metabat_output.11.fa /home/kvenk811/Genome_Analysis_1MB462/Data/RNA_trimmed_files/RNA_trim_39.left_paired.trimmed.fastq.gz /home/kvenk811/Genome_Analysis_1MB462/Data/RNA_trimmed_files/RNA_trim_39.right_paired.trimmed.fastq.gz
+ samtools sort -@ -o D3_metabat_output.11.fa_sort.bam -
[bam_sort] Use -T PREFIX / -o FILE to specify temporary and final output files
Usage: samtools sort [options...] [in.bam]
Options:
  -l INT     Set compression level, from 0 (uncompressed) to 9 (best)
  -u         Output uncompressed data (equivalent to -l 0)
  -m INT     Set maximum memory per thread; suffix K/M/G recognized [768M]
  -M         Use minimiser for clustering unaligned/unplaced reads
  -K INT     Kmer size to use for minimiser [20]
  -n         Sort by read name (not compatible with samtools index command)
  -t TAG     Sort by value of TAG. Uses position as secondary index (or read name if -n is set)
  -o FILE    Write final output to FILE rather than standard output
  -T PREFIX  Write temporary files to PREFIX.nnnn.bam
  --no-PG    do not add a PG line
      --input-fmt-option OPT[=VAL]
               Specify a single input file format option in the form
               of OPTION or OPTION=VALUE
  -O, --output-fmt FORMAT[,OPT[=VAL]]...
               Specify output format (SAM, BAM, CRAM)
      --output-fmt-option OPT[=VAL]
               Specify a single output file format option in the form
               of OPTION or OPTION=VALUE
      --reference FILE
               Reference sequence FASTA FILE [null]
  -@, --threads INT
               Number of additional threads to use [0]
      --write-index
               Automatically index the output files [off]
      --verbosity INT
               Set level of verbosity
[M::bwa_idx_load_from_disk] read 0 ALT contigs
[E::main_mem] fail to open file `/home/kvenk811/Genome_Analysis_1MB462/Data/RNA_trimmed_files/RNA_trim_39.left_paired.trimmed.fastq.gz'.
+ for faa in '*.fa'
+ bwa index D3_metabat_output.12.fa
+ bwa mem -t 4 D3_metabat_output.12.fa /home/kvenk811/Genome_Analysis_1MB462/Data/RNA_trimmed_files/RNA_trim_39.left_paired.trimmed.fastq.gz /home/kvenk811/Genome_Analysis_1MB462/Data/RNA_trimmed_files/RNA_trim_39.right_paired.trimmed.fastq.gz
+ samtools sort -@ -o D3_metabat_output.12.fa_sort.bam -
[bam_sort] Use -T PREFIX / -o FILE to specify temporary and final output files
Usage: samtools sort [options...] [in.bam]
Options:
  -l INT     Set compression level, from 0 (uncompressed) to 9 (best)
  -u         Output uncompressed data (equivalent to -l 0)
  -m INT     Set maximum memory per thread; suffix K/M/G recognized [768M]
  -M         Use minimiser for clustering unaligned/unplaced reads
  -K INT     Kmer size to use for minimiser [20]
  -n         Sort by read name (not compatible with samtools index command)
  -t TAG     Sort by value of TAG. Uses position as secondary index (or read name if -n is set)
  -o FILE    Write final output to FILE rather than standard output
  -T PREFIX  Write temporary files to PREFIX.nnnn.bam
  --no-PG    do not add a PG line
      --input-fmt-option OPT[=VAL]
               Specify a single input file format option in the form
               of OPTION or OPTION=VALUE
  -O, --output-fmt FORMAT[,OPT[=VAL]]...
               Specify output format (SAM, BAM, CRAM)
      --output-fmt-option OPT[=VAL]
               Specify a single output file format option in the form
               of OPTION or OPTION=VALUE
      --reference FILE
               Reference sequence FASTA FILE [null]
  -@, --threads INT
               Number of additional threads to use [0]
      --write-index
               Automatically index the output files [off]
      --verbosity INT
               Set level of verbosity
[M::bwa_idx_load_from_disk] read 0 ALT contigs
[E::main_mem] fail to open file `/home/kvenk811/Genome_Analysis_1MB462/Data/RNA_trimmed_files/RNA_trim_39.left_paired.trimmed.fastq.gz'.
+ for faa in '*.fa'
+ bwa index D3_metabat_output.13.fa
+ bwa mem -t 4 D3_metabat_output.13.fa /home/kvenk811/Genome_Analysis_1MB462/Data/RNA_trimmed_files/RNA_trim_39.left_paired.trimmed.fastq.gz /home/kvenk811/Genome_Analysis_1MB462/Data/RNA_trimmed_files/RNA_trim_39.right_paired.trimmed.fastq.gz
+ samtools sort -@ -o D3_metabat_output.13.fa_sort.bam -
[bam_sort] Use -T PREFIX / -o FILE to specify temporary and final output files
Usage: samtools sort [options...] [in.bam]
Options:
  -l INT     Set compression level, from 0 (uncompressed) to 9 (best)
  -u         Output uncompressed data (equivalent to -l 0)
  -m INT     Set maximum memory per thread; suffix K/M/G recognized [768M]
  -M         Use minimiser for clustering unaligned/unplaced reads
  -K INT     Kmer size to use for minimiser [20]
  -n         Sort by read name (not compatible with samtools index command)
  -t TAG     Sort by value of TAG. Uses position as secondary index (or read name if -n is set)
  -o FILE    Write final output to FILE rather than standard output
  -T PREFIX  Write temporary files to PREFIX.nnnn.bam
  --no-PG    do not add a PG line
      --input-fmt-option OPT[=VAL]
               Specify a single input file format option in the form
               of OPTION or OPTION=VALUE
  -O, --output-fmt FORMAT[,OPT[=VAL]]...
               Specify output format (SAM, BAM, CRAM)
      --output-fmt-option OPT[=VAL]
               Specify a single output file format option in the form
               of OPTION or OPTION=VALUE
      --reference FILE
               Reference sequence FASTA FILE [null]
  -@, --threads INT
               Number of additional threads to use [0]
      --write-index
               Automatically index the output files [off]
      --verbosity INT
               Set level of verbosity
[M::bwa_idx_load_from_disk] read 0 ALT contigs
[E::main_mem] fail to open file `/home/kvenk811/Genome_Analysis_1MB462/Data/RNA_trimmed_files/RNA_trim_39.left_paired.trimmed.fastq.gz'.
+ for faa in '*.fa'
+ bwa index D3_metabat_output.14.fa
+ bwa mem -t 4 D3_metabat_output.14.fa /home/kvenk811/Genome_Analysis_1MB462/Data/RNA_trimmed_files/RNA_trim_39.left_paired.trimmed.fastq.gz /home/kvenk811/Genome_Analysis_1MB462/Data/RNA_trimmed_files/RNA_trim_39.right_paired.trimmed.fastq.gz
+ samtools sort -@ -o D3_metabat_output.14.fa_sort.bam -
[bam_sort] Use -T PREFIX / -o FILE to specify temporary and final output files
Usage: samtools sort [options...] [in.bam]
Options:
  -l INT     Set compression level, from 0 (uncompressed) to 9 (best)
  -u         Output uncompressed data (equivalent to -l 0)
  -m INT     Set maximum memory per thread; suffix K/M/G recognized [768M]
  -M         Use minimiser for clustering unaligned/unplaced reads
  -K INT     Kmer size to use for minimiser [20]
  -n         Sort by read name (not compatible with samtools index command)
  -t TAG     Sort by value of TAG. Uses position as secondary index (or read name if -n is set)
  -o FILE    Write final output to FILE rather than standard output
  -T PREFIX  Write temporary files to PREFIX.nnnn.bam
  --no-PG    do not add a PG line
      --input-fmt-option OPT[=VAL]
               Specify a single input file format option in the form
               of OPTION or OPTION=VALUE
  -O, --output-fmt FORMAT[,OPT[=VAL]]...
               Specify output format (SAM, BAM, CRAM)
      --output-fmt-option OPT[=VAL]
               Specify a single output file format option in the form
               of OPTION or OPTION=VALUE
      --reference FILE
               Reference sequence FASTA FILE [null]
  -@, --threads INT
               Number of additional threads to use [0]
      --write-index
               Automatically index the output files [off]
      --verbosity INT
               Set level of verbosity
[M::bwa_idx_load_from_disk] read 0 ALT contigs
[E::main_mem] fail to open file `/home/kvenk811/Genome_Analysis_1MB462/Data/RNA_trimmed_files/RNA_trim_39.left_paired.trimmed.fastq.gz'.
+ for faa in '*.fa'
+ bwa index D3_metabat_output.15.fa
+ bwa mem -t 4 D3_metabat_output.15.fa /home/kvenk811/Genome_Analysis_1MB462/Data/RNA_trimmed_files/RNA_trim_39.left_paired.trimmed.fastq.gz /home/kvenk811/Genome_Analysis_1MB462/Data/RNA_trimmed_files/RNA_trim_39.right_paired.trimmed.fastq.gz
+ samtools sort -@ -o D3_metabat_output.15.fa_sort.bam -
[bam_sort] Use -T PREFIX / -o FILE to specify temporary and final output files
Usage: samtools sort [options...] [in.bam]
Options:
  -l INT     Set compression level, from 0 (uncompressed) to 9 (best)
  -u         Output uncompressed data (equivalent to -l 0)
  -m INT     Set maximum memory per thread; suffix K/M/G recognized [768M]
  -M         Use minimiser for clustering unaligned/unplaced reads
  -K INT     Kmer size to use for minimiser [20]
  -n         Sort by read name (not compatible with samtools index command)
  -t TAG     Sort by value of TAG. Uses position as secondary index (or read name if -n is set)
  -o FILE    Write final output to FILE rather than standard output
  -T PREFIX  Write temporary files to PREFIX.nnnn.bam
  --no-PG    do not add a PG line
      --input-fmt-option OPT[=VAL]
               Specify a single input file format option in the form
               of OPTION or OPTION=VALUE
  -O, --output-fmt FORMAT[,OPT[=VAL]]...
               Specify output format (SAM, BAM, CRAM)
      --output-fmt-option OPT[=VAL]
               Specify a single output file format option in the form
               of OPTION or OPTION=VALUE
      --reference FILE
               Reference sequence FASTA FILE [null]
  -@, --threads INT
               Number of additional threads to use [0]
      --write-index
               Automatically index the output files [off]
      --verbosity INT
               Set level of verbosity
[M::bwa_idx_load_from_disk] read 0 ALT contigs
[E::main_mem] fail to open file `/home/kvenk811/Genome_Analysis_1MB462/Data/RNA_trimmed_files/RNA_trim_39.left_paired.trimmed.fastq.gz'.
+ for faa in '*.fa'
+ bwa index D3_metabat_output.16.fa
+ bwa mem -t 4 D3_metabat_output.16.fa /home/kvenk811/Genome_Analysis_1MB462/Data/RNA_trimmed_files/RNA_trim_39.left_paired.trimmed.fastq.gz /home/kvenk811/Genome_Analysis_1MB462/Data/RNA_trimmed_files/RNA_trim_39.right_paired.trimmed.fastq.gz
+ samtools sort -@ -o D3_metabat_output.16.fa_sort.bam -
[bam_sort] Use -T PREFIX / -o FILE to specify temporary and final output files
Usage: samtools sort [options...] [in.bam]
Options:
  -l INT     Set compression level, from 0 (uncompressed) to 9 (best)
  -u         Output uncompressed data (equivalent to -l 0)
  -m INT     Set maximum memory per thread; suffix K/M/G recognized [768M]
  -M         Use minimiser for clustering unaligned/unplaced reads
  -K INT     Kmer size to use for minimiser [20]
  -n         Sort by read name (not compatible with samtools index command)
  -t TAG     Sort by value of TAG. Uses position as secondary index (or read name if -n is set)
  -o FILE    Write final output to FILE rather than standard output
  -T PREFIX  Write temporary files to PREFIX.nnnn.bam
  --no-PG    do not add a PG line
      --input-fmt-option OPT[=VAL]
               Specify a single input file format option in the form
               of OPTION or OPTION=VALUE
  -O, --output-fmt FORMAT[,OPT[=VAL]]...
               Specify output format (SAM, BAM, CRAM)
      --output-fmt-option OPT[=VAL]
               Specify a single output file format option in the form
               of OPTION or OPTION=VALUE
      --reference FILE
               Reference sequence FASTA FILE [null]
  -@, --threads INT
               Number of additional threads to use [0]
      --write-index
               Automatically index the output files [off]
      --verbosity INT
               Set level of verbosity
[M::bwa_idx_load_from_disk] read 0 ALT contigs
[E::main_mem] fail to open file `/home/kvenk811/Genome_Analysis_1MB462/Data/RNA_trimmed_files/RNA_trim_39.left_paired.trimmed.fastq.gz'.
+ for faa in '*.fa'
+ bwa index D3_metabat_output.17.fa
+ bwa mem -t 4 D3_metabat_output.17.fa /home/kvenk811/Genome_Analysis_1MB462/Data/RNA_trimmed_files/RNA_trim_39.left_paired.trimmed.fastq.gz /home/kvenk811/Genome_Analysis_1MB462/Data/RNA_trimmed_files/RNA_trim_39.right_paired.trimmed.fastq.gz
+ samtools sort -@ -o D3_metabat_output.17.fa_sort.bam -
[bam_sort] Use -T PREFIX / -o FILE to specify temporary and final output files
Usage: samtools sort [options...] [in.bam]
Options:
  -l INT     Set compression level, from 0 (uncompressed) to 9 (best)
  -u         Output uncompressed data (equivalent to -l 0)
  -m INT     Set maximum memory per thread; suffix K/M/G recognized [768M]
  -M         Use minimiser for clustering unaligned/unplaced reads
  -K INT     Kmer size to use for minimiser [20]
  -n         Sort by read name (not compatible with samtools index command)
  -t TAG     Sort by value of TAG. Uses position as secondary index (or read name if -n is set)
  -o FILE    Write final output to FILE rather than standard output
  -T PREFIX  Write temporary files to PREFIX.nnnn.bam
  --no-PG    do not add a PG line
      --input-fmt-option OPT[=VAL]
               Specify a single input file format option in the form
               of OPTION or OPTION=VALUE
  -O, --output-fmt FORMAT[,OPT[=VAL]]...
               Specify output format (SAM, BAM, CRAM)
      --output-fmt-option OPT[=VAL]
               Specify a single output file format option in the form
               of OPTION or OPTION=VALUE
      --reference FILE
               Reference sequence FASTA FILE [null]
  -@, --threads INT
               Number of additional threads to use [0]
      --write-index
               Automatically index the output files [off]
      --verbosity INT
               Set level of verbosity
[M::bwa_idx_load_from_disk] read 0 ALT contigs
[E::main_mem] fail to open file `/home/kvenk811/Genome_Analysis_1MB462/Data/RNA_trimmed_files/RNA_trim_39.left_paired.trimmed.fastq.gz'.
+ for faa in '*.fa'
+ bwa index D3_metabat_output.18.fa
+ bwa mem -t 4 D3_metabat_output.18.fa /home/kvenk811/Genome_Analysis_1MB462/Data/RNA_trimmed_files/RNA_trim_39.left_paired.trimmed.fastq.gz /home/kvenk811/Genome_Analysis_1MB462/Data/RNA_trimmed_files/RNA_trim_39.right_paired.trimmed.fastq.gz
+ samtools sort -@ -o D3_metabat_output.18.fa_sort.bam -
[bam_sort] Use -T PREFIX / -o FILE to specify temporary and final output files
Usage: samtools sort [options...] [in.bam]
Options:
  -l INT     Set compression level, from 0 (uncompressed) to 9 (best)
  -u         Output uncompressed data (equivalent to -l 0)
  -m INT     Set maximum memory per thread; suffix K/M/G recognized [768M]
  -M         Use minimiser for clustering unaligned/unplaced reads
  -K INT     Kmer size to use for minimiser [20]
  -n         Sort by read name (not compatible with samtools index command)
  -t TAG     Sort by value of TAG. Uses position as secondary index (or read name if -n is set)
  -o FILE    Write final output to FILE rather than standard output
  -T PREFIX  Write temporary files to PREFIX.nnnn.bam
  --no-PG    do not add a PG line
      --input-fmt-option OPT[=VAL]
               Specify a single input file format option in the form
               of OPTION or OPTION=VALUE
  -O, --output-fmt FORMAT[,OPT[=VAL]]...
               Specify output format (SAM, BAM, CRAM)
      --output-fmt-option OPT[=VAL]
               Specify a single output file format option in the form
               of OPTION or OPTION=VALUE
      --reference FILE
               Reference sequence FASTA FILE [null]
  -@, --threads INT
               Number of additional threads to use [0]
      --write-index
               Automatically index the output files [off]
      --verbosity INT
               Set level of verbosity
[M::bwa_idx_load_from_disk] read 0 ALT contigs
[E::main_mem] fail to open file `/home/kvenk811/Genome_Analysis_1MB462/Data/RNA_trimmed_files/RNA_trim_39.left_paired.trimmed.fastq.gz'.
+ for faa in '*.fa'
+ bwa index D3_metabat_output.19.fa
+ bwa mem -t 4 D3_metabat_output.19.fa /home/kvenk811/Genome_Analysis_1MB462/Data/RNA_trimmed_files/RNA_trim_39.left_paired.trimmed.fastq.gz /home/kvenk811/Genome_Analysis_1MB462/Data/RNA_trimmed_files/RNA_trim_39.right_paired.trimmed.fastq.gz
+ samtools sort -@ -o D3_metabat_output.19.fa_sort.bam -
[bam_sort] Use -T PREFIX / -o FILE to specify temporary and final output files
Usage: samtools sort [options...] [in.bam]
Options:
  -l INT     Set compression level, from 0 (uncompressed) to 9 (best)
  -u         Output uncompressed data (equivalent to -l 0)
  -m INT     Set maximum memory per thread; suffix K/M/G recognized [768M]
  -M         Use minimiser for clustering unaligned/unplaced reads
  -K INT     Kmer size to use for minimiser [20]
  -n         Sort by read name (not compatible with samtools index command)
  -t TAG     Sort by value of TAG. Uses position as secondary index (or read name if -n is set)
  -o FILE    Write final output to FILE rather than standard output
  -T PREFIX  Write temporary files to PREFIX.nnnn.bam
  --no-PG    do not add a PG line
      --input-fmt-option OPT[=VAL]
               Specify a single input file format option in the form
               of OPTION or OPTION=VALUE
  -O, --output-fmt FORMAT[,OPT[=VAL]]...
               Specify output format (SAM, BAM, CRAM)
      --output-fmt-option OPT[=VAL]
               Specify a single output file format option in the form
               of OPTION or OPTION=VALUE
      --reference FILE
               Reference sequence FASTA FILE [null]
  -@, --threads INT
               Number of additional threads to use [0]
      --write-index
               Automatically index the output files [off]
      --verbosity INT
               Set level of verbosity
[M::bwa_idx_load_from_disk] read 0 ALT contigs
[E::main_mem] fail to open file `/home/kvenk811/Genome_Analysis_1MB462/Data/RNA_trimmed_files/RNA_trim_39.left_paired.trimmed.fastq.gz'.
+ for faa in '*.fa'
+ bwa index D3_metabat_output.1.fa
+ bwa mem -t 4 D3_metabat_output.1.fa /home/kvenk811/Genome_Analysis_1MB462/Data/RNA_trimmed_files/RNA_trim_39.left_paired.trimmed.fastq.gz /home/kvenk811/Genome_Analysis_1MB462/Data/RNA_trimmed_files/RNA_trim_39.right_paired.trimmed.fastq.gz
+ samtools sort -@ -o D3_metabat_output.1.fa_sort.bam -
[bam_sort] Use -T PREFIX / -o FILE to specify temporary and final output files
Usage: samtools sort [options...] [in.bam]
Options:
  -l INT     Set compression level, from 0 (uncompressed) to 9 (best)
  -u         Output uncompressed data (equivalent to -l 0)
  -m INT     Set maximum memory per thread; suffix K/M/G recognized [768M]
  -M         Use minimiser for clustering unaligned/unplaced reads
  -K INT     Kmer size to use for minimiser [20]
  -n         Sort by read name (not compatible with samtools index command)
  -t TAG     Sort by value of TAG. Uses position as secondary index (or read name if -n is set)
  -o FILE    Write final output to FILE rather than standard output
  -T PREFIX  Write temporary files to PREFIX.nnnn.bam
  --no-PG    do not add a PG line
      --input-fmt-option OPT[=VAL]
               Specify a single input file format option in the form
               of OPTION or OPTION=VALUE
  -O, --output-fmt FORMAT[,OPT[=VAL]]...
               Specify output format (SAM, BAM, CRAM)
      --output-fmt-option OPT[=VAL]
               Specify a single output file format option in the form
               of OPTION or OPTION=VALUE
      --reference FILE
               Reference sequence FASTA FILE [null]
  -@, --threads INT
               Number of additional threads to use [0]
      --write-index
               Automatically index the output files [off]
      --verbosity INT
               Set level of verbosity
[M::bwa_idx_load_from_disk] read 0 ALT contigs
[E::main_mem] fail to open file `/home/kvenk811/Genome_Analysis_1MB462/Data/RNA_trimmed_files/RNA_trim_39.left_paired.trimmed.fastq.gz'.
+ for faa in '*.fa'
+ bwa index D3_metabat_output.20.fa
+ bwa mem -t 4 D3_metabat_output.20.fa /home/kvenk811/Genome_Analysis_1MB462/Data/RNA_trimmed_files/RNA_trim_39.left_paired.trimmed.fastq.gz /home/kvenk811/Genome_Analysis_1MB462/Data/RNA_trimmed_files/RNA_trim_39.right_paired.trimmed.fastq.gz
+ samtools sort -@ -o D3_metabat_output.20.fa_sort.bam -
[bam_sort] Use -T PREFIX / -o FILE to specify temporary and final output files
Usage: samtools sort [options...] [in.bam]
Options:
  -l INT     Set compression level, from 0 (uncompressed) to 9 (best)
  -u         Output uncompressed data (equivalent to -l 0)
  -m INT     Set maximum memory per thread; suffix K/M/G recognized [768M]
  -M         Use minimiser for clustering unaligned/unplaced reads
  -K INT     Kmer size to use for minimiser [20]
  -n         Sort by read name (not compatible with samtools index command)
  -t TAG     Sort by value of TAG. Uses position as secondary index (or read name if -n is set)
  -o FILE    Write final output to FILE rather than standard output
  -T PREFIX  Write temporary files to PREFIX.nnnn.bam
  --no-PG    do not add a PG line
      --input-fmt-option OPT[=VAL]
               Specify a single input file format option in the form
               of OPTION or OPTION=VALUE
  -O, --output-fmt FORMAT[,OPT[=VAL]]...
               Specify output format (SAM, BAM, CRAM)
      --output-fmt-option OPT[=VAL]
               Specify a single output file format option in the form
               of OPTION or OPTION=VALUE
      --reference FILE
               Reference sequence FASTA FILE [null]
  -@, --threads INT
               Number of additional threads to use [0]
      --write-index
               Automatically index the output files [off]
      --verbosity INT
               Set level of verbosity
[M::bwa_idx_load_from_disk] read 0 ALT contigs
[E::main_mem] fail to open file `/home/kvenk811/Genome_Analysis_1MB462/Data/RNA_trimmed_files/RNA_trim_39.left_paired.trimmed.fastq.gz'.
+ for faa in '*.fa'
+ bwa index D3_metabat_output.21.fa
+ bwa mem -t 4 D3_metabat_output.21.fa /home/kvenk811/Genome_Analysis_1MB462/Data/RNA_trimmed_files/RNA_trim_39.left_paired.trimmed.fastq.gz /home/kvenk811/Genome_Analysis_1MB462/Data/RNA_trimmed_files/RNA_trim_39.right_paired.trimmed.fastq.gz
+ samtools sort -@ -o D3_metabat_output.21.fa_sort.bam -
[bam_sort] Use -T PREFIX / -o FILE to specify temporary and final output files
Usage: samtools sort [options...] [in.bam]
Options:
  -l INT     Set compression level, from 0 (uncompressed) to 9 (best)
  -u         Output uncompressed data (equivalent to -l 0)
  -m INT     Set maximum memory per thread; suffix K/M/G recognized [768M]
  -M         Use minimiser for clustering unaligned/unplaced reads
  -K INT     Kmer size to use for minimiser [20]
  -n         Sort by read name (not compatible with samtools index command)
  -t TAG     Sort by value of TAG. Uses position as secondary index (or read name if -n is set)
  -o FILE    Write final output to FILE rather than standard output
  -T PREFIX  Write temporary files to PREFIX.nnnn.bam
  --no-PG    do not add a PG line
      --input-fmt-option OPT[=VAL]
               Specify a single input file format option in the form
               of OPTION or OPTION=VALUE
  -O, --output-fmt FORMAT[,OPT[=VAL]]...
               Specify output format (SAM, BAM, CRAM)
      --output-fmt-option OPT[=VAL]
               Specify a single output file format option in the form
               of OPTION or OPTION=VALUE
      --reference FILE
               Reference sequence FASTA FILE [null]
  -@, --threads INT
               Number of additional threads to use [0]
      --write-index
               Automatically index the output files [off]
      --verbosity INT
               Set level of verbosity
[M::bwa_idx_load_from_disk] read 0 ALT contigs
[E::main_mem] fail to open file `/home/kvenk811/Genome_Analysis_1MB462/Data/RNA_trimmed_files/RNA_trim_39.left_paired.trimmed.fastq.gz'.
+ for faa in '*.fa'
+ bwa index D3_metabat_output.2.fa
+ bwa mem -t 4 D3_metabat_output.2.fa /home/kvenk811/Genome_Analysis_1MB462/Data/RNA_trimmed_files/RNA_trim_39.left_paired.trimmed.fastq.gz /home/kvenk811/Genome_Analysis_1MB462/Data/RNA_trimmed_files/RNA_trim_39.right_paired.trimmed.fastq.gz
+ samtools sort -@ -o D3_metabat_output.2.fa_sort.bam -
[bam_sort] Use -T PREFIX / -o FILE to specify temporary and final output files
Usage: samtools sort [options...] [in.bam]
Options:
  -l INT     Set compression level, from 0 (uncompressed) to 9 (best)
  -u         Output uncompressed data (equivalent to -l 0)
  -m INT     Set maximum memory per thread; suffix K/M/G recognized [768M]
  -M         Use minimiser for clustering unaligned/unplaced reads
  -K INT     Kmer size to use for minimiser [20]
  -n         Sort by read name (not compatible with samtools index command)
  -t TAG     Sort by value of TAG. Uses position as secondary index (or read name if -n is set)
  -o FILE    Write final output to FILE rather than standard output
  -T PREFIX  Write temporary files to PREFIX.nnnn.bam
  --no-PG    do not add a PG line
      --input-fmt-option OPT[=VAL]
               Specify a single input file format option in the form
               of OPTION or OPTION=VALUE
  -O, --output-fmt FORMAT[,OPT[=VAL]]...
               Specify output format (SAM, BAM, CRAM)
      --output-fmt-option OPT[=VAL]
               Specify a single output file format option in the form
               of OPTION or OPTION=VALUE
      --reference FILE
               Reference sequence FASTA FILE [null]
  -@, --threads INT
               Number of additional threads to use [0]
      --write-index
               Automatically index the output files [off]
      --verbosity INT
               Set level of verbosity
[M::bwa_idx_load_from_disk] read 0 ALT contigs
[E::main_mem] fail to open file `/home/kvenk811/Genome_Analysis_1MB462/Data/RNA_trimmed_files/RNA_trim_39.left_paired.trimmed.fastq.gz'.
+ for faa in '*.fa'
+ bwa index D3_metabat_output.3.fa
+ bwa mem -t 4 D3_metabat_output.3.fa /home/kvenk811/Genome_Analysis_1MB462/Data/RNA_trimmed_files/RNA_trim_39.left_paired.trimmed.fastq.gz /home/kvenk811/Genome_Analysis_1MB462/Data/RNA_trimmed_files/RNA_trim_39.right_paired.trimmed.fastq.gz
+ samtools sort -@ -o D3_metabat_output.3.fa_sort.bam -
[bam_sort] Use -T PREFIX / -o FILE to specify temporary and final output files
Usage: samtools sort [options...] [in.bam]
Options:
  -l INT     Set compression level, from 0 (uncompressed) to 9 (best)
  -u         Output uncompressed data (equivalent to -l 0)
  -m INT     Set maximum memory per thread; suffix K/M/G recognized [768M]
  -M         Use minimiser for clustering unaligned/unplaced reads
  -K INT     Kmer size to use for minimiser [20]
  -n         Sort by read name (not compatible with samtools index command)
  -t TAG     Sort by value of TAG. Uses position as secondary index (or read name if -n is set)
  -o FILE    Write final output to FILE rather than standard output
  -T PREFIX  Write temporary files to PREFIX.nnnn.bam
  --no-PG    do not add a PG line
      --input-fmt-option OPT[=VAL]
               Specify a single input file format option in the form
               of OPTION or OPTION=VALUE
  -O, --output-fmt FORMAT[,OPT[=VAL]]...
               Specify output format (SAM, BAM, CRAM)
      --output-fmt-option OPT[=VAL]
               Specify a single output file format option in the form
               of OPTION or OPTION=VALUE
      --reference FILE
               Reference sequence FASTA FILE [null]
  -@, --threads INT
               Number of additional threads to use [0]
      --write-index
               Automatically index the output files [off]
      --verbosity INT
               Set level of verbosity
[M::bwa_idx_load_from_disk] read 0 ALT contigs
[E::main_mem] fail to open file `/home/kvenk811/Genome_Analysis_1MB462/Data/RNA_trimmed_files/RNA_trim_39.left_paired.trimmed.fastq.gz'.
+ for faa in '*.fa'
+ bwa index D3_metabat_output.4.fa
+ bwa mem -t 4 D3_metabat_output.4.fa /home/kvenk811/Genome_Analysis_1MB462/Data/RNA_trimmed_files/RNA_trim_39.left_paired.trimmed.fastq.gz /home/kvenk811/Genome_Analysis_1MB462/Data/RNA_trimmed_files/RNA_trim_39.right_paired.trimmed.fastq.gz
+ samtools sort -@ -o D3_metabat_output.4.fa_sort.bam -
[bam_sort] Use -T PREFIX / -o FILE to specify temporary and final output files
Usage: samtools sort [options...] [in.bam]
Options:
  -l INT     Set compression level, from 0 (uncompressed) to 9 (best)
  -u         Output uncompressed data (equivalent to -l 0)
  -m INT     Set maximum memory per thread; suffix K/M/G recognized [768M]
  -M         Use minimiser for clustering unaligned/unplaced reads
  -K INT     Kmer size to use for minimiser [20]
  -n         Sort by read name (not compatible with samtools index command)
  -t TAG     Sort by value of TAG. Uses position as secondary index (or read name if -n is set)
  -o FILE    Write final output to FILE rather than standard output
  -T PREFIX  Write temporary files to PREFIX.nnnn.bam
  --no-PG    do not add a PG line
      --input-fmt-option OPT[=VAL]
               Specify a single input file format option in the form
               of OPTION or OPTION=VALUE
  -O, --output-fmt FORMAT[,OPT[=VAL]]...
               Specify output format (SAM, BAM, CRAM)
      --output-fmt-option OPT[=VAL]
               Specify a single output file format option in the form
               of OPTION or OPTION=VALUE
      --reference FILE
               Reference sequence FASTA FILE [null]
  -@, --threads INT
               Number of additional threads to use [0]
      --write-index
               Automatically index the output files [off]
      --verbosity INT
               Set level of verbosity
[M::bwa_idx_load_from_disk] read 0 ALT contigs
[E::main_mem] fail to open file `/home/kvenk811/Genome_Analysis_1MB462/Data/RNA_trimmed_files/RNA_trim_39.left_paired.trimmed.fastq.gz'.
+ for faa in '*.fa'
+ bwa index D3_metabat_output.5.fa
+ bwa mem -t 4 D3_metabat_output.5.fa /home/kvenk811/Genome_Analysis_1MB462/Data/RNA_trimmed_files/RNA_trim_39.left_paired.trimmed.fastq.gz /home/kvenk811/Genome_Analysis_1MB462/Data/RNA_trimmed_files/RNA_trim_39.right_paired.trimmed.fastq.gz
+ samtools sort -@ -o D3_metabat_output.5.fa_sort.bam -
[bam_sort] Use -T PREFIX / -o FILE to specify temporary and final output files
Usage: samtools sort [options...] [in.bam]
Options:
  -l INT     Set compression level, from 0 (uncompressed) to 9 (best)
  -u         Output uncompressed data (equivalent to -l 0)
  -m INT     Set maximum memory per thread; suffix K/M/G recognized [768M]
  -M         Use minimiser for clustering unaligned/unplaced reads
  -K INT     Kmer size to use for minimiser [20]
  -n         Sort by read name (not compatible with samtools index command)
  -t TAG     Sort by value of TAG. Uses position as secondary index (or read name if -n is set)
  -o FILE    Write final output to FILE rather than standard output
  -T PREFIX  Write temporary files to PREFIX.nnnn.bam
  --no-PG    do not add a PG line
      --input-fmt-option OPT[=VAL]
               Specify a single input file format option in the form
               of OPTION or OPTION=VALUE
  -O, --output-fmt FORMAT[,OPT[=VAL]]...
               Specify output format (SAM, BAM, CRAM)
      --output-fmt-option OPT[=VAL]
               Specify a single output file format option in the form
               of OPTION or OPTION=VALUE
      --reference FILE
               Reference sequence FASTA FILE [null]
  -@, --threads INT
               Number of additional threads to use [0]
      --write-index
               Automatically index the output files [off]
      --verbosity INT
               Set level of verbosity
[M::bwa_idx_load_from_disk] read 0 ALT contigs
[E::main_mem] fail to open file `/home/kvenk811/Genome_Analysis_1MB462/Data/RNA_trimmed_files/RNA_trim_39.left_paired.trimmed.fastq.gz'.
+ for faa in '*.fa'
+ bwa index D3_metabat_output.6.fa
+ bwa mem -t 4 D3_metabat_output.6.fa /home/kvenk811/Genome_Analysis_1MB462/Data/RNA_trimmed_files/RNA_trim_39.left_paired.trimmed.fastq.gz /home/kvenk811/Genome_Analysis_1MB462/Data/RNA_trimmed_files/RNA_trim_39.right_paired.trimmed.fastq.gz
+ samtools sort -@ -o D3_metabat_output.6.fa_sort.bam -
[bam_sort] Use -T PREFIX / -o FILE to specify temporary and final output files
Usage: samtools sort [options...] [in.bam]
Options:
  -l INT     Set compression level, from 0 (uncompressed) to 9 (best)
  -u         Output uncompressed data (equivalent to -l 0)
  -m INT     Set maximum memory per thread; suffix K/M/G recognized [768M]
  -M         Use minimiser for clustering unaligned/unplaced reads
  -K INT     Kmer size to use for minimiser [20]
  -n         Sort by read name (not compatible with samtools index command)
  -t TAG     Sort by value of TAG. Uses position as secondary index (or read name if -n is set)
  -o FILE    Write final output to FILE rather than standard output
  -T PREFIX  Write temporary files to PREFIX.nnnn.bam
  --no-PG    do not add a PG line
      --input-fmt-option OPT[=VAL]
               Specify a single input file format option in the form
               of OPTION or OPTION=VALUE
  -O, --output-fmt FORMAT[,OPT[=VAL]]...
               Specify output format (SAM, BAM, CRAM)
      --output-fmt-option OPT[=VAL]
               Specify a single output file format option in the form
               of OPTION or OPTION=VALUE
      --reference FILE
               Reference sequence FASTA FILE [null]
  -@, --threads INT
               Number of additional threads to use [0]
      --write-index
               Automatically index the output files [off]
      --verbosity INT
               Set level of verbosity
[M::bwa_idx_load_from_disk] read 0 ALT contigs
[E::main_mem] fail to open file `/home/kvenk811/Genome_Analysis_1MB462/Data/RNA_trimmed_files/RNA_trim_39.left_paired.trimmed.fastq.gz'.
+ for faa in '*.fa'
+ bwa index D3_metabat_output.7.fa
+ bwa mem -t 4 D3_metabat_output.7.fa /home/kvenk811/Genome_Analysis_1MB462/Data/RNA_trimmed_files/RNA_trim_39.left_paired.trimmed.fastq.gz /home/kvenk811/Genome_Analysis_1MB462/Data/RNA_trimmed_files/RNA_trim_39.right_paired.trimmed.fastq.gz
+ samtools sort -@ -o D3_metabat_output.7.fa_sort.bam -
[bam_sort] Use -T PREFIX / -o FILE to specify temporary and final output files
Usage: samtools sort [options...] [in.bam]
Options:
  -l INT     Set compression level, from 0 (uncompressed) to 9 (best)
  -u         Output uncompressed data (equivalent to -l 0)
  -m INT     Set maximum memory per thread; suffix K/M/G recognized [768M]
  -M         Use minimiser for clustering unaligned/unplaced reads
  -K INT     Kmer size to use for minimiser [20]
  -n         Sort by read name (not compatible with samtools index command)
  -t TAG     Sort by value of TAG. Uses position as secondary index (or read name if -n is set)
  -o FILE    Write final output to FILE rather than standard output
  -T PREFIX  Write temporary files to PREFIX.nnnn.bam
  --no-PG    do not add a PG line
      --input-fmt-option OPT[=VAL]
               Specify a single input file format option in the form
               of OPTION or OPTION=VALUE
  -O, --output-fmt FORMAT[,OPT[=VAL]]...
               Specify output format (SAM, BAM, CRAM)
      --output-fmt-option OPT[=VAL]
               Specify a single output file format option in the form
               of OPTION or OPTION=VALUE
      --reference FILE
               Reference sequence FASTA FILE [null]
  -@, --threads INT
               Number of additional threads to use [0]
      --write-index
               Automatically index the output files [off]
      --verbosity INT
               Set level of verbosity
[M::bwa_idx_load_from_disk] read 0 ALT contigs
[E::main_mem] fail to open file `/home/kvenk811/Genome_Analysis_1MB462/Data/RNA_trimmed_files/RNA_trim_39.left_paired.trimmed.fastq.gz'.
+ for faa in '*.fa'
+ bwa index D3_metabat_output.8.fa
+ bwa mem -t 4 D3_metabat_output.8.fa /home/kvenk811/Genome_Analysis_1MB462/Data/RNA_trimmed_files/RNA_trim_39.left_paired.trimmed.fastq.gz /home/kvenk811/Genome_Analysis_1MB462/Data/RNA_trimmed_files/RNA_trim_39.right_paired.trimmed.fastq.gz
+ samtools sort -@ -o D3_metabat_output.8.fa_sort.bam -
[bam_sort] Use -T PREFIX / -o FILE to specify temporary and final output files
Usage: samtools sort [options...] [in.bam]
Options:
  -l INT     Set compression level, from 0 (uncompressed) to 9 (best)
  -u         Output uncompressed data (equivalent to -l 0)
  -m INT     Set maximum memory per thread; suffix K/M/G recognized [768M]
  -M         Use minimiser for clustering unaligned/unplaced reads
  -K INT     Kmer size to use for minimiser [20]
  -n         Sort by read name (not compatible with samtools index command)
  -t TAG     Sort by value of TAG. Uses position as secondary index (or read name if -n is set)
  -o FILE    Write final output to FILE rather than standard output
  -T PREFIX  Write temporary files to PREFIX.nnnn.bam
  --no-PG    do not add a PG line
      --input-fmt-option OPT[=VAL]
               Specify a single input file format option in the form
               of OPTION or OPTION=VALUE
  -O, --output-fmt FORMAT[,OPT[=VAL]]...
               Specify output format (SAM, BAM, CRAM)
      --output-fmt-option OPT[=VAL]
               Specify a single output file format option in the form
               of OPTION or OPTION=VALUE
      --reference FILE
               Reference sequence FASTA FILE [null]
  -@, --threads INT
               Number of additional threads to use [0]
      --write-index
               Automatically index the output files [off]
      --verbosity INT
               Set level of verbosity
[M::bwa_idx_load_from_disk] read 0 ALT contigs
[E::main_mem] fail to open file `/home/kvenk811/Genome_Analysis_1MB462/Data/RNA_trimmed_files/RNA_trim_39.left_paired.trimmed.fastq.gz'.
+ for faa in '*.fa'
+ bwa index D3_metabat_output.9.fa
+ bwa mem -t 4 D3_metabat_output.9.fa /home/kvenk811/Genome_Analysis_1MB462/Data/RNA_trimmed_files/RNA_trim_39.left_paired.trimmed.fastq.gz /home/kvenk811/Genome_Analysis_1MB462/Data/RNA_trimmed_files/RNA_trim_39.right_paired.trimmed.fastq.gz
+ samtools sort -@ -o D3_metabat_output.9.fa_sort.bam -
[bam_sort] Use -T PREFIX / -o FILE to specify temporary and final output files
Usage: samtools sort [options...] [in.bam]
Options:
  -l INT     Set compression level, from 0 (uncompressed) to 9 (best)
  -u         Output uncompressed data (equivalent to -l 0)
  -m INT     Set maximum memory per thread; suffix K/M/G recognized [768M]
  -M         Use minimiser for clustering unaligned/unplaced reads
  -K INT     Kmer size to use for minimiser [20]
  -n         Sort by read name (not compatible with samtools index command)
  -t TAG     Sort by value of TAG. Uses position as secondary index (or read name if -n is set)
  -o FILE    Write final output to FILE rather than standard output
  -T PREFIX  Write temporary files to PREFIX.nnnn.bam
  --no-PG    do not add a PG line
      --input-fmt-option OPT[=VAL]
               Specify a single input file format option in the form
               of OPTION or OPTION=VALUE
  -O, --output-fmt FORMAT[,OPT[=VAL]]...
               Specify output format (SAM, BAM, CRAM)
      --output-fmt-option OPT[=VAL]
               Specify a single output file format option in the form
               of OPTION or OPTION=VALUE
      --reference FILE
               Reference sequence FASTA FILE [null]
  -@, --threads INT
               Number of additional threads to use [0]
      --write-index
               Automatically index the output files [off]
      --verbosity INT
               Set level of verbosity
[M::bwa_idx_load_from_disk] read 0 ALT contigs
[E::main_mem] fail to open file `/home/kvenk811/Genome_Analysis_1MB462/Data/RNA_trimmed_files/RNA_trim_39.left_paired.trimmed.fastq.gz'.
