Script started, file is for
Script done, file is for
 _   _ ____  ____  __  __    _    __  __
| | | |  _ \|  _ \|  \/  |  / \   \ \/ /   | System:    s5
| | | | |_) | |_) | |\/| | / _ \   \  /    | User:      kvenk811
| |_| |  __/|  __/| |  | |/ ___ \  /  \    | 
 \___/|_|   |_|   |_|  |_/_/   \_\/_/\_\   | 

###############################################################################

        User Guides: http://www.uppmax.uu.se/support/user-guides
        FAQ: http://www.uppmax.uu.se/support/faq

        Write to support@uppmax.uu.se, if you have questions or comments.


]0;kvenk811@s5:~/Genome_Analysis_1MB462/Codes[?1034h[kvenk811@s5 Codes]$ D1_metabat_output.10.fa_ann.out
D1_metabat_output.10.fa_ann.out/PROKKA_05032022.err
D1_metabat_output.10.fa_ann.out/PROKKA_05032022.faa
D1_metabat_output.10.fa_ann.out/PROKKA_05032022.ffn
D1_metabat_output.10.fa_ann.out/PROKKA_05032022.fna
D1_metabat_output.10.fa_ann.out/PROKKA_05032022.fsa
D1_metabat_output.10.fa_ann.out/PROKKA_05032022.gbk
D1_metabat_output.10.fa_ann.out/PROKKA_05032022.gff
D1_metabat_output.10.fa_ann.out/PROKKA_05032022.log
D1_metabat_output.10.fa_ann.out/PROKKA_05032022.sqn
D1_metabat_output.10.fa_ann.out/PROKKA_05032022.tbl
D1_metabat_output.10.fa_ann.out/PROKKA_05032022.tsv
D1_metabat_output.10.fa_ann.out/PROKKA_05032022.txt
D1_metabat_output.11.fa_ann.out
D1_metabat_output.11.fa_ann.out/PROKKA_05032022.err
D1_metabat_output.11.fa_ann.out/PROKKA_05032022.faa
D1_metabat_output.11.fa_ann.out/PROKKA_05032022.ffn
D1_metabat_output.11.fa_ann.out/PROKKA_05032022.fna
D1_metabat_output.11.fa_ann.out/PROKKA_05032022.fsa
D1_metabat_output.11.fa_ann.out/PROKKA_05032022.gbk
D1_metabat_output.11.fa_ann.out/PROKKA_05032022.gff
D1_metabat_output.11.fa_ann.out/PROKKA_05032022.log
D1_metabat_output.11.fa_ann.out/PROKKA_05032022.sqn
D1_metabat_output.11.fa_ann.out/PROKKA_05032022.tbl
D1_metabat_output.11.fa_ann.out/PROKKA_05032022.tsv
D1_metabat_output.11.fa_ann.out/PROKKA_05032022.txt
D1_metabat_output.12.fa_ann.out
D1_metabat_output.12.fa_ann.out/PROKKA_05032022.err
D1_metabat_output.12.fa_ann.out/PROKKA_05032022.faa
D1_metabat_output.12.fa_ann.out/PROKKA_05032022.ffn
D1_metabat_output.12.fa_ann.out/PROKKA_05032022.fna
D1_metabat_output.12.fa_ann.out/PROKKA_05032022.fsa
D1_metabat_output.12.fa_ann.out/PROKKA_05032022.gbk
D1_metabat_output.12.fa_ann.out/PROKKA_05032022.gff
D1_metabat_output.12.fa_ann.out/PROKKA_05032022.log
D1_metabat_output.12.fa_ann.out/PROKKA_05032022.sqn
D1_metabat_output.12.fa_ann.out/PROKKA_05032022.tbl
D1_metabat_output.12.fa_ann.out/PROKKA_05032022.tsv
D1_metabat_output.12.fa_ann.out/PROKKA_05032022.txt
D1_metabat_output.1.fa_ann.out
D1_metabat_output.1.fa_ann.out/PROKKA_05032022.err
D1_metabat_output.1.fa_ann.out/PROKKA_05032022.faa
D1_metabat_output.1.fa_ann.out/PROKKA_05032022.ffn
D1_metabat_output.1.fa_ann.out/PROKKA_05032022.fna
D1_metabat_output.1.fa_ann.out/PROKKA_05032022.fsa
D1_metabat_output.1.fa_ann.out/PROKKA_05032022.gbk
D1_metabat_output.1.fa_ann.out/PROKKA_05032022.gff
D1_metabat_output.1.fa_ann.out/PROKKA_05032022.log
D1_metabat_output.1.fa_ann.out/PROKKA_05032022.sqn
D1_metabat_output.1.fa_ann.out/PROKKA_05032022.tbl
D1_metabat_output.1.fa_ann.out/PROKKA_05032022.tsv
D1_metabat_output.1.fa_ann.out/PROKKA_05032022.txt
D1_metabat_output.2.fa_ann.out
D1_metabat_output.2.fa_ann.out/PROKKA_05032022.err
D1_metabat_output.2.fa_ann.out/PROKKA_05032022.faa
D1_metabat_output.2.fa_ann.out/PROKKA_05032022.ffn
D1_metabat_output.2.fa_ann.out/PROKKA_05032022.fna
D1_metabat_output.2.fa_ann.out/PROKKA_05032022.fsa
D1_metabat_output.2.fa_ann.out/PROKKA_05032022.gbk
D1_metabat_output.2.fa_ann.out/PROKKA_05032022.gff
D1_metabat_output.2.fa_ann.out/PROKKA_05032022.log
D1_metabat_output.2.fa_ann.out/PROKKA_05032022.sqn
D1_metabat_output.2.fa_ann.out/PROKKA_05032022.tbl
D1_metabat_output.2.fa_ann.out/PROKKA_05032022.tsv
D1_metabat_output.2.fa_ann.out/PROKKA_05032022.txt
D1_metabat_output.3.fa_ann.out
D1_metabat_output.3.fa_ann.out/PROKKA_05032022.err
D1_metabat_output.3.fa_ann.out/PROKKA_05032022.faa
D1_metabat_output.3.fa_ann.out/PROKKA_05032022.ffn
D1_metabat_output.3.fa_ann.out/PROKKA_05032022.fna
D1_metabat_output.3.fa_ann.out/PROKKA_05032022.fsa
D1_metabat_output.3.fa_ann.out/PROKKA_05032022.gbk
D1_metabat_output.3.fa_ann.out/PROKKA_05032022.gff
D1_metabat_output.3.fa_ann.out/PROKKA_05032022.log
D1_metabat_output.3.fa_ann.out/PROKKA_05032022.sqn
D1_metabat_output.3.fa_ann.out/PROKKA_05032022.tbl
D1_metabat_output.3.fa_ann.out/PROKKA_05032022.tsv
D1_metabat_output.3.fa_ann.out/PROKKA_05032022.txt
D1_metabat_output.4.fa_ann.out
D1_metabat_output.4.fa_ann.out/PROKKA_05032022.err
D1_metabat_output.4.fa_ann.out/PROKKA_05032022.faa
D1_metabat_output.4.fa_ann.out/PROKKA_05032022.ffn
D1_metabat_output.4.fa_ann.out/PROKKA_05032022.fna
D1_metabat_output.4.fa_ann.out/PROKKA_05032022.fsa
D1_metabat_output.4.fa_ann.out/PROKKA_05032022.gbk
D1_metabat_output.4.fa_ann.out/PROKKA_05032022.gff
D1_metabat_output.4.fa_ann.out/PROKKA_05032022.log
D1_metabat_output.4.fa_ann.out/PROKKA_05032022.sqn
D1_metabat_output.4.fa_ann.out/PROKKA_05032022.tbl
D1_metabat_output.4.fa_ann.out/PROKKA_05032022.tsv
D1_metabat_output.4.fa_ann.out/PROKKA_05032022.txt
D1_metabat_output.5.fa_ann.out
D1_metabat_output.5.fa_ann.out/PROKKA_05032022.err
D1_metabat_output.5.fa_ann.out/PROKKA_05032022.faa
D1_metabat_output.5.fa_ann.out/PROKKA_05032022.ffn
D1_metabat_output.5.fa_ann.out/PROKKA_05032022.fna
D1_metabat_output.5.fa_ann.out/PROKKA_05032022.fsa
D1_metabat_output.5.fa_ann.out/PROKKA_05032022.gbk
D1_metabat_output.5.fa_ann.out/PROKKA_05032022.gff
D1_metabat_output.5.fa_ann.out/PROKKA_05032022.log
D1_metabat_output.5.fa_ann.out/PROKKA_05032022.sqn
D1_metabat_output.5.fa_ann.out/PROKKA_05032022.tbl
D1_metabat_output.5.fa_ann.out/PROKKA_05032022.tsv
D1_metabat_output.5.fa_ann.out/PROKKA_05032022.txt
D1_metabat_output.6.fa_ann.out
D1_metabat_output.6.fa_ann.out/PROKKA_05032022.err
D1_metabat_output.6.fa_ann.out/PROKKA_05032022.faa
D1_metabat_output.6.fa_ann.out/PROKKA_05032022.ffn
D1_metabat_output.6.fa_ann.out/PROKKA_05032022.fna
D1_metabat_output.6.fa_ann.out/PROKKA_05032022.fsa
D1_metabat_output.6.fa_ann.out/PROKKA_05032022.gbk
D1_metabat_output.6.fa_ann.out/PROKKA_05032022.gff
D1_metabat_output.6.fa_ann.out/PROKKA_05032022.log
D1_metabat_output.6.fa_ann.out/PROKKA_05032022.sqn
D1_metabat_output.6.fa_ann.out/PROKKA_05032022.tbl
D1_metabat_output.6.fa_ann.out/PROKKA_05032022.tsv
D1_metabat_output.6.fa_ann.out/PROKKA_05032022.txt
D1_metabat_output.7.fa_ann.out
D1_metabat_output.7.fa_ann.out/PROKKA_05032022.err
D1_metabat_output.7.fa_ann.out/PROKKA_05032022.faa
D1_metabat_output.7.fa_ann.out/PROKKA_05032022.ffn
D1_metabat_output.7.fa_ann.out/PROKKA_05032022.fna
D1_metabat_output.7.fa_ann.out/PROKKA_05032022.fsa
D1_metabat_output.7.fa_ann.out/PROKKA_05032022.gbk
D1_metabat_output.7.fa_ann.out/PROKKA_05032022.gff
D1_metabat_output.7.fa_ann.out/PROKKA_05032022.log
D1_metabat_output.7.fa_ann.out/PROKKA_05032022.sqn
D1_metabat_output.7.fa_ann.out/PROKKA_05032022.tbl
D1_metabat_output.7.fa_ann.out/PROKKA_05032022.tsv
D1_metabat_output.7.fa_ann.out/PROKKA_05032022.txt
D1_metabat_output.8.fa_ann.out
D1_metabat_output.8.fa_ann.out/PROKKA_05032022.err
D1_metabat_output.8.fa_ann.out/PROKKA_05032022.faa
D1_metabat_output.8.fa_ann.out/PROKKA_05032022.ffn
D1_metabat_output.8.fa_ann.out/PROKKA_05032022.fna
D1_metabat_output.8.fa_ann.out/PROKKA_05032022.fsa
D1_metabat_output.8.fa_ann.out/PROKKA_05032022.gbk
D1_metabat_output.8.fa_ann.out/PROKKA_05032022.gff
D1_metabat_output.8.fa_ann.out/PROKKA_05032022.log
D1_metabat_output.8.fa_ann.out/PROKKA_05032022.sqn
D1_metabat_output.8.fa_ann.out/PROKKA_05032022.tbl
D1_metabat_output.8.fa_ann.out/PROKKA_05032022.tsv
D1_metabat_output.8.fa_ann.out/PROKKA_05032022.txt
D1_metabat_output.9.fa_ann.out
D1_metabat_output.9.fa_ann.out/PROKKA_05032022.err
D1_metabat_output.9.fa_ann.out/PROKKA_05032022.faa
D1_metabat_output.9.fa_ann.out/PROKKA_05032022.ffn
D1_metabat_output.9.fa_ann.out/PROKKA_05032022.fna
D1_metabat_output.9.fa_ann.out/PROKKA_05032022.fsa
D1_metabat_output.9.fa_ann.out/PROKKA_05032022.gbk
D1_metabat_output.9.fa_ann.out/PROKKA_05032022.gff
D1_metabat_output.9.fa_ann.out/PROKKA_05032022.log
D1_metabat_output.9.fa_ann.out/PROKKA_05032022.sqn
D1_metabat_output.9.fa_ann.out/PROKKA_05032022.tbl
D1_metabat_output.9.fa_ann.out/PROKKA_05032022.tsv
D1_metabat_output.9.fa_ann.out/PROKKA_05032022.txt
D3_metabat_output.10.fa_ann.out
D3_metabat_output.10.fa_ann.out/PROKKA_05032022.err
D3_metabat_output.10.fa_ann.out/PROKKA_05032022.faa
D3_metabat_output.10.fa_ann.out/PROKKA_05032022.ffn
D3_metabat_output.10.fa_ann.out/PROKKA_05032022.fna
D3_metabat_output.10.fa_ann.out/PROKKA_05032022.fsa
D3_metabat_output.10.fa_ann.out/PROKKA_05032022.gbk
D3_metabat_output.10.fa_ann.out/PROKKA_05032022.gff
D3_metabat_output.10.fa_ann.out/PROKKA_05032022.log
D3_metabat_output.10.fa_ann.out/PROKKA_05032022.sqn
D3_metabat_output.10.fa_ann.out/PROKKA_05032022.tbl
D3_metabat_output.10.fa_ann.out/PROKKA_05032022.tsv
D3_metabat_output.10.fa_ann.out/PROKKA_05032022.txt
D3_metabat_output.11.fa_ann.out
D3_metabat_output.11.fa_ann.out/PROKKA_05032022.err
D3_metabat_output.11.fa_ann.out/PROKKA_05032022.faa
D3_metabat_output.11.fa_ann.out/PROKKA_05032022.ffn
D3_metabat_output.11.fa_ann.out/PROKKA_05032022.fna
D3_metabat_output.11.fa_ann.out/PROKKA_05032022.fsa
D3_metabat_output.11.fa_ann.out/PROKKA_05032022.gbk
D3_metabat_output.11.fa_ann.out/PROKKA_05032022.gff
D3_metabat_output.11.fa_ann.out/PROKKA_05032022.log
D3_metabat_output.11.fa_ann.out/PROKKA_05032022.sqn
D3_metabat_output.11.fa_ann.out/PROKKA_05032022.tbl
D3_metabat_output.11.fa_ann.out/PROKKA_05032022.tsv
D3_metabat_output.11.fa_ann.out/PROKKA_05032022.txt
D3_metabat_output.12.fa_ann.out
D3_metabat_output.12.fa_ann.out/PROKKA_05032022.err
D3_metabat_output.12.fa_ann.out/PROKKA_05032022.faa
D3_metabat_output.12.fa_ann.out/PROKKA_05032022.ffn
D3_metabat_output.12.fa_ann.out/PROKKA_05032022.fna
D3_metabat_output.12.fa_ann.out/PROKKA_05032022.fsa
D3_metabat_output.12.fa_ann.out/PROKKA_05032022.gbk
D3_metabat_output.12.fa_ann.out/PROKKA_05032022.gff
D3_metabat_output.12.fa_ann.out/PROKKA_05032022.log
D3_metabat_output.12.fa_ann.out/PROKKA_05032022.sqn
D3_metabat_output.12.fa_ann.out/PROKKA_05032022.tbl
D3_metabat_output.12.fa_ann.out/PROKKA_05032022.tsv
D3_metabat_output.12.fa_ann.out/PROKKA_05032022.txt
D3_metabat_output.13.fa_ann.out
D3_metabat_output.13.fa_ann.out/PROKKA_05032022.err
D3_metabat_output.13.fa_ann.out/PROKKA_05032022.faa
D3_metabat_output.13.fa_ann.out/PROKKA_05032022.ffn
D3_metabat_output.13.fa_ann.out/PROKKA_05032022.fna
D3_metabat_output.13.fa_ann.out/PROKKA_05032022.fsa
D3_metabat_output.13.fa_ann.out/PROKKA_05032022.gbk
D3_metabat_output.13.fa_ann.out/PROKKA_05032022.gff
D3_metabat_output.13.fa_ann.out/PROKKA_05032022.log
D3_metabat_output.13.fa_ann.out/PROKKA_05032022.sqn
D3_metabat_output.13.fa_ann.out/PROKKA_05032022.tbl
D3_metabat_output.13.fa_ann.out/PROKKA_05032022.tsv
D3_metabat_output.13.fa_ann.out/PROKKA_05032022.txt
D3_metabat_output.14.fa_ann.out
D3_metabat_output.14.fa_ann.out/PROKKA_05032022.err
D3_metabat_output.14.fa_ann.out/PROKKA_05032022.faa
D3_metabat_output.14.fa_ann.out/PROKKA_05032022.ffn
D3_metabat_output.14.fa_ann.out/PROKKA_05032022.fna
D3_metabat_output.14.fa_ann.out/PROKKA_05032022.fsa
D3_metabat_output.14.fa_ann.out/PROKKA_05032022.gbk
D3_metabat_output.14.fa_ann.out/PROKKA_05032022.gff
D3_metabat_output.14.fa_ann.out/PROKKA_05032022.log
D3_metabat_output.14.fa_ann.out/PROKKA_05032022.sqn
D3_metabat_output.14.fa_ann.out/PROKKA_05032022.tbl
D3_metabat_output.14.fa_ann.out/PROKKA_05032022.tsv
D3_metabat_output.14.fa_ann.out/PROKKA_05032022.txt
D3_metabat_output.15.fa_ann.out
D3_metabat_output.15.fa_ann.out/PROKKA_05032022.err
D3_metabat_output.15.fa_ann.out/PROKKA_05032022.faa
D3_metabat_output.15.fa_ann.out/PROKKA_05032022.ffn
D3_metabat_output.15.fa_ann.out/PROKKA_05032022.fna
D3_metabat_output.15.fa_ann.out/PROKKA_05032022.fsa
D3_metabat_output.15.fa_ann.out/PROKKA_05032022.gbk
D3_metabat_output.15.fa_ann.out/PROKKA_05032022.gff
D3_metabat_output.15.fa_ann.out/PROKKA_05032022.log
D3_metabat_output.15.fa_ann.out/PROKKA_05032022.sqn
D3_metabat_output.15.fa_ann.out/PROKKA_05032022.tbl
D3_metabat_output.15.fa_ann.out/PROKKA_05032022.tsv
D3_metabat_output.15.fa_ann.out/PROKKA_05032022.txt
D3_metabat_output.16.fa_ann.out
D3_metabat_output.16.fa_ann.out/PROKKA_05032022.err
D3_metabat_output.16.fa_ann.out/PROKKA_05032022.faa
D3_metabat_output.16.fa_ann.out/PROKKA_05032022.ffn
D3_metabat_output.16.fa_ann.out/PROKKA_05032022.fna
D3_metabat_output.16.fa_ann.out/PROKKA_05032022.fsa
D3_metabat_output.16.fa_ann.out/PROKKA_05032022.gbk
D3_metabat_output.16.fa_ann.out/PROKKA_05032022.gff
D3_metabat_output.16.fa_ann.out/PROKKA_05032022.log
D3_metabat_output.16.fa_ann.out/PROKKA_05032022.sqn
D3_metabat_output.16.fa_ann.out/PROKKA_05032022.tbl
D3_metabat_output.16.fa_ann.out/PROKKA_05032022.tsv
D3_metabat_output.16.fa_ann.out/PROKKA_05032022.txt
D3_metabat_output.17.fa_ann.out
D3_metabat_output.17.fa_ann.out/PROKKA_05032022.err
D3_metabat_output.17.fa_ann.out/PROKKA_05032022.faa
D3_metabat_output.17.fa_ann.out/PROKKA_05032022.ffn
D3_metabat_output.17.fa_ann.out/PROKKA_05032022.fna
D3_metabat_output.17.fa_ann.out/PROKKA_05032022.fsa
D3_metabat_output.17.fa_ann.out/PROKKA_05032022.gbk
D3_metabat_output.17.fa_ann.out/PROKKA_05032022.gff
D3_metabat_output.17.fa_ann.out/PROKKA_05032022.log
D3_metabat_output.17.fa_ann.out/PROKKA_05032022.sqn
D3_metabat_output.17.fa_ann.out/PROKKA_05032022.tbl
D3_metabat_output.17.fa_ann.out/PROKKA_05032022.tsv
D3_metabat_output.17.fa_ann.out/PROKKA_05032022.txt
D3_metabat_output.18.fa_ann.out
D3_metabat_output.18.fa_ann.out/PROKKA_05032022.err
D3_metabat_output.18.fa_ann.out/PROKKA_05032022.faa
D3_metabat_output.18.fa_ann.out/PROKKA_05032022.ffn
D3_metabat_output.18.fa_ann.out/PROKKA_05032022.fna
D3_metabat_output.18.fa_ann.out/PROKKA_05032022.fsa
D3_metabat_output.18.fa_ann.out/PROKKA_05032022.gbk
D3_metabat_output.18.fa_ann.out/PROKKA_05032022.gff
D3_metabat_output.18.fa_ann.out/PROKKA_05032022.log
D3_metabat_output.18.fa_ann.out/PROKKA_05032022.sqn
D3_metabat_output.18.fa_ann.out/PROKKA_05032022.tbl
D3_metabat_output.18.fa_ann.out/PROKKA_05032022.tsv
D3_metabat_output.18.fa_ann.out/PROKKA_05032022.txt
D3_metabat_output.19.fa_ann.out
D3_metabat_output.19.fa_ann.out/PROKKA_05032022.err
D3_metabat_output.19.fa_ann.out/PROKKA_05032022.faa
D3_metabat_output.19.fa_ann.out/PROKKA_05032022.ffn
D3_metabat_output.19.fa_ann.out/PROKKA_05032022.fna
D3_metabat_output.19.fa_ann.out/PROKKA_05032022.fsa
D3_metabat_output.19.fa_ann.out/PROKKA_05032022.gbk
D3_metabat_output.19.fa_ann.out/PROKKA_05032022.gff
D3_metabat_output.19.fa_ann.out/PROKKA_05032022.log
D3_metabat_output.19.fa_ann.out/PROKKA_05032022.sqn
D3_metabat_output.19.fa_ann.out/PROKKA_05032022.tbl
D3_metabat_output.19.fa_ann.out/PROKKA_05032022.tsv
D3_metabat_output.19.fa_ann.out/PROKKA_05032022.txt
D3_metabat_output.1.fa_ann.out
D3_metabat_output.1.fa_ann.out/PROKKA_05032022.err
D3_metabat_output.1.fa_ann.out/PROKKA_05032022.faa
D3_metabat_output.1.fa_ann.out/PROKKA_05032022.ffn
D3_metabat_output.1.fa_ann.out/PROKKA_05032022.fna
D3_metabat_output.1.fa_ann.out/PROKKA_05032022.fsa
D3_metabat_output.1.fa_ann.out/PROKKA_05032022.gbk
D3_metabat_output.1.fa_ann.out/PROKKA_05032022.gff
D3_metabat_output.1.fa_ann.out/PROKKA_05032022.log
D3_metabat_output.1.fa_ann.out/PROKKA_05032022.sqn
D3_metabat_output.1.fa_ann.out/PROKKA_05032022.tbl
D3_metabat_output.1.fa_ann.out/PROKKA_05032022.tsv
D3_metabat_output.1.fa_ann.out/PROKKA_05032022.txt
D3_metabat_output.20.fa_ann.out
D3_metabat_output.20.fa_ann.out/PROKKA_05032022.err
D3_metabat_output.20.fa_ann.out/PROKKA_05032022.faa
D3_metabat_output.20.fa_ann.out/PROKKA_05032022.ffn
D3_metabat_output.20.fa_ann.out/PROKKA_05032022.fna
D3_metabat_output.20.fa_ann.out/PROKKA_05032022.fsa
D3_metabat_output.20.fa_ann.out/PROKKA_05032022.gbk
D3_metabat_output.20.fa_ann.out/PROKKA_05032022.gff
D3_metabat_output.20.fa_ann.out/PROKKA_05032022.log
D3_metabat_output.20.fa_ann.out/PROKKA_05032022.sqn
D3_metabat_output.20.fa_ann.out/PROKKA_05032022.tbl
D3_metabat_output.20.fa_ann.out/PROKKA_05032022.tsv
D3_metabat_output.20.fa_ann.out/PROKKA_05032022.txt
D3_metabat_output.21.fa_ann.out
D3_metabat_output.21.fa_ann.out/PROKKA_05032022.err
D3_metabat_output.21.fa_ann.out/PROKKA_05032022.faa
D3_metabat_output.21.fa_ann.out/PROKKA_05032022.ffn
D3_metabat_output.21.fa_ann.out/PROKKA_05032022.fna
D3_metabat_output.21.fa_ann.out/PROKKA_05032022.fsa
D3_metabat_output.21.fa_ann.out/PROKKA_05032022.gbk
D3_metabat_output.21.fa_ann.out/PROKKA_05032022.gff
D3_metabat_output.21.fa_ann.out/PROKKA_05032022.log
D3_metabat_output.21.fa_ann.out/PROKKA_05032022.sqn
D3_metabat_output.21.fa_ann.out/PROKKA_05032022.tbl
D3_metabat_output.21.fa_ann.out/PROKKA_05032022.tsv
D3_metabat_output.21.fa_ann.out/PROKKA_05032022.txt
D3_metabat_output.2.fa_ann.out
D3_metabat_output.2.fa_ann.out/PROKKA_05032022.err
D3_metabat_output.2.fa_ann.out/PROKKA_05032022.faa
D3_metabat_output.2.fa_ann.out/PROKKA_05032022.ffn
D3_metabat_output.2.fa_ann.out/PROKKA_05032022.fna
D3_metabat_output.2.fa_ann.out/PROKKA_05032022.fsa
D3_metabat_output.2.fa_ann.out/PROKKA_05032022.gbk
D3_metabat_output.2.fa_ann.out/PROKKA_05032022.gff
D3_metabat_output.2.fa_ann.out/PROKKA_05032022.log
D3_metabat_output.2.fa_ann.out/PROKKA_05032022.sqn
D3_metabat_output.2.fa_ann.out/PROKKA_05032022.tbl
D3_metabat_output.2.fa_ann.out/PROKKA_05032022.tsv
D3_metabat_output.2.fa_ann.out/PROKKA_05032022.txt
D3_metabat_output.3.fa_ann.out
D3_metabat_output.3.fa_ann.out/PROKKA_05032022.err
D3_metabat_output.3.fa_ann.out/PROKKA_05032022.faa
D3_metabat_output.3.fa_ann.out/PROKKA_05032022.ffn
D3_metabat_output.3.fa_ann.out/PROKKA_05032022.fna
D3_metabat_output.3.fa_ann.out/PROKKA_05032022.fsa
D3_metabat_output.3.fa_ann.out/PROKKA_05032022.gbk
D3_metabat_output.3.fa_ann.out/PROKKA_05032022.gff
D3_metabat_output.3.fa_ann.out/PROKKA_05032022.log
D3_metabat_output.3.fa_ann.out/PROKKA_05032022.sqn
D3_metabat_output.3.fa_ann.out/PROKKA_05032022.tbl
D3_metabat_output.3.fa_ann.out/PROKKA_05032022.tsv
D3_metabat_output.3.fa_ann.out/PROKKA_05032022.txt
D3_metabat_output.4.fa_ann.out
D3_metabat_output.4.fa_ann.out/PROKKA_05032022.err
D3_metabat_output.4.fa_ann.out/PROKKA_05032022.faa
D3_metabat_output.4.fa_ann.out/PROKKA_05032022.ffn
D3_metabat_output.4.fa_ann.out/PROKKA_05032022.fna
D3_metabat_output.4.fa_ann.out/PROKKA_05032022.fsa
D3_metabat_output.4.fa_ann.out/PROKKA_05032022.gbk
D3_metabat_output.4.fa_ann.out/PROKKA_05032022.gff
D3_metabat_output.4.fa_ann.out/PROKKA_05032022.log
D3_metabat_output.4.fa_ann.out/PROKKA_05032022.sqn
D3_metabat_output.4.fa_ann.out/PROKKA_05032022.tbl
D3_metabat_output.4.fa_ann.out/PROKKA_05032022.tsv
D3_metabat_output.4.fa_ann.out/PROKKA_05032022.txt
D3_metabat_output.5.fa_ann.out
D3_metabat_output.5.fa_ann.out/PROKKA_05032022.err
D3_metabat_output.5.fa_ann.out/PROKKA_05032022.faa
D3_metabat_output.5.fa_ann.out/PROKKA_05032022.ffn
D3_metabat_output.5.fa_ann.out/PROKKA_05032022.fna
D3_metabat_output.5.fa_ann.out/PROKKA_05032022.fsa
D3_metabat_output.5.fa_ann.out/PROKKA_05032022.gbk
D3_metabat_output.5.fa_ann.out/PROKKA_05032022.gff
D3_metabat_output.5.fa_ann.out/PROKKA_05032022.log
D3_metabat_output.5.fa_ann.out/PROKKA_05032022.sqn
D3_metabat_output.5.fa_ann.out/PROKKA_05032022.tbl
D3_metabat_output.5.fa_ann.out/PROKKA_05032022.tsv
D3_metabat_output.5.fa_ann.out/PROKKA_05032022.txt
D3_metabat_output.6.fa_ann.out
D3_metabat_output.6.fa_ann.out/PROKKA_05032022.err
D3_metabat_output.6.fa_ann.out/PROKKA_05032022.faa
D3_metabat_output.6.fa_ann.out/PROKKA_05032022.ffn
D3_metabat_output.6.fa_ann.out/PROKKA_05032022.fna
D3_metabat_output.6.fa_ann.out/PROKKA_05032022.fsa
D3_metabat_output.6.fa_ann.out/PROKKA_05032022.gbk
D3_metabat_output.6.fa_ann.out/PROKKA_05032022.gff
D3_metabat_output.6.fa_ann.out/PROKKA_05032022.log
D3_metabat_output.6.fa_ann.out/PROKKA_05032022.sqn
D3_metabat_output.6.fa_ann.out/PROKKA_05032022.tbl
D3_metabat_output.6.fa_ann.out/PROKKA_05032022.tsv
D3_metabat_output.6.fa_ann.out/PROKKA_05032022.txt
D3_metabat_output.7.fa_ann.out
D3_metabat_output.7.fa_ann.out/PROKKA_05032022.err
D3_metabat_output.7.fa_ann.out/PROKKA_05032022.faa
D3_metabat_output.7.fa_ann.out/PROKKA_05032022.ffn
D3_metabat_output.7.fa_ann.out/PROKKA_05032022.fna
D3_metabat_output.7.fa_ann.out/PROKKA_05032022.fsa
D3_metabat_output.7.fa_ann.out/PROKKA_05032022.gbk
D3_metabat_output.7.fa_ann.out/PROKKA_05032022.gff
D3_metabat_output.7.fa_ann.out/PROKKA_05032022.log
D3_metabat_output.7.fa_ann.out/PROKKA_05032022.sqn
D3_metabat_output.7.fa_ann.out/PROKKA_05032022.tbl
D3_metabat_output.7.fa_ann.out/PROKKA_05032022.tsv
D3_metabat_output.7.fa_ann.out/PROKKA_05032022.txt
D3_metabat_output.8.fa_ann.out
D3_metabat_output.8.fa_ann.out/PROKKA_05032022.err
D3_metabat_output.8.fa_ann.out/PROKKA_05032022.faa
D3_metabat_output.8.fa_ann.out/PROKKA_05032022.ffn
D3_metabat_output.8.fa_ann.out/PROKKA_05032022.fna
D3_metabat_output.8.fa_ann.out/PROKKA_05032022.fsa
D3_metabat_output.8.fa_ann.out/PROKKA_05032022.gbk
D3_metabat_output.8.fa_ann.out/PROKKA_05032022.gff
D3_metabat_output.8.fa_ann.out/PROKKA_05032022.log
D3_metabat_output.8.fa_ann.out/PROKKA_05032022.sqn
D3_metabat_output.8.fa_ann.out/PROKKA_05032022.tbl
D3_metabat_output.8.fa_ann.out/PROKKA_05032022.tsv
D3_metabat_output.8.fa_ann.out/PROKKA_05032022.txt
D3_metabat_output.9.fa_ann.out
D3_metabat_output.9.fa_ann.out/PROKKA_05032022.err
D3_metabat_output.9.fa_ann.out/PROKKA_05032022.faa
D3_metabat_output.9.fa_ann.out/PROKKA_05032022.ffn
D3_metabat_output.9.fa_ann.out/PROKKA_05032022.fna
D3_metabat_output.9.fa_ann.out/PROKKA_05032022.fsa
D3_metabat_output.9.fa_ann.out/PROKKA_05032022.gbk
D3_metabat_output.9.fa_ann.out/PROKKA_05032022.gff
D3_metabat_output.9.fa_ann.out/PROKKA_05032022.log
D3_metabat_output.9.fa_ann.out/PROKKA_05032022.sqn
D3_metabat_output.9.fa_ann.out/PROKKA_05032022.tbl
D3_metabat_output.9.fa_ann.out/PROKKA_05032022.tsv
D3_metabat_output.9.fa_ann.out/PROKKA_05032022.txt
