Script started, file is for
Script done, file is for
 _   _ ____  ____  __  __    _    __  __
| | | |  _ \|  _ \|  \/  |  / \   \ \/ /   | System:    s5
| | | | |_) | |_) | |\/| | / _ \   \  /    | User:      kvenk811
| |_| |  __/|  __/| |  | |/ ___ \  /  \    | 
 \___/|_|   |_|   |_|  |_/_/   \_\/_/\_\   | 

###############################################################################

        User Guides: http://www.uppmax.uu.se/support/user-guides
        FAQ: http://www.uppmax.uu.se/support/faq

        Write to support@uppmax.uu.se, if you have questions or comments.


]0;kvenk811@s5:~/Genome_Analysis_1MB462/Codes[?1034h[kvenk811@s5 Codes]$ ln: failed to create symbolic link ‘/proj/genomeanalysis2022/nobackup/work/kvenk811/phylophlan/input/D1/D1_metabat_output.10.fa_ann.out.faa’: File exists
ln: failed to create symbolic link ‘/proj/genomeanalysis2022/nobackup/work/kvenk811/phylophlan/input/D1/D1_metabat_output.11.fa_ann.out.faa’: File exists
ln: failed to create symbolic link ‘/proj/genomeanalysis2022/nobackup/work/kvenk811/phylophlan/input/D1/D1_metabat_output.12.fa_ann.out.faa’: File exists
ln: failed to create symbolic link ‘/proj/genomeanalysis2022/nobackup/work/kvenk811/phylophlan/input/D1/D1_metabat_output.1.fa_ann.out.faa’: File exists
ln: failed to create symbolic link ‘/proj/genomeanalysis2022/nobackup/work/kvenk811/phylophlan/input/D1/D1_metabat_output.2.fa_ann.out.faa’: File exists
ln: failed to create symbolic link ‘/proj/genomeanalysis2022/nobackup/work/kvenk811/phylophlan/input/D1/D1_metabat_output.3.fa_ann.out.faa’: File exists
ln: failed to create symbolic link ‘/proj/genomeanalysis2022/nobackup/work/kvenk811/phylophlan/input/D1/D1_metabat_output.4.fa_ann.out.faa’: File exists
ln: failed to create symbolic link ‘/proj/genomeanalysis2022/nobackup/work/kvenk811/phylophlan/input/D1/D1_metabat_output.5.fa_ann.out.faa’: File exists
ln: failed to create symbolic link ‘/proj/genomeanalysis2022/nobackup/work/kvenk811/phylophlan/input/D1/D1_metabat_output.6.fa_ann.out.faa’: File exists
ln: failed to create symbolic link ‘/proj/genomeanalysis2022/nobackup/work/kvenk811/phylophlan/input/D1/D1_metabat_output.7.fa_ann.out.faa’: File exists
ln: failed to create symbolic link ‘/proj/genomeanalysis2022/nobackup/work/kvenk811/phylophlan/input/D1/D1_metabat_output.8.fa_ann.out.faa’: File exists
ln: failed to create symbolic link ‘/proj/genomeanalysis2022/nobackup/work/kvenk811/phylophlan/input/D1/D1_metabat_output.9.fa_ann.out.faa’: File exists
ln: failed to create symbolic link ‘/proj/genomeanalysis2022/nobackup/work/kvenk811/phylophlan/input/D3/D3_metabat_output.10.fa_ann.out.faa’: File exists
ln: failed to create symbolic link ‘/proj/genomeanalysis2022/nobackup/work/kvenk811/phylophlan/input/D3/D3_metabat_output.11.fa_ann.out.faa’: File exists
ln: failed to create symbolic link ‘/proj/genomeanalysis2022/nobackup/work/kvenk811/phylophlan/input/D3/D3_metabat_output.12.fa_ann.out.faa’: File exists
ln: failed to create symbolic link ‘/proj/genomeanalysis2022/nobackup/work/kvenk811/phylophlan/input/D3/D3_metabat_output.13.fa_ann.out.faa’: File exists
ln: failed to create symbolic link ‘/proj/genomeanalysis2022/nobackup/work/kvenk811/phylophlan/input/D3/D3_metabat_output.14.fa_ann.out.faa’: File exists
ln: failed to create symbolic link ‘/proj/genomeanalysis2022/nobackup/work/kvenk811/phylophlan/input/D3/D3_metabat_output.15.fa_ann.out.faa’: File exists
ln: failed to create symbolic link ‘/proj/genomeanalysis2022/nobackup/work/kvenk811/phylophlan/input/D3/D3_metabat_output.16.fa_ann.out.faa’: File exists
ln: failed to create symbolic link ‘/proj/genomeanalysis2022/nobackup/work/kvenk811/phylophlan/input/D3/D3_metabat_output.17.fa_ann.out.faa’: File exists
ln: failed to create symbolic link ‘/proj/genomeanalysis2022/nobackup/work/kvenk811/phylophlan/input/D3/D3_metabat_output.18.fa_ann.out.faa’: File exists
ln: failed to create symbolic link ‘/proj/genomeanalysis2022/nobackup/work/kvenk811/phylophlan/input/D3/D3_metabat_output.19.fa_ann.out.faa’: File exists
ln: failed to create symbolic link ‘/proj/genomeanalysis2022/nobackup/work/kvenk811/phylophlan/input/D3/D3_metabat_output.1.fa_ann.out.faa’: File exists
ln: failed to create symbolic link ‘/proj/genomeanalysis2022/nobackup/work/kvenk811/phylophlan/input/D3/D3_metabat_output.20.fa_ann.out.faa’: File exists
ln: failed to create symbolic link ‘/proj/genomeanalysis2022/nobackup/work/kvenk811/phylophlan/input/D3/D3_metabat_output.21.fa_ann.out.faa’: File exists
ln: failed to create symbolic link ‘/proj/genomeanalysis2022/nobackup/work/kvenk811/phylophlan/input/D3/D3_metabat_output.2.fa_ann.out.faa’: File exists
ln: failed to create symbolic link ‘/proj/genomeanalysis2022/nobackup/work/kvenk811/phylophlan/input/D3/D3_metabat_output.3.fa_ann.out.faa’: File exists
ln: failed to create symbolic link ‘/proj/genomeanalysis2022/nobackup/work/kvenk811/phylophlan/input/D3/D3_metabat_output.4.fa_ann.out.faa’: File exists
ln: failed to create symbolic link ‘/proj/genomeanalysis2022/nobackup/work/kvenk811/phylophlan/input/D3/D3_metabat_output.5.fa_ann.out.faa’: File exists
ln: failed to create symbolic link ‘/proj/genomeanalysis2022/nobackup/work/kvenk811/phylophlan/input/D3/D3_metabat_output.6.fa_ann.out.faa’: File exists
ln: failed to create symbolic link ‘/proj/genomeanalysis2022/nobackup/work/kvenk811/phylophlan/input/D3/D3_metabat_output.7.fa_ann.out.faa’: File exists
ln: failed to create symbolic link ‘/proj/genomeanalysis2022/nobackup/work/kvenk811/phylophlan/input/D3/D3_metabat_output.8.fa_ann.out.faa’: File exists
ln: failed to create symbolic link ‘/proj/genomeanalysis2022/nobackup/work/kvenk811/phylophlan/input/D3/D3_metabat_output.9.fa_ann.out.faa’: File exists
/var/spool/slurmd/job6214650/slurm_script: line 66: /proj/genomeanalysis2022/nobackup/work/kvenk811/prokka_before_bwa: Is a directory
/var/spool/slurmd/job6214650/slurm_script: line 67: output/D1/D1_phylo.err: No such file or directory
/var/spool/slurmd/job6214650/slurm_script: line 68: output/D3/D3_phylo.err: No such file or directory
