+ module load bioinfo-tools eggNOG-mapper
++ /usr/share/lmod/lmod/libexec/lmod bash load bioinfo-tools eggNOG-mapper
EggNOG data 5.0 available at /sw/data/uppnex/eggNOG/5.0
+ eval '__LMOD_REF_COUNT_CPATH=/sw/apps/sqlite/3.34.0/snowy/include:1;' export '__LMOD_REF_COUNT_CPATH;' 'CPATH=/sw/apps/sqlite/3.34.0/snowy/include;' export 'CPATH;' '__LMOD_REF_COUNT_CPLUS_INCLUDE_PATH=/sw/apps/sqlite/3.34.0/snowy/include:1;' export '__LMOD_REF_COUNT_CPLUS_INCLUDE_PATH;' 'CPLUS_INCLUDE_PATH=/sw/apps/sqlite/3.34.0/snowy/include;' export 'CPLUS_INCLUDE_PATH;' 'EGGNOGMAPPER_DATA=/sw/data/uppnex/eggNOG/5.0;' export 'EGGNOGMAPPER_DATA;' 'EGGNOG_DATA_DIR=/sw/data/uppnex/eggNOG/5.0;' export 'EGGNOG_DATA_DIR;' '__LMOD_REF_COUNT_LD_LIBRARY_PATH=/sw/apps/sqlite/3.34.0/snowy/lib:1\;/sw/libs/wxWidgets/lib:1;' export '__LMOD_REF_COUNT_LD_LIBRARY_PATH;' 'LD_LIBRARY_PATH=/sw/apps/sqlite/3.34.0/snowy/lib:/sw/libs/wxWidgets/lib;' export 'LD_LIBRARY_PATH;' '__LMOD_REF_COUNT_LD_RUN_PATH=/sw/apps/sqlite/3.34.0/snowy/lib:1;' export '__LMOD_REF_COUNT_LD_RUN_PATH;' 'LD_RUN_PATH=/sw/apps/sqlite/3.34.0/snowy/lib;' export 'LD_RUN_PATH;' '__LMOD_REF_COUNT_LIBRARY_PATH=/sw/apps/sqlite/3.34.0/snowy/lib:1;' export '__LMOD_REF_COUNT_LIBRARY_PATH;' 'LIBRARY_PATH=/sw/apps/sqlite/3.34.0/snowy/lib;' export 'LIBRARY_PATH;' '__LMOD_REF_COUNT_LOADEDMODULES=uppmax:2\;bioinfo-tools:1\;python/3.8.7:1\;sqlite/3.34.0:1\;eggNOG-mapper/2.1.5:1;' export '__LMOD_REF_COUNT_LOADEDMODULES;' 'LOADEDMODULES=uppmax:bioinfo-tools:python/3.8.7:sqlite/3.34.0:eggNOG-mapper/2.1.5;' export 'LOADEDMODULES;' '__LMOD_REF_COUNT_MANPATH=/sw/apps/sqlite/3.34.0/snowy/share/man:1\;/sw/comp/python/3.8.7_snowy/share/man:1\;/usr/share/man:2\;/sw/uppmax/man:2\;/opt/thinlinc/share/man:2;' export '__LMOD_REF_COUNT_MANPATH;' 'MANPATH=/sw/apps/sqlite/3.34.0/snowy/share/man:/sw/comp/python/3.8.7_snowy/share/man:/usr/share/man:/sw/uppmax/man:/opt/thinlinc/share/man;' export 'MANPATH;' '__LMOD_REF_COUNT_MODULEPATH=/sw/mf/snowy/bioinfo-tools/annotation:1\;/sw/mf/snowy/bioinfo-tools/alignment:1\;/sw/mf/snowy/bioinfo-tools/assembly:1\;/sw/mf/snowy/bioinfo-tools/misc:1\;/sw/mf/snowy/bioinfo-tools/phylogeny:1\;/sw/mf/snowy/bioinfo-tools/pipelines:1\;/sw/mf/snowy/bioinfo-tools/sw_collections:1\;/sw/mf/snowy/applications:1\;/sw/mf/snowy/build-tools:1\;/sw/mf/snowy/compilers:1\;/sw/mf/snowy/data:1\;/sw/mf/snowy/environment:1\;/sw/mf/snowy/libraries:1\;/sw/mf/snowy/parallel:1;' export '__LMOD_REF_COUNT_MODULEPATH;' 'MODULEPATH=/sw/mf/snowy/bioinfo-tools/annotation:/sw/mf/snowy/bioinfo-tools/alignment:/sw/mf/snowy/bioinfo-tools/assembly:/sw/mf/snowy/bioinfo-tools/misc:/sw/mf/snowy/bioinfo-tools/phylogeny:/sw/mf/snowy/bioinfo-tools/pipelines:/sw/mf/snowy/bioinfo-tools/sw_collections:/sw/mf/snowy/applications:/sw/mf/snowy/build-tools:/sw/mf/snowy/compilers:/sw/mf/snowy/data:/sw/mf/snowy/environment:/sw/mf/snowy/libraries:/sw/mf/snowy/parallel;' export 'MODULEPATH;' '__LMOD_REF_COUNT_PATH=/sw/bioinfo/eggNOG-mapper/2.1.5/snowy/lib/python3.8/site-packages/eggnogmapper/bin:1\;/sw/bioinfo/eggNOG-mapper/2.1.5/snowy/bin:1\;/sw/apps/sqlite/3.34.0/snowy/bin:1\;/sw/comp/python/3.8.7_snowy/bin:1\;/home/kvenk811/bin:2\;/usr/local/bin:1\;/usr/bin:1\;/usr/local/sbin:1\;/usr/sbin:1\;/sw/uppmax/bin:2;' export '__LMOD_REF_COUNT_PATH;' 'PATH=/sw/bioinfo/eggNOG-mapper/2.1.5/snowy/lib/python3.8/site-packages/eggnogmapper/bin:/sw/bioinfo/eggNOG-mapper/2.1.5/snowy/bin:/sw/apps/sqlite/3.34.0/snowy/bin:/sw/comp/python/3.8.7_snowy/bin:/home/kvenk811/bin:/usr/local/bin:/usr/bin:/usr/local/sbin:/usr/sbin:/sw/uppmax/bin;' export 'PATH;' '__LMOD_REF_COUNT_PKG_CONFIG_PATH=/sw/apps/sqlite/3.34.0/snowy/lib/pkgconfig:1\;/sw/comp/python/3.8.7_snowy/lib/pkgconfig:1;' export '__LMOD_REF_COUNT_PKG_CONFIG_PATH;' 'PKG_CONFIG_PATH=/sw/apps/sqlite/3.34.0/snowy/lib/pkgconfig:/sw/comp/python/3.8.7_snowy/lib/pkgconfig;' export 'PKG_CONFIG_PATH;' '__LMOD_REF_COUNT_PYTHONPATH=/sw/bioinfo/eggNOG-mapper/2.1.5/snowy/lib/python3.8/site-packages:1;' export '__LMOD_REF_COUNT_PYTHONPATH;' 'PYTHONPATH=/sw/bioinfo/eggNOG-mapper/2.1.5/snowy/lib/python3.8/site-packages;' export 'PYTHONPATH;' 'PYTHON_ROOT=/sw/comp/python/3.8.7_snowy;' export 'PYTHON_ROOT;' 'SQLITE_ROOT=/sw/apps/sqlite/3.34.0/snowy;' export 'SQLITE_ROOT;' '__LMOD_REF_COUNT__LMFILES_=/sw/mf/snowy/environment/bioinfo-tools:1\;/sw/mf/snowy/compilers/python/3.8.7:1\;/sw/mf/snowy/applications/sqlite/3.34.0:1\;/sw/mf/snowy/bioinfo-tools/annotation/eggNOG-mapper/2.1.5:1;' export '__LMOD_REF_COUNT__LMFILES_;' '_LMFILES_=/sw/mf/snowy/environment/bioinfo-tools:/sw/mf/snowy/compilers/python/3.8.7:/sw/mf/snowy/applications/sqlite/3.34.0:/sw/mf/snowy/bioinfo-tools/annotation/eggNOG-mapper/2.1.5;' export '_LMFILES_;' '_ModuleTable001_=X01vZHVsZVRhYmxlXz17WyJNVHZlcnNpb24iXT0zLFsiY19yZWJ1aWxkVGltZSJdPWZhbHNlLFsiY19zaG9ydFRpbWUiXT1mYWxzZSxkZXB0aFQ9e30sZmFtaWx5PXt9LG1UPXtbImJpb2luZm8tdG9vbHMiXT17WyJmbiJdPSIvc3cvbWYvc25vd3kvZW52aXJvbm1lbnQvYmlvaW5mby10b29scyIsWyJmdWxsTmFtZSJdPSJiaW9pbmZvLXRvb2xzIixbImxvYWRPcmRlciJdPTEscHJvcFQ9e30sWyJzdGFja0RlcHRoIl09MCxbInN0YXR1cyJdPSJhY3RpdmUiLFsidXNlck5hbWUiXT0iYmlvaW5mby10b29scyIsfSxbImVnZ05PRy1tYXBwZXIiXT17WyJmbiJdPSIvc3cvbWYvc25vd3kvYmlvaW5mby10b29scy9hbm5vdGF0aW9uL2VnZ05PRy1tYXBwZXIvMi4xLjUiLFsiZnVsbE5h;' export '_ModuleTable001_;' '_ModuleTable002_=bWUiXT0iZWdnTk9HLW1hcHBlci8yLjEuNSIsWyJsb2FkT3JkZXIiXT00LHByb3BUPXt9LFsic3RhY2tEZXB0aCJdPTAsWyJzdGF0dXMiXT0iYWN0aXZlIixbInVzZXJOYW1lIl09ImVnZ05PRy1tYXBwZXIiLH0scHl0aG9uPXtbImZuIl09Ii9zdy9tZi9zbm93eS9jb21waWxlcnMvcHl0aG9uLzMuOC43IixbImZ1bGxOYW1lIl09InB5dGhvbi8zLjguNyIsWyJsb2FkT3JkZXIiXT0yLHByb3BUPXt9LFsic3RhY2tEZXB0aCJdPTEsWyJzdGF0dXMiXT0iYWN0aXZlIixbInVzZXJOYW1lIl09InB5dGhvbi8zLjguNyIsfSxzcWxpdGU9e1siZm4iXT0iL3N3L21mL3Nub3d5L2FwcGxpY2F0aW9ucy9zcWxpdGUvMy4zNC4wIixbImZ1bGxOYW1lIl09InNxbGl0ZS8zLjM0LjAiLFsibG9h;' export '_ModuleTable002_;' '_ModuleTable003_=ZE9yZGVyIl09Myxwcm9wVD17fSxbInN0YWNrRGVwdGgiXT0xLFsic3RhdHVzIl09ImFjdGl2ZSIsWyJ1c2VyTmFtZSJdPSJzcWxpdGUvMy4zNC4wIix9LH0sbXBhdGhBPXsiL3N3L21mL3Nub3d5L2Jpb2luZm8tdG9vbHMvYW5ub3RhdGlvbiIsIi9zdy9tZi9zbm93eS9iaW9pbmZvLXRvb2xzL2FsaWdubWVudCIsIi9zdy9tZi9zbm93eS9iaW9pbmZvLXRvb2xzL2Fzc2VtYmx5IiwiL3N3L21mL3Nub3d5L2Jpb2luZm8tdG9vbHMvbWlzYyIsIi9zdy9tZi9zbm93eS9iaW9pbmZvLXRvb2xzL3BoeWxvZ2VueSIsIi9zdy9tZi9zbm93eS9iaW9pbmZvLXRvb2xzL3BpcGVsaW5lcyIsIi9zdy9tZi9zbm93eS9iaW9pbmZvLXRvb2xzL3N3X2NvbGxlY3Rpb25zIiwiL3N3L21mL3Nub3d5;' export '_ModuleTable003_;' '_ModuleTable004_=L2FwcGxpY2F0aW9ucyIsIi9zdy9tZi9zbm93eS9idWlsZC10b29scyIsIi9zdy9tZi9zbm93eS9jb21waWxlcnMiLCIvc3cvbWYvc25vd3kvZGF0YSIsIi9zdy9tZi9zbm93eS9lbnZpcm9ubWVudCIsIi9zdy9tZi9zbm93eS9saWJyYXJpZXMiLCIvc3cvbWYvc25vd3kvcGFyYWxsZWwiLH0sWyJzeXN0ZW1CYXNlTVBBVEgiXT0iL3N3L21mL3Nub3d5L2FwcGxpY2F0aW9uczovc3cvbWYvc25vd3kvYnVpbGQtdG9vbHM6L3N3L21mL3Nub3d5L2NvbXBpbGVyczovc3cvbWYvc25vd3kvZGF0YTovc3cvbWYvc25vd3kvZW52aXJvbm1lbnQ6L3N3L21mL3Nub3d5L2xpYnJhcmllczovc3cvbWYvc25vd3kvcGFyYWxsZWwiLH0=;' export '_ModuleTable004_;' '_ModuleTable_Sz_=4;' export '_ModuleTable_Sz_;'
++ __LMOD_REF_COUNT_CPATH=/sw/apps/sqlite/3.34.0/snowy/include:1
++ export __LMOD_REF_COUNT_CPATH
++ CPATH=/sw/apps/sqlite/3.34.0/snowy/include
++ export CPATH
++ __LMOD_REF_COUNT_CPLUS_INCLUDE_PATH=/sw/apps/sqlite/3.34.0/snowy/include:1
++ export __LMOD_REF_COUNT_CPLUS_INCLUDE_PATH
++ CPLUS_INCLUDE_PATH=/sw/apps/sqlite/3.34.0/snowy/include
++ export CPLUS_INCLUDE_PATH
++ EGGNOGMAPPER_DATA=/sw/data/uppnex/eggNOG/5.0
++ export EGGNOGMAPPER_DATA
++ EGGNOG_DATA_DIR=/sw/data/uppnex/eggNOG/5.0
++ export EGGNOG_DATA_DIR
++ __LMOD_REF_COUNT_LD_LIBRARY_PATH='/sw/apps/sqlite/3.34.0/snowy/lib:1;/sw/libs/wxWidgets/lib:1'
++ export __LMOD_REF_COUNT_LD_LIBRARY_PATH
++ LD_LIBRARY_PATH=/sw/apps/sqlite/3.34.0/snowy/lib:/sw/libs/wxWidgets/lib
++ export LD_LIBRARY_PATH
++ __LMOD_REF_COUNT_LD_RUN_PATH=/sw/apps/sqlite/3.34.0/snowy/lib:1
++ export __LMOD_REF_COUNT_LD_RUN_PATH
++ LD_RUN_PATH=/sw/apps/sqlite/3.34.0/snowy/lib
++ export LD_RUN_PATH
++ __LMOD_REF_COUNT_LIBRARY_PATH=/sw/apps/sqlite/3.34.0/snowy/lib:1
++ export __LMOD_REF_COUNT_LIBRARY_PATH
++ LIBRARY_PATH=/sw/apps/sqlite/3.34.0/snowy/lib
++ export LIBRARY_PATH
++ __LMOD_REF_COUNT_LOADEDMODULES='uppmax:2;bioinfo-tools:1;python/3.8.7:1;sqlite/3.34.0:1;eggNOG-mapper/2.1.5:1'
++ export __LMOD_REF_COUNT_LOADEDMODULES
++ LOADEDMODULES=uppmax:bioinfo-tools:python/3.8.7:sqlite/3.34.0:eggNOG-mapper/2.1.5
++ export LOADEDMODULES
++ __LMOD_REF_COUNT_MANPATH='/sw/apps/sqlite/3.34.0/snowy/share/man:1;/sw/comp/python/3.8.7_snowy/share/man:1;/usr/share/man:2;/sw/uppmax/man:2;/opt/thinlinc/share/man:2'
++ export __LMOD_REF_COUNT_MANPATH
++ MANPATH=/sw/apps/sqlite/3.34.0/snowy/share/man:/sw/comp/python/3.8.7_snowy/share/man:/usr/share/man:/sw/uppmax/man:/opt/thinlinc/share/man
++ export MANPATH
++ __LMOD_REF_COUNT_MODULEPATH='/sw/mf/snowy/bioinfo-tools/annotation:1;/sw/mf/snowy/bioinfo-tools/alignment:1;/sw/mf/snowy/bioinfo-tools/assembly:1;/sw/mf/snowy/bioinfo-tools/misc:1;/sw/mf/snowy/bioinfo-tools/phylogeny:1;/sw/mf/snowy/bioinfo-tools/pipelines:1;/sw/mf/snowy/bioinfo-tools/sw_collections:1;/sw/mf/snowy/applications:1;/sw/mf/snowy/build-tools:1;/sw/mf/snowy/compilers:1;/sw/mf/snowy/data:1;/sw/mf/snowy/environment:1;/sw/mf/snowy/libraries:1;/sw/mf/snowy/parallel:1'
++ export __LMOD_REF_COUNT_MODULEPATH
++ MODULEPATH=/sw/mf/snowy/bioinfo-tools/annotation:/sw/mf/snowy/bioinfo-tools/alignment:/sw/mf/snowy/bioinfo-tools/assembly:/sw/mf/snowy/bioinfo-tools/misc:/sw/mf/snowy/bioinfo-tools/phylogeny:/sw/mf/snowy/bioinfo-tools/pipelines:/sw/mf/snowy/bioinfo-tools/sw_collections:/sw/mf/snowy/applications:/sw/mf/snowy/build-tools:/sw/mf/snowy/compilers:/sw/mf/snowy/data:/sw/mf/snowy/environment:/sw/mf/snowy/libraries:/sw/mf/snowy/parallel
++ export MODULEPATH
++ __LMOD_REF_COUNT_PATH='/sw/bioinfo/eggNOG-mapper/2.1.5/snowy/lib/python3.8/site-packages/eggnogmapper/bin:1;/sw/bioinfo/eggNOG-mapper/2.1.5/snowy/bin:1;/sw/apps/sqlite/3.34.0/snowy/bin:1;/sw/comp/python/3.8.7_snowy/bin:1;/home/kvenk811/bin:2;/usr/local/bin:1;/usr/bin:1;/usr/local/sbin:1;/usr/sbin:1;/sw/uppmax/bin:2'
++ export __LMOD_REF_COUNT_PATH
++ PATH=/sw/bioinfo/eggNOG-mapper/2.1.5/snowy/lib/python3.8/site-packages/eggnogmapper/bin:/sw/bioinfo/eggNOG-mapper/2.1.5/snowy/bin:/sw/apps/sqlite/3.34.0/snowy/bin:/sw/comp/python/3.8.7_snowy/bin:/home/kvenk811/bin:/usr/local/bin:/usr/bin:/usr/local/sbin:/usr/sbin:/sw/uppmax/bin
++ export PATH
++ __LMOD_REF_COUNT_PKG_CONFIG_PATH='/sw/apps/sqlite/3.34.0/snowy/lib/pkgconfig:1;/sw/comp/python/3.8.7_snowy/lib/pkgconfig:1'
++ export __LMOD_REF_COUNT_PKG_CONFIG_PATH
++ PKG_CONFIG_PATH=/sw/apps/sqlite/3.34.0/snowy/lib/pkgconfig:/sw/comp/python/3.8.7_snowy/lib/pkgconfig
++ export PKG_CONFIG_PATH
++ __LMOD_REF_COUNT_PYTHONPATH=/sw/bioinfo/eggNOG-mapper/2.1.5/snowy/lib/python3.8/site-packages:1
++ export __LMOD_REF_COUNT_PYTHONPATH
++ PYTHONPATH=/sw/bioinfo/eggNOG-mapper/2.1.5/snowy/lib/python3.8/site-packages
++ export PYTHONPATH
++ PYTHON_ROOT=/sw/comp/python/3.8.7_snowy
++ export PYTHON_ROOT
++ SQLITE_ROOT=/sw/apps/sqlite/3.34.0/snowy
++ export SQLITE_ROOT
++ __LMOD_REF_COUNT__LMFILES_='/sw/mf/snowy/environment/bioinfo-tools:1;/sw/mf/snowy/compilers/python/3.8.7:1;/sw/mf/snowy/applications/sqlite/3.34.0:1;/sw/mf/snowy/bioinfo-tools/annotation/eggNOG-mapper/2.1.5:1'
++ export __LMOD_REF_COUNT__LMFILES_
++ _LMFILES_=/sw/mf/snowy/environment/bioinfo-tools:/sw/mf/snowy/compilers/python/3.8.7:/sw/mf/snowy/applications/sqlite/3.34.0:/sw/mf/snowy/bioinfo-tools/annotation/eggNOG-mapper/2.1.5
++ export _LMFILES_
++ _ModuleTable001_=X01vZHVsZVRhYmxlXz17WyJNVHZlcnNpb24iXT0zLFsiY19yZWJ1aWxkVGltZSJdPWZhbHNlLFsiY19zaG9ydFRpbWUiXT1mYWxzZSxkZXB0aFQ9e30sZmFtaWx5PXt9LG1UPXtbImJpb2luZm8tdG9vbHMiXT17WyJmbiJdPSIvc3cvbWYvc25vd3kvZW52aXJvbm1lbnQvYmlvaW5mby10b29scyIsWyJmdWxsTmFtZSJdPSJiaW9pbmZvLXRvb2xzIixbImxvYWRPcmRlciJdPTEscHJvcFQ9e30sWyJzdGFja0RlcHRoIl09MCxbInN0YXR1cyJdPSJhY3RpdmUiLFsidXNlck5hbWUiXT0iYmlvaW5mby10b29scyIsfSxbImVnZ05PRy1tYXBwZXIiXT17WyJmbiJdPSIvc3cvbWYvc25vd3kvYmlvaW5mby10b29scy9hbm5vdGF0aW9uL2VnZ05PRy1tYXBwZXIvMi4xLjUiLFsiZnVsbE5h
++ export _ModuleTable001_
++ _ModuleTable002_=bWUiXT0iZWdnTk9HLW1hcHBlci8yLjEuNSIsWyJsb2FkT3JkZXIiXT00LHByb3BUPXt9LFsic3RhY2tEZXB0aCJdPTAsWyJzdGF0dXMiXT0iYWN0aXZlIixbInVzZXJOYW1lIl09ImVnZ05PRy1tYXBwZXIiLH0scHl0aG9uPXtbImZuIl09Ii9zdy9tZi9zbm93eS9jb21waWxlcnMvcHl0aG9uLzMuOC43IixbImZ1bGxOYW1lIl09InB5dGhvbi8zLjguNyIsWyJsb2FkT3JkZXIiXT0yLHByb3BUPXt9LFsic3RhY2tEZXB0aCJdPTEsWyJzdGF0dXMiXT0iYWN0aXZlIixbInVzZXJOYW1lIl09InB5dGhvbi8zLjguNyIsfSxzcWxpdGU9e1siZm4iXT0iL3N3L21mL3Nub3d5L2FwcGxpY2F0aW9ucy9zcWxpdGUvMy4zNC4wIixbImZ1bGxOYW1lIl09InNxbGl0ZS8zLjM0LjAiLFsibG9h
++ export _ModuleTable002_
++ _ModuleTable003_=ZE9yZGVyIl09Myxwcm9wVD17fSxbInN0YWNrRGVwdGgiXT0xLFsic3RhdHVzIl09ImFjdGl2ZSIsWyJ1c2VyTmFtZSJdPSJzcWxpdGUvMy4zNC4wIix9LH0sbXBhdGhBPXsiL3N3L21mL3Nub3d5L2Jpb2luZm8tdG9vbHMvYW5ub3RhdGlvbiIsIi9zdy9tZi9zbm93eS9iaW9pbmZvLXRvb2xzL2FsaWdubWVudCIsIi9zdy9tZi9zbm93eS9iaW9pbmZvLXRvb2xzL2Fzc2VtYmx5IiwiL3N3L21mL3Nub3d5L2Jpb2luZm8tdG9vbHMvbWlzYyIsIi9zdy9tZi9zbm93eS9iaW9pbmZvLXRvb2xzL3BoeWxvZ2VueSIsIi9zdy9tZi9zbm93eS9iaW9pbmZvLXRvb2xzL3BpcGVsaW5lcyIsIi9zdy9tZi9zbm93eS9iaW9pbmZvLXRvb2xzL3N3X2NvbGxlY3Rpb25zIiwiL3N3L21mL3Nub3d5
++ export _ModuleTable003_
++ _ModuleTable004_=L2FwcGxpY2F0aW9ucyIsIi9zdy9tZi9zbm93eS9idWlsZC10b29scyIsIi9zdy9tZi9zbm93eS9jb21waWxlcnMiLCIvc3cvbWYvc25vd3kvZGF0YSIsIi9zdy9tZi9zbm93eS9lbnZpcm9ubWVudCIsIi9zdy9tZi9zbm93eS9saWJyYXJpZXMiLCIvc3cvbWYvc25vd3kvcGFyYWxsZWwiLH0sWyJzeXN0ZW1CYXNlTVBBVEgiXT0iL3N3L21mL3Nub3d5L2FwcGxpY2F0aW9uczovc3cvbWYvc25vd3kvYnVpbGQtdG9vbHM6L3N3L21mL3Nub3d5L2NvbXBpbGVyczovc3cvbWYvc25vd3kvZGF0YTovc3cvbWYvc25vd3kvZW52aXJvbm1lbnQ6L3N3L21mL3Nub3d5L2xpYnJhcmllczovc3cvbWYvc25vd3kvcGFyYWxsZWwiLH0=
++ export _ModuleTable004_
++ _ModuleTable_Sz_=4
++ export _ModuleTable_Sz_
++ : -s sh
+ eval
+ seqdir=/proj/genomeanalysis2022/nobackup/work/kvenk811/Metabat_binning_before_bwa
+ outdir=/proj/genomeanalysis2022/nobackup/work/kvenk811/eggnog_funct_without_bwa
+ cd /proj/genomeanalysis2022/nobackup/work/kvenk811/Metabat_binning_before_bwa/D3_metabat_output
+ for bin_D3 in '*'
+ emapper.py --itype metagenome -i D3_metabat_output.10.fa -o D3_metabat_output.10.fa --output_dir /proj/genomeanalysis2022/nobackup/work/kvenk811/eggnog_funct_without_bwa/D3_complete
[1;32mFunctional annotation of hits...[0m
0 5.9604644775390625e-06 0.00 q/s (% mem usage: 17.30, % mem avail: 82.72)
#  emapper-2.1.5
# emapper.py  --itype metagenome -i D3_metabat_output.10.fa -o D3_metabat_output.10.fa --output_dir /proj/genomeanalysis2022/nobackup/work/kvenk811/eggnog_funct_without_bwa/D3_complete
[1;33m  /sw/bioinfo/eggNOG-mapper/2.1.5/snowy/lib/python3.8/site-packages/eggnogmapper/bin/diamond blastx -d /crex/data/eggNOG_data/5.0/eggnog_proteins.dmnd -q /crex/proj/genomeanalysis2022/nobackup/work/kvenk811/Metabat_binning_before_bwa/D3_metabat_output/D3_metabat_output.10.fa --threads 1 -o /crex/proj/genomeanalysis2022/nobackup/work/kvenk811/eggnog_funct_without_bwa/D3_complete/D3_metabat_output.10.fa.emapper.hits  --sensitive -e 0.001 --max-target-seqs 0 --max-hsps 0  --outfmt 6 qseqid sseqid pident length mismatch gapopen qstart qend sstart send evalue bitscore qcovhsp scovhsp[0m
[1;32mDecorating gff file /crex/proj/genomeanalysis2022/nobackup/work/kvenk811/eggnog_funct_without_bwa/D3_complete/D3_metabat_output.10.fa.emapper.gff...[0m
Parsing fasta file /crex/proj/genomeanalysis2022/nobackup/work/kvenk811/Metabat_binning_before_bwa/D3_metabat_output/D3_metabat_output.10.fa...
Fasta file /crex/proj/genomeanalysis2022/nobackup/work/kvenk811/Metabat_binning_before_bwa/D3_metabat_output/D3_metabat_output.10.fa parsing complete.
500 982.2906262874603 0.51 q/s (% mem usage: 25.50, % mem avail: 74.50)
1000 982.3067705631256 1.02 q/s (% mem usage: 25.50, % mem avail: 74.50)
1500 982.3223361968994 1.53 q/s (% mem usage: 25.50, % mem avail: 74.50)
1877 982.3924739360809 1.91 q/s (% mem usage: 25.50, % mem avail: 74.54)
[32mDone[0m
   /crex/proj/genomeanalysis2022/nobackup/work/kvenk811/eggnog_funct_without_bwa/D3_complete/D3_metabat_output.10.fa.emapper.genepred.fasta
   /crex/proj/genomeanalysis2022/nobackup/work/kvenk811/eggnog_funct_without_bwa/D3_complete/D3_metabat_output.10.fa.emapper.gff
   /crex/proj/genomeanalysis2022/nobackup/work/kvenk811/eggnog_funct_without_bwa/D3_complete/D3_metabat_output.10.fa.emapper.hits
   /crex/proj/genomeanalysis2022/nobackup/work/kvenk811/eggnog_funct_without_bwa/D3_complete/D3_metabat_output.10.fa.emapper.seed_orthologs
   /crex/proj/genomeanalysis2022/nobackup/work/kvenk811/eggnog_funct_without_bwa/D3_complete/D3_metabat_output.10.fa.emapper.annotations

================================================================================
CITATION:
If you use this software, please cite:

[1] eggNOG-mapper v2: functional annotation, orthology assignments, and domain 
      prediction at the metagenomic scale. Carlos P. Cantalapiedra, 
      Ana Hernandez-Plaza, Ivica Letunic, Peer Bork, Jaime Huerta-Cepas.
      biorxiv (2021). doi: https://doi.org/10.1101/2021.06.03.446934

[2] eggNOG 5.0: a hierarchical, functionally and phylogenetically annotated
      orthology resource based on 5090 organisms and 2502 viruses. Jaime
      Huerta-Cepas, Damian Szklarczyk, Davide Heller, Ana Hernandez-Plaza,
      Sofia K Forslund, Helen Cook, Daniel R Mende, Ivica Letunic, Thomas
      Rattei, Lars J Jensen, Christian von Mering and Peer Bork. Nucleic Acids
      Research, Volume 47, Issue D1, 8 January 2019, Pages D309-D314,
      https://doi.org/10.1093/nar/gky1085 

[3] Fast and Sensitive Protein Alignment using DIAMOND. Buchfink B, Xie C,
       Huson DH. 2015. Nat. Methods 12, 59–60. https://doi.org/10.1038/nmeth.3176

e.g. Functional annotation was performed using emapper-2.1.5 [1]
 based on eggNOG orthology data [2]. Sequence searches were performed using [3].


================================================================================

Total hits processed: 1877
Total time: 15538 secs
FINISHED
+ for bin_D3 in '*'
+ emapper.py --itype metagenome -i D3_metabat_output.11.fa -o D3_metabat_output.11.fa --output_dir /proj/genomeanalysis2022/nobackup/work/kvenk811/eggnog_funct_without_bwa/D3_complete
[1;32mFunctional annotation of hits...[0m
0 5.0067901611328125e-06 0.00 q/s (% mem usage: 17.30, % mem avail: 82.70)
#  emapper-2.1.5
# emapper.py  --itype metagenome -i D3_metabat_output.11.fa -o D3_metabat_output.11.fa --output_dir /proj/genomeanalysis2022/nobackup/work/kvenk811/eggnog_funct_without_bwa/D3_complete
[1;33m  /sw/bioinfo/eggNOG-mapper/2.1.5/snowy/lib/python3.8/site-packages/eggnogmapper/bin/diamond blastx -d /crex/data/eggNOG_data/5.0/eggnog_proteins.dmnd -q /crex/proj/genomeanalysis2022/nobackup/work/kvenk811/Metabat_binning_before_bwa/D3_metabat_output/D3_metabat_output.11.fa --threads 1 -o /crex/proj/genomeanalysis2022/nobackup/work/kvenk811/eggnog_funct_without_bwa/D3_complete/D3_metabat_output.11.fa.emapper.hits  --sensitive -e 0.001 --max-target-seqs 0 --max-hsps 0  --outfmt 6 qseqid sseqid pident length mismatch gapopen qstart qend sstart send evalue bitscore qcovhsp scovhsp[0m
[1;32mDecorating gff file /crex/proj/genomeanalysis2022/nobackup/work/kvenk811/eggnog_funct_without_bwa/D3_complete/D3_metabat_output.11.fa.emapper.gff...[0m
Parsing fasta file /crex/proj/genomeanalysis2022/nobackup/work/kvenk811/Metabat_binning_before_bwa/D3_metabat_output/D3_metabat_output.11.fa...
Fasta file /crex/proj/genomeanalysis2022/nobackup/work/kvenk811/Metabat_binning_before_bwa/D3_metabat_output/D3_metabat_output.11.fa parsing complete.
500 290.6818206310272 1.72 q/s (% mem usage: 24.60, % mem avail: 75.41)
908 290.7063901424408 3.12 q/s (% mem usage: 24.60, % mem avail: 75.41)
[32mDone[0m
   /crex/proj/genomeanalysis2022/nobackup/work/kvenk811/eggnog_funct_without_bwa/D3_complete/D3_metabat_output.11.fa.emapper.genepred.fasta
   /crex/proj/genomeanalysis2022/nobackup/work/kvenk811/eggnog_funct_without_bwa/D3_complete/D3_metabat_output.11.fa.emapper.gff
   /crex/proj/genomeanalysis2022/nobackup/work/kvenk811/eggnog_funct_without_bwa/D3_complete/D3_metabat_output.11.fa.emapper.hits
   /crex/proj/genomeanalysis2022/nobackup/work/kvenk811/eggnog_funct_without_bwa/D3_complete/D3_metabat_output.11.fa.emapper.seed_orthologs
   /crex/proj/genomeanalysis2022/nobackup/work/kvenk811/eggnog_funct_without_bwa/D3_complete/D3_metabat_output.11.fa.emapper.annotations

================================================================================
CITATION:
If you use this software, please cite:

[1] eggNOG-mapper v2: functional annotation, orthology assignments, and domain 
      prediction at the metagenomic scale. Carlos P. Cantalapiedra, 
      Ana Hernandez-Plaza, Ivica Letunic, Peer Bork, Jaime Huerta-Cepas.
      biorxiv (2021). doi: https://doi.org/10.1101/2021.06.03.446934

[2] eggNOG 5.0: a hierarchical, functionally and phylogenetically annotated
      orthology resource based on 5090 organisms and 2502 viruses. Jaime
      Huerta-Cepas, Damian Szklarczyk, Davide Heller, Ana Hernandez-Plaza,
      Sofia K Forslund, Helen Cook, Daniel R Mende, Ivica Letunic, Thomas
      Rattei, Lars J Jensen, Christian von Mering and Peer Bork. Nucleic Acids
      Research, Volume 47, Issue D1, 8 January 2019, Pages D309-D314,
      https://doi.org/10.1093/nar/gky1085 

[3] Fast and Sensitive Protein Alignment using DIAMOND. Buchfink B, Xie C,
       Huson DH. 2015. Nat. Methods 12, 59–60. https://doi.org/10.1038/nmeth.3176

e.g. Functional annotation was performed using emapper-2.1.5 [1]
 based on eggNOG orthology data [2]. Sequence searches were performed using [3].


================================================================================

Total hits processed: 908
Total time: 11138 secs
FINISHED
+ for bin_D3 in '*'
+ emapper.py --itype metagenome -i D3_metabat_output.12.fa -o D3_metabat_output.12.fa --output_dir /proj/genomeanalysis2022/nobackup/work/kvenk811/eggnog_funct_without_bwa/D3_complete
[1;32mFunctional annotation of hits...[0m
0 5.7220458984375e-06 0.00 q/s (% mem usage: 18.50, % mem avail: 81.54)
#  emapper-2.1.5
# emapper.py  --itype metagenome -i D3_metabat_output.12.fa -o D3_metabat_output.12.fa --output_dir /proj/genomeanalysis2022/nobackup/work/kvenk811/eggnog_funct_without_bwa/D3_complete
[1;33m  /sw/bioinfo/eggNOG-mapper/2.1.5/snowy/lib/python3.8/site-packages/eggnogmapper/bin/diamond blastx -d /crex/data/eggNOG_data/5.0/eggnog_proteins.dmnd -q /crex/proj/genomeanalysis2022/nobackup/work/kvenk811/Metabat_binning_before_bwa/D3_metabat_output/D3_metabat_output.12.fa --threads 1 -o /crex/proj/genomeanalysis2022/nobackup/work/kvenk811/eggnog_funct_without_bwa/D3_complete/D3_metabat_output.12.fa.emapper.hits  --sensitive -e 0.001 --max-target-seqs 0 --max-hsps 0  --outfmt 6 qseqid sseqid pident length mismatch gapopen qstart qend sstart send evalue bitscore qcovhsp scovhsp[0m
[1;32mDecorating gff file /crex/proj/genomeanalysis2022/nobackup/work/kvenk811/eggnog_funct_without_bwa/D3_complete/D3_metabat_output.12.fa.emapper.gff...[0m
Parsing fasta file /crex/proj/genomeanalysis2022/nobackup/work/kvenk811/Metabat_binning_before_bwa/D3_metabat_output/D3_metabat_output.12.fa...
Fasta file /crex/proj/genomeanalysis2022/nobackup/work/kvenk811/Metabat_binning_before_bwa/D3_metabat_output/D3_metabat_output.12.fa parsing complete.
500 948.4791579246521 0.53 q/s (% mem usage: 25.30, % mem avail: 74.74)
1000 948.5164601802826 1.05 q/s (% mem usage: 25.30, % mem avail: 74.74)
1500 948.5334997177124 1.58 q/s (% mem usage: 25.30, % mem avail: 74.74)
2000 948.5507152080536 2.11 q/s (% mem usage: 25.30, % mem avail: 74.74)
2500 948.566508769989 2.64 q/s (% mem usage: 25.30, % mem avail: 74.74)
3000 948.5830807685852 3.16 q/s (% mem usage: 25.30, % mem avail: 74.73)
3500 948.6000483036041 3.69 q/s (% mem usage: 25.30, % mem avail: 74.73)
3988 948.6768419742584 4.20 q/s (% mem usage: 25.20, % mem avail: 74.76)
[32mDone[0m
   /crex/proj/genomeanalysis2022/nobackup/work/kvenk811/eggnog_funct_without_bwa/D3_complete/D3_metabat_output.12.fa.emapper.genepred.fasta
   /crex/proj/genomeanalysis2022/nobackup/work/kvenk811/eggnog_funct_without_bwa/D3_complete/D3_metabat_output.12.fa.emapper.gff
   /crex/proj/genomeanalysis2022/nobackup/work/kvenk811/eggnog_funct_without_bwa/D3_complete/D3_metabat_output.12.fa.emapper.hits
   /crex/proj/genomeanalysis2022/nobackup/work/kvenk811/eggnog_funct_without_bwa/D3_complete/D3_metabat_output.12.fa.emapper.seed_orthologs
   /crex/proj/genomeanalysis2022/nobackup/work/kvenk811/eggnog_funct_without_bwa/D3_complete/D3_metabat_output.12.fa.emapper.annotations

================================================================================
CITATION:
If you use this software, please cite:

[1] eggNOG-mapper v2: functional annotation, orthology assignments, and domain 
      prediction at the metagenomic scale. Carlos P. Cantalapiedra, 
      Ana Hernandez-Plaza, Ivica Letunic, Peer Bork, Jaime Huerta-Cepas.
      biorxiv (2021). doi: https://doi.org/10.1101/2021.06.03.446934

[2] eggNOG 5.0: a hierarchical, functionally and phylogenetically annotated
      orthology resource based on 5090 organisms and 2502 viruses. Jaime
      Huerta-Cepas, Damian Szklarczyk, Davide Heller, Ana Hernandez-Plaza,
      Sofia K Forslund, Helen Cook, Daniel R Mende, Ivica Letunic, Thomas
      Rattei, Lars J Jensen, Christian von Mering and Peer Bork. Nucleic Acids
      Research, Volume 47, Issue D1, 8 January 2019, Pages D309-D314,
      https://doi.org/10.1093/nar/gky1085 

[3] Fast and Sensitive Protein Alignment using DIAMOND. Buchfink B, Xie C,
       Huson DH. 2015. Nat. Methods 12, 59–60. https://doi.org/10.1038/nmeth.3176

e.g. Functional annotation was performed using emapper-2.1.5 [1]
 based on eggNOG orthology data [2]. Sequence searches were performed using [3].


================================================================================

Total hits processed: 3988
Total time: 23407 secs
FINISHED
+ for bin_D3 in '*'
+ emapper.py --itype metagenome -i D3_metabat_output.13.fa -o D3_metabat_output.13.fa --output_dir /proj/genomeanalysis2022/nobackup/work/kvenk811/eggnog_funct_without_bwa/D3_complete
[1;32mFunctional annotation of hits...[0m
0 4.5299530029296875e-06 0.00 q/s (% mem usage: 16.60, % mem avail: 83.40)
#  emapper-2.1.5
# emapper.py  --itype metagenome -i D3_metabat_output.13.fa -o D3_metabat_output.13.fa --output_dir /proj/genomeanalysis2022/nobackup/work/kvenk811/eggnog_funct_without_bwa/D3_complete
[1;33m  /sw/bioinfo/eggNOG-mapper/2.1.5/snowy/lib/python3.8/site-packages/eggnogmapper/bin/diamond blastx -d /crex/data/eggNOG_data/5.0/eggnog_proteins.dmnd -q /crex/proj/genomeanalysis2022/nobackup/work/kvenk811/Metabat_binning_before_bwa/D3_metabat_output/D3_metabat_output.13.fa --threads 1 -o /crex/proj/genomeanalysis2022/nobackup/work/kvenk811/eggnog_funct_without_bwa/D3_complete/D3_metabat_output.13.fa.emapper.hits  --sensitive -e 0.001 --max-target-seqs 0 --max-hsps 0  --outfmt 6 qseqid sseqid pident length mismatch gapopen qstart qend sstart send evalue bitscore qcovhsp scovhsp[0m
[1;32mDecorating gff file /crex/proj/genomeanalysis2022/nobackup/work/kvenk811/eggnog_funct_without_bwa/D3_complete/D3_metabat_output.13.fa.emapper.gff...[0m
Parsing fasta file /crex/proj/genomeanalysis2022/nobackup/work/kvenk811/Metabat_binning_before_bwa/D3_metabat_output/D3_metabat_output.13.fa...
Fasta file /crex/proj/genomeanalysis2022/nobackup/work/kvenk811/Metabat_binning_before_bwa/D3_metabat_output/D3_metabat_output.13.fa parsing complete.
500 774.7507855892181 0.65 q/s (% mem usage: 25.10, % mem avail: 74.89)
1000 774.7681579589844 1.29 q/s (% mem usage: 25.10, % mem avail: 74.89)
1403 774.8254568576813 1.81 q/s (% mem usage: 25.10, % mem avail: 74.92)
[32mDone[0m
   /crex/proj/genomeanalysis2022/nobackup/work/kvenk811/eggnog_funct_without_bwa/D3_complete/D3_metabat_output.13.fa.emapper.genepred.fasta
   /crex/proj/genomeanalysis2022/nobackup/work/kvenk811/eggnog_funct_without_bwa/D3_complete/D3_metabat_output.13.fa.emapper.gff
   /crex/proj/genomeanalysis2022/nobackup/work/kvenk811/eggnog_funct_without_bwa/D3_complete/D3_metabat_output.13.fa.emapper.hits
   /crex/proj/genomeanalysis2022/nobackup/work/kvenk811/eggnog_funct_without_bwa/D3_complete/D3_metabat_output.13.fa.emapper.seed_orthologs
   /crex/proj/genomeanalysis2022/nobackup/work/kvenk811/eggnog_funct_without_bwa/D3_complete/D3_metabat_output.13.fa.emapper.annotations

================================================================================
CITATION:
If you use this software, please cite:

[1] eggNOG-mapper v2: functional annotation, orthology assignments, and domain 
      prediction at the metagenomic scale. Carlos P. Cantalapiedra, 
      Ana Hernandez-Plaza, Ivica Letunic, Peer Bork, Jaime Huerta-Cepas.
      biorxiv (2021). doi: https://doi.org/10.1101/2021.06.03.446934

[2] eggNOG 5.0: a hierarchical, functionally and phylogenetically annotated
      orthology resource based on 5090 organisms and 2502 viruses. Jaime
      Huerta-Cepas, Damian Szklarczyk, Davide Heller, Ana Hernandez-Plaza,
      Sofia K Forslund, Helen Cook, Daniel R Mende, Ivica Letunic, Thomas
      Rattei, Lars J Jensen, Christian von Mering and Peer Bork. Nucleic Acids
      Research, Volume 47, Issue D1, 8 January 2019, Pages D309-D314,
      https://doi.org/10.1093/nar/gky1085 

[3] Fast and Sensitive Protein Alignment using DIAMOND. Buchfink B, Xie C,
       Huson DH. 2015. Nat. Methods 12, 59–60. https://doi.org/10.1038/nmeth.3176

e.g. Functional annotation was performed using emapper-2.1.5 [1]
 based on eggNOG orthology data [2]. Sequence searches were performed using [3].


================================================================================

Total hits processed: 1403
Total time: 11739 secs
FINISHED
+ for bin_D3 in '*'
+ emapper.py --itype metagenome -i D3_metabat_output.14.fa -o D3_metabat_output.14.fa --output_dir /proj/genomeanalysis2022/nobackup/work/kvenk811/eggnog_funct_without_bwa/D3_complete
[1;32mFunctional annotation of hits...[0m
0 4.5299530029296875e-06 0.00 q/s (% mem usage: 17.30, % mem avail: 82.73)
#  emapper-2.1.5
# emapper.py  --itype metagenome -i D3_metabat_output.14.fa -o D3_metabat_output.14.fa --output_dir /proj/genomeanalysis2022/nobackup/work/kvenk811/eggnog_funct_without_bwa/D3_complete
[1;33m  /sw/bioinfo/eggNOG-mapper/2.1.5/snowy/lib/python3.8/site-packages/eggnogmapper/bin/diamond blastx -d /crex/data/eggNOG_data/5.0/eggnog_proteins.dmnd -q /crex/proj/genomeanalysis2022/nobackup/work/kvenk811/Metabat_binning_before_bwa/D3_metabat_output/D3_metabat_output.14.fa --threads 1 -o /crex/proj/genomeanalysis2022/nobackup/work/kvenk811/eggnog_funct_without_bwa/D3_complete/D3_metabat_output.14.fa.emapper.hits  --sensitive -e 0.001 --max-target-seqs 0 --max-hsps 0  --outfmt 6 qseqid sseqid pident length mismatch gapopen qstart qend sstart send evalue bitscore qcovhsp scovhsp[0m
[1;32mDecorating gff file /crex/proj/genomeanalysis2022/nobackup/work/kvenk811/eggnog_funct_without_bwa/D3_complete/D3_metabat_output.14.fa.emapper.gff...[0m
Parsing fasta file /crex/proj/genomeanalysis2022/nobackup/work/kvenk811/Metabat_binning_before_bwa/D3_metabat_output/D3_metabat_output.14.fa...
Fasta file /crex/proj/genomeanalysis2022/nobackup/work/kvenk811/Metabat_binning_before_bwa/D3_metabat_output/D3_metabat_output.14.fa parsing complete.
289 153.6527805328369 1.88 q/s (% mem usage: 24.70, % mem avail: 75.29)
[32mDone[0m
   /crex/proj/genomeanalysis2022/nobackup/work/kvenk811/eggnog_funct_without_bwa/D3_complete/D3_metabat_output.14.fa.emapper.genepred.fasta
   /crex/proj/genomeanalysis2022/nobackup/work/kvenk811/eggnog_funct_without_bwa/D3_complete/D3_metabat_output.14.fa.emapper.gff
   /crex/proj/genomeanalysis2022/nobackup/work/kvenk811/eggnog_funct_without_bwa/D3_complete/D3_metabat_output.14.fa.emapper.hits
   /crex/proj/genomeanalysis2022/nobackup/work/kvenk811/eggnog_funct_without_bwa/D3_complete/D3_metabat_output.14.fa.emapper.seed_orthologs
   /crex/proj/genomeanalysis2022/nobackup/work/kvenk811/eggnog_funct_without_bwa/D3_complete/D3_metabat_output.14.fa.emapper.annotations

================================================================================
CITATION:
If you use this software, please cite:

[1] eggNOG-mapper v2: functional annotation, orthology assignments, and domain 
      prediction at the metagenomic scale. Carlos P. Cantalapiedra, 
      Ana Hernandez-Plaza, Ivica Letunic, Peer Bork, Jaime Huerta-Cepas.
      biorxiv (2021). doi: https://doi.org/10.1101/2021.06.03.446934

[2] eggNOG 5.0: a hierarchical, functionally and phylogenetically annotated
      orthology resource based on 5090 organisms and 2502 viruses. Jaime
      Huerta-Cepas, Damian Szklarczyk, Davide Heller, Ana Hernandez-Plaza,
      Sofia K Forslund, Helen Cook, Daniel R Mende, Ivica Letunic, Thomas
      Rattei, Lars J Jensen, Christian von Mering and Peer Bork. Nucleic Acids
      Research, Volume 47, Issue D1, 8 January 2019, Pages D309-D314,
      https://doi.org/10.1093/nar/gky1085 

[3] Fast and Sensitive Protein Alignment using DIAMOND. Buchfink B, Xie C,
       Huson DH. 2015. Nat. Methods 12, 59–60. https://doi.org/10.1038/nmeth.3176

e.g. Functional annotation was performed using emapper-2.1.5 [1]
 based on eggNOG orthology data [2]. Sequence searches were performed using [3].


================================================================================

Total hits processed: 289
Total time: 4950 secs
FINISHED
+ for bin_D3 in '*'
+ emapper.py --itype metagenome -i D3_metabat_output.15.fa -o D3_metabat_output.15.fa --output_dir /proj/genomeanalysis2022/nobackup/work/kvenk811/eggnog_funct_without_bwa/D3_complete
[1;32mFunctional annotation of hits...[0m
0 4.76837158203125e-06 0.00 q/s (% mem usage: 27.50, % mem avail: 72.52)
#  emapper-2.1.5
# emapper.py  --itype metagenome -i D3_metabat_output.15.fa -o D3_metabat_output.15.fa --output_dir /proj/genomeanalysis2022/nobackup/work/kvenk811/eggnog_funct_without_bwa/D3_complete
[1;33m  /sw/bioinfo/eggNOG-mapper/2.1.5/snowy/lib/python3.8/site-packages/eggnogmapper/bin/diamond blastx -d /crex/data/eggNOG_data/5.0/eggnog_proteins.dmnd -q /crex/proj/genomeanalysis2022/nobackup/work/kvenk811/Metabat_binning_before_bwa/D3_metabat_output/D3_metabat_output.15.fa --threads 1 -o /crex/proj/genomeanalysis2022/nobackup/work/kvenk811/eggnog_funct_without_bwa/D3_complete/D3_metabat_output.15.fa.emapper.hits  --sensitive -e 0.001 --max-target-seqs 0 --max-hsps 0  --outfmt 6 qseqid sseqid pident length mismatch gapopen qstart qend sstart send evalue bitscore qcovhsp scovhsp[0m
[1;32mDecorating gff file /crex/proj/genomeanalysis2022/nobackup/work/kvenk811/eggnog_funct_without_bwa/D3_complete/D3_metabat_output.15.fa.emapper.gff...[0m
Parsing fasta file /crex/proj/genomeanalysis2022/nobackup/work/kvenk811/Metabat_binning_before_bwa/D3_metabat_output/D3_metabat_output.15.fa...
Fasta file /crex/proj/genomeanalysis2022/nobackup/work/kvenk811/Metabat_binning_before_bwa/D3_metabat_output/D3_metabat_output.15.fa parsing complete.
500 533.3312091827393 0.94 q/s (% mem usage: 28.60, % mem avail: 71.36)
1000 533.349990606308 1.87 q/s (% mem usage: 28.60, % mem avail: 71.36)
1500 533.366185426712 2.81 q/s (% mem usage: 28.60, % mem avail: 71.36)
1841 533.4457697868347 3.45 q/s (% mem usage: 28.60, % mem avail: 71.40)
[32mDone[0m
   /crex/proj/genomeanalysis2022/nobackup/work/kvenk811/eggnog_funct_without_bwa/D3_complete/D3_metabat_output.15.fa.emapper.genepred.fasta
   /crex/proj/genomeanalysis2022/nobackup/work/kvenk811/eggnog_funct_without_bwa/D3_complete/D3_metabat_output.15.fa.emapper.gff
   /crex/proj/genomeanalysis2022/nobackup/work/kvenk811/eggnog_funct_without_bwa/D3_complete/D3_metabat_output.15.fa.emapper.hits
   /crex/proj/genomeanalysis2022/nobackup/work/kvenk811/eggnog_funct_without_bwa/D3_complete/D3_metabat_output.15.fa.emapper.seed_orthologs
   /crex/proj/genomeanalysis2022/nobackup/work/kvenk811/eggnog_funct_without_bwa/D3_complete/D3_metabat_output.15.fa.emapper.annotations

================================================================================
CITATION:
If you use this software, please cite:

[1] eggNOG-mapper v2: functional annotation, orthology assignments, and domain 
      prediction at the metagenomic scale. Carlos P. Cantalapiedra, 
      Ana Hernandez-Plaza, Ivica Letunic, Peer Bork, Jaime Huerta-Cepas.
      biorxiv (2021). doi: https://doi.org/10.1101/2021.06.03.446934

[2] eggNOG 5.0: a hierarchical, functionally and phylogenetically annotated
      orthology resource based on 5090 organisms and 2502 viruses. Jaime
      Huerta-Cepas, Damian Szklarczyk, Davide Heller, Ana Hernandez-Plaza,
      Sofia K Forslund, Helen Cook, Daniel R Mende, Ivica Letunic, Thomas
      Rattei, Lars J Jensen, Christian von Mering and Peer Bork. Nucleic Acids
      Research, Volume 47, Issue D1, 8 January 2019, Pages D309-D314,
      https://doi.org/10.1093/nar/gky1085 

[3] Fast and Sensitive Protein Alignment using DIAMOND. Buchfink B, Xie C,
       Huson DH. 2015. Nat. Methods 12, 59–60. https://doi.org/10.1038/nmeth.3176

e.g. Functional annotation was performed using emapper-2.1.5 [1]
 based on eggNOG orthology data [2]. Sequence searches were performed using [3].


================================================================================

Total hits processed: 1841
Total time: 14133 secs
FINISHED
+ for bin_D3 in '*'
+ emapper.py --itype metagenome -i D3_metabat_output.16.fa -o D3_metabat_output.16.fa --output_dir /proj/genomeanalysis2022/nobackup/work/kvenk811/eggnog_funct_without_bwa/D3_complete
[1;32mFunctional annotation of hits...[0m
0 7.724761962890625e-05 0.00 q/s (% mem usage: 40.40, % mem avail: 59.55)
#  emapper-2.1.5
# emapper.py  --itype metagenome -i D3_metabat_output.16.fa -o D3_metabat_output.16.fa --output_dir /proj/genomeanalysis2022/nobackup/work/kvenk811/eggnog_funct_without_bwa/D3_complete
[1;33m  /sw/bioinfo/eggNOG-mapper/2.1.5/snowy/lib/python3.8/site-packages/eggnogmapper/bin/diamond blastx -d /crex/data/eggNOG_data/5.0/eggnog_proteins.dmnd -q /crex/proj/genomeanalysis2022/nobackup/work/kvenk811/Metabat_binning_before_bwa/D3_metabat_output/D3_metabat_output.16.fa --threads 1 -o /crex/proj/genomeanalysis2022/nobackup/work/kvenk811/eggnog_funct_without_bwa/D3_complete/D3_metabat_output.16.fa.emapper.hits  --sensitive -e 0.001 --max-target-seqs 0 --max-hsps 0  --outfmt 6 qseqid sseqid pident length mismatch gapopen qstart qend sstart send evalue bitscore qcovhsp scovhsp[0m
[1;32mDecorating gff file /crex/proj/genomeanalysis2022/nobackup/work/kvenk811/eggnog_funct_without_bwa/D3_complete/D3_metabat_output.16.fa.emapper.gff...[0m
Parsing fasta file /crex/proj/genomeanalysis2022/nobackup/work/kvenk811/Metabat_binning_before_bwa/D3_metabat_output/D3_metabat_output.16.fa...
Fasta file /crex/proj/genomeanalysis2022/nobackup/work/kvenk811/Metabat_binning_before_bwa/D3_metabat_output/D3_metabat_output.16.fa parsing complete.
500 2462.377827644348 0.20 q/s (% mem usage: 41.80, % mem avail: 58.20)
1000 2464.0220074653625 0.41 q/s (% mem usage: 41.80, % mem avail: 58.20)
1500 2465.928272485733 0.61 q/s (% mem usage: 41.80, % mem avail: 58.19)
2000 2467.3832993507385 0.81 q/s (% mem usage: 41.80, % mem avail: 58.19)
2500 2468.7960884571075 1.01 q/s (% mem usage: 41.80, % mem avail: 58.19)
3000 2470.25155544281 1.21 q/s (% mem usage: 41.80, % mem avail: 58.18)
3500 2471.87783908844 1.42 q/s (% mem usage: 41.80, % mem avail: 58.18)
4000 2472.8578939437866 1.62 q/s (% mem usage: 41.80, % mem avail: 58.18)
4500 2474.056001663208 1.82 q/s (% mem usage: 41.80, % mem avail: 58.18)
5000 2475.160569667816 2.02 q/s (% mem usage: 41.80, % mem avail: 58.17)
5500 2476.039323091507 2.22 q/s (% mem usage: 41.80, % mem avail: 58.17)
6000 2476.8168857097626 2.42 q/s (% mem usage: 41.80, % mem avail: 58.17)
6500 2477.9511671066284 2.62 q/s (% mem usage: 41.80, % mem avail: 58.17)
7000 2478.9618253707886 2.82 q/s (% mem usage: 41.80, % mem avail: 58.17)
7246 2498.7364461421967 2.90 q/s (% mem usage: 41.90, % mem avail: 58.11)
[32mDone[0m
   /crex/proj/genomeanalysis2022/nobackup/work/kvenk811/eggnog_funct_without_bwa/D3_complete/D3_metabat_output.16.fa.emapper.genepred.fasta
   /crex/proj/genomeanalysis2022/nobackup/work/kvenk811/eggnog_funct_without_bwa/D3_complete/D3_metabat_output.16.fa.emapper.gff
   /crex/proj/genomeanalysis2022/nobackup/work/kvenk811/eggnog_funct_without_bwa/D3_complete/D3_metabat_output.16.fa.emapper.hits
   /crex/proj/genomeanalysis2022/nobackup/work/kvenk811/eggnog_funct_without_bwa/D3_complete/D3_metabat_output.16.fa.emapper.seed_orthologs
   /crex/proj/genomeanalysis2022/nobackup/work/kvenk811/eggnog_funct_without_bwa/D3_complete/D3_metabat_output.16.fa.emapper.annotations

================================================================================
CITATION:
If you use this software, please cite:

[1] eggNOG-mapper v2: functional annotation, orthology assignments, and domain 
      prediction at the metagenomic scale. Carlos P. Cantalapiedra, 
      Ana Hernandez-Plaza, Ivica Letunic, Peer Bork, Jaime Huerta-Cepas.
      biorxiv (2021). doi: https://doi.org/10.1101/2021.06.03.446934

[2] eggNOG 5.0: a hierarchical, functionally and phylogenetically annotated
      orthology resource based on 5090 organisms and 2502 viruses. Jaime
      Huerta-Cepas, Damian Szklarczyk, Davide Heller, Ana Hernandez-Plaza,
      Sofia K Forslund, Helen Cook, Daniel R Mende, Ivica Letunic, Thomas
      Rattei, Lars J Jensen, Christian von Mering and Peer Bork. Nucleic Acids
      Research, Volume 47, Issue D1, 8 January 2019, Pages D309-D314,
      https://doi.org/10.1093/nar/gky1085 

[3] Fast and Sensitive Protein Alignment using DIAMOND. Buchfink B, Xie C,
       Huson DH. 2015. Nat. Methods 12, 59–60. https://doi.org/10.1038/nmeth.3176

e.g. Functional annotation was performed using emapper-2.1.5 [1]
 based on eggNOG orthology data [2]. Sequence searches were performed using [3].


================================================================================

Total hits processed: 7246
Total time: 29399 secs
FINISHED
+ for bin_D3 in '*'
+ emapper.py --itype metagenome -i D3_metabat_output.17.fa -o D3_metabat_output.17.fa --output_dir /proj/genomeanalysis2022/nobackup/work/kvenk811/eggnog_funct_without_bwa/D3_complete
[1;32mFunctional annotation of hits...[0m
0 9.012222290039062e-05 0.00 q/s (% mem usage: 42.10, % mem avail: 57.95)
#  emapper-2.1.5
# emapper.py  --itype metagenome -i D3_metabat_output.17.fa -o D3_metabat_output.17.fa --output_dir /proj/genomeanalysis2022/nobackup/work/kvenk811/eggnog_funct_without_bwa/D3_complete
[1;33m  /sw/bioinfo/eggNOG-mapper/2.1.5/snowy/lib/python3.8/site-packages/eggnogmapper/bin/diamond blastx -d /crex/data/eggNOG_data/5.0/eggnog_proteins.dmnd -q /crex/proj/genomeanalysis2022/nobackup/work/kvenk811/Metabat_binning_before_bwa/D3_metabat_output/D3_metabat_output.17.fa --threads 1 -o /crex/proj/genomeanalysis2022/nobackup/work/kvenk811/eggnog_funct_without_bwa/D3_complete/D3_metabat_output.17.fa.emapper.hits  --sensitive -e 0.001 --max-target-seqs 0 --max-hsps 0  --outfmt 6 qseqid sseqid pident length mismatch gapopen qstart qend sstart send evalue bitscore qcovhsp scovhsp[0m
[1;32mDecorating gff file /crex/proj/genomeanalysis2022/nobackup/work/kvenk811/eggnog_funct_without_bwa/D3_complete/D3_metabat_output.17.fa.emapper.gff...[0m
Parsing fasta file /crex/proj/genomeanalysis2022/nobackup/work/kvenk811/Metabat_binning_before_bwa/D3_metabat_output/D3_metabat_output.17.fa...
Fasta file /crex/proj/genomeanalysis2022/nobackup/work/kvenk811/Metabat_binning_before_bwa/D3_metabat_output/D3_metabat_output.17.fa parsing complete.
500 321.61788630485535 1.55 q/s (% mem usage: 42.70, % mem avail: 57.27)
1000 321.6334421634674 3.11 q/s (% mem usage: 42.70, % mem avail: 57.27)
1500 321.6488883495331 4.66 q/s (% mem usage: 42.70, % mem avail: 57.27)
2000 321.66343331336975 6.22 q/s (% mem usage: 42.70, % mem avail: 57.27)
2500 321.67811846733093 7.77 q/s (% mem usage: 42.70, % mem avail: 57.27)
3000 321.6922838687897 9.33 q/s (% mem usage: 42.70, % mem avail: 57.27)
3500 321.70695900917053 10.88 q/s (% mem usage: 42.70, % mem avail: 57.27)
4000 321.72180676460266 12.43 q/s (% mem usage: 42.70, % mem avail: 57.27)
4486 321.75920009613037 13.94 q/s (% mem usage: 42.70, % mem avail: 57.27)
[32mDone[0m
   /crex/proj/genomeanalysis2022/nobackup/work/kvenk811/eggnog_funct_without_bwa/D3_complete/D3_metabat_output.17.fa.emapper.genepred.fasta
   /crex/proj/genomeanalysis2022/nobackup/work/kvenk811/eggnog_funct_without_bwa/D3_complete/D3_metabat_output.17.fa.emapper.gff
   /crex/proj/genomeanalysis2022/nobackup/work/kvenk811/eggnog_funct_without_bwa/D3_complete/D3_metabat_output.17.fa.emapper.hits
   /crex/proj/genomeanalysis2022/nobackup/work/kvenk811/eggnog_funct_without_bwa/D3_complete/D3_metabat_output.17.fa.emapper.seed_orthologs
   /crex/proj/genomeanalysis2022/nobackup/work/kvenk811/eggnog_funct_without_bwa/D3_complete/D3_metabat_output.17.fa.emapper.annotations

================================================================================
CITATION:
If you use this software, please cite:

[1] eggNOG-mapper v2: functional annotation, orthology assignments, and domain 
      prediction at the metagenomic scale. Carlos P. Cantalapiedra, 
      Ana Hernandez-Plaza, Ivica Letunic, Peer Bork, Jaime Huerta-Cepas.
      biorxiv (2021). doi: https://doi.org/10.1101/2021.06.03.446934

[2] eggNOG 5.0: a hierarchical, functionally and phylogenetically annotated
      orthology resource based on 5090 organisms and 2502 viruses. Jaime
      Huerta-Cepas, Damian Szklarczyk, Davide Heller, Ana Hernandez-Plaza,
      Sofia K Forslund, Helen Cook, Daniel R Mende, Ivica Letunic, Thomas
      Rattei, Lars J Jensen, Christian von Mering and Peer Bork. Nucleic Acids
      Research, Volume 47, Issue D1, 8 January 2019, Pages D309-D314,
      https://doi.org/10.1093/nar/gky1085 

[3] Fast and Sensitive Protein Alignment using DIAMOND. Buchfink B, Xie C,
       Huson DH. 2015. Nat. Methods 12, 59–60. https://doi.org/10.1038/nmeth.3176

e.g. Functional annotation was performed using emapper-2.1.5 [1]
 based on eggNOG orthology data [2]. Sequence searches were performed using [3].


================================================================================

Total hits processed: 4486
Total time: 20963 secs
FINISHED
+ for bin_D3 in '*'
+ emapper.py --itype metagenome -i D3_metabat_output.18.fa -o D3_metabat_output.18.fa --output_dir /proj/genomeanalysis2022/nobackup/work/kvenk811/eggnog_funct_without_bwa/D3_complete
[1;32mFunctional annotation of hits...[0m
0 1.0967254638671875e-05 0.00 q/s (% mem usage: 16.80, % mem avail: 83.24)
#  emapper-2.1.5
# emapper.py  --itype metagenome -i D3_metabat_output.18.fa -o D3_metabat_output.18.fa --output_dir /proj/genomeanalysis2022/nobackup/work/kvenk811/eggnog_funct_without_bwa/D3_complete
[1;33m  /sw/bioinfo/eggNOG-mapper/2.1.5/snowy/lib/python3.8/site-packages/eggnogmapper/bin/diamond blastx -d /crex/data/eggNOG_data/5.0/eggnog_proteins.dmnd -q /crex/proj/genomeanalysis2022/nobackup/work/kvenk811/Metabat_binning_before_bwa/D3_metabat_output/D3_metabat_output.18.fa --threads 1 -o /crex/proj/genomeanalysis2022/nobackup/work/kvenk811/eggnog_funct_without_bwa/D3_complete/D3_metabat_output.18.fa.emapper.hits  --sensitive -e 0.001 --max-target-seqs 0 --max-hsps 0  --outfmt 6 qseqid sseqid pident length mismatch gapopen qstart qend sstart send evalue bitscore qcovhsp scovhsp[0m
[1;32mDecorating gff file /crex/proj/genomeanalysis2022/nobackup/work/kvenk811/eggnog_funct_without_bwa/D3_complete/D3_metabat_output.18.fa.emapper.gff...[0m
Parsing fasta file /crex/proj/genomeanalysis2022/nobackup/work/kvenk811/Metabat_binning_before_bwa/D3_metabat_output/D3_metabat_output.18.fa...
Fasta file /crex/proj/genomeanalysis2022/nobackup/work/kvenk811/Metabat_binning_before_bwa/D3_metabat_output/D3_metabat_output.18.fa parsing complete.
500 1575.606730222702 0.32 q/s (% mem usage: 25.10, % mem avail: 74.91)
1000 1575.6443932056427 0.63 q/s (% mem usage: 25.10, % mem avail: 74.91)
1500 1575.6605348587036 0.95 q/s (% mem usage: 25.10, % mem avail: 74.91)
2000 1575.6760504245758 1.27 q/s (% mem usage: 25.10, % mem avail: 74.91)
2202 1575.8254618644714 1.40 q/s (% mem usage: 25.00, % mem avail: 74.99)
[32mDone[0m
   /crex/proj/genomeanalysis2022/nobackup/work/kvenk811/eggnog_funct_without_bwa/D3_complete/D3_metabat_output.18.fa.emapper.genepred.fasta
   /crex/proj/genomeanalysis2022/nobackup/work/kvenk811/eggnog_funct_without_bwa/D3_complete/D3_metabat_output.18.fa.emapper.gff
   /crex/proj/genomeanalysis2022/nobackup/work/kvenk811/eggnog_funct_without_bwa/D3_complete/D3_metabat_output.18.fa.emapper.hits
   /crex/proj/genomeanalysis2022/nobackup/work/kvenk811/eggnog_funct_without_bwa/D3_complete/D3_metabat_output.18.fa.emapper.seed_orthologs
   /crex/proj/genomeanalysis2022/nobackup/work/kvenk811/eggnog_funct_without_bwa/D3_complete/D3_metabat_output.18.fa.emapper.annotations

================================================================================
CITATION:
If you use this software, please cite:

[1] eggNOG-mapper v2: functional annotation, orthology assignments, and domain 
      prediction at the metagenomic scale. Carlos P. Cantalapiedra, 
      Ana Hernandez-Plaza, Ivica Letunic, Peer Bork, Jaime Huerta-Cepas.
      biorxiv (2021). doi: https://doi.org/10.1101/2021.06.03.446934

[2] eggNOG 5.0: a hierarchical, functionally and phylogenetically annotated
      orthology resource based on 5090 organisms and 2502 viruses. Jaime
      Huerta-Cepas, Damian Szklarczyk, Davide Heller, Ana Hernandez-Plaza,
      Sofia K Forslund, Helen Cook, Daniel R Mende, Ivica Letunic, Thomas
      Rattei, Lars J Jensen, Christian von Mering and Peer Bork. Nucleic Acids
      Research, Volume 47, Issue D1, 8 January 2019, Pages D309-D314,
      https://doi.org/10.1093/nar/gky1085 

[3] Fast and Sensitive Protein Alignment using DIAMOND. Buchfink B, Xie C,
       Huson DH. 2015. Nat. Methods 12, 59–60. https://doi.org/10.1038/nmeth.3176

e.g. Functional annotation was performed using emapper-2.1.5 [1]
 based on eggNOG orthology data [2]. Sequence searches were performed using [3].


================================================================================

Total hits processed: 2202
Total time: 19772 secs
FINISHED
+ for bin_D3 in '*'
+ emapper.py --itype metagenome -i D3_metabat_output.19.fa -o D3_metabat_output.19.fa --output_dir /proj/genomeanalysis2022/nobackup/work/kvenk811/eggnog_funct_without_bwa/D3_complete
