D3_metabat_output.10.fa_sort.bam
D3_metabat_output.11.fa_sort.bam
D3_metabat_output.12.fa_sort.bam
D3_metabat_output.13.fa_sort.bam
D3_metabat_output.14.fa_sort.bam
D3_metabat_output.15.fa_sort.bam
D3_metabat_output.16.fa_sort.bam
D3_metabat_output.17.fa_sort.bam
D3_metabat_output.18.fa_sort.bam
D3_metabat_output.19.fa_sort.bam
D3_metabat_output.1.fa_sort.bam
D3_metabat_output.20.fa_sort.bam
D3_metabat_output.21.fa_sort.bam
D3_metabat_output.2.fa_sort.bam
D3_metabat_output.3.fa_sort.bam
D3_metabat_output.4.fa_sort.bam
D3_metabat_output.5.fa_sort.bam
D3_metabat_output.6.fa_sort.bam
D3_metabat_output.7.fa_sort.bam
D3_metabat_output.8.fa_sort.bam
D3_metabat_output.9.fa_sort.bam
D1_metabat_output.10.fa.emapper.gff
10
mkdir: cannot create directory ‘10’: File exists
1583 GFF lines processed.
100000 alignment record pairs processed.
200000 alignment record pairs processed.
300000 alignment record pairs processed.
400000 alignment record pairs processed.
500000 alignment record pairs processed.
600000 alignment record pairs processed.
700000 alignment record pairs processed.
800000 alignment record pairs processed.
834308 alignment pairs processed.
D1_metabat_output.11.fa.emapper.gff
11
mkdir: cannot create directory ‘11’: File exists
434 GFF lines processed.
100000 alignment record pairs processed.
200000 alignment record pairs processed.
300000 alignment record pairs processed.
400000 alignment record pairs processed.
500000 alignment record pairs processed.
600000 alignment record pairs processed.
700000 alignment record pairs processed.
800000 alignment record pairs processed.
834308 alignment pairs processed.
D1_metabat_output.12.fa.emapper.gff
12
mkdir: cannot create directory ‘12’: File exists
777 GFF lines processed.
100000 alignment record pairs processed.
200000 alignment record pairs processed.
300000 alignment record pairs processed.
400000 alignment record pairs processed.
500000 alignment record pairs processed.
600000 alignment record pairs processed.
700000 alignment record pairs processed.
800000 alignment record pairs processed.
834308 alignment pairs processed.
D1_metabat_output.1.fa.emapper.gff
1
mkdir: cannot create directory ‘1’: File exists
6132 GFF lines processed.
100000 alignment record pairs processed.
200000 alignment record pairs processed.
300000 alignment record pairs processed.
400000 alignment record pairs processed.
500000 alignment record pairs processed.
600000 alignment record pairs processed.
700000 alignment record pairs processed.
800000 alignment record pairs processed.
834308 alignment pairs processed.
D1_metabat_output.2.fa.emapper.gff
2
mkdir: cannot create directory ‘2’: File exists
2128 GFF lines processed.
100000 alignment record pairs processed.
200000 alignment record pairs processed.
300000 alignment record pairs processed.
400000 alignment record pairs processed.
500000 alignment record pairs processed.
600000 alignment record pairs processed.
700000 alignment record pairs processed.
800000 alignment record pairs processed.
834308 alignment pairs processed.
D1_metabat_output.3.fa.emapper.gff
3
mkdir: cannot create directory ‘3’: File exists
1459 GFF lines processed.
100000 alignment record pairs processed.
200000 alignment record pairs processed.
300000 alignment record pairs processed.
400000 alignment record pairs processed.
500000 alignment record pairs processed.
600000 alignment record pairs processed.
700000 alignment record pairs processed.
800000 alignment record pairs processed.
834308 alignment pairs processed.
D1_metabat_output.4.fa.emapper.gff
4
mkdir: cannot create directory ‘4’: File exists
1217 GFF lines processed.
100000 alignment record pairs processed.
200000 alignment record pairs processed.
300000 alignment record pairs processed.
400000 alignment record pairs processed.
500000 alignment record pairs processed.
600000 alignment record pairs processed.
700000 alignment record pairs processed.
800000 alignment record pairs processed.
834308 alignment pairs processed.
D1_metabat_output.5.fa.emapper.gff
5
mkdir: cannot create directory ‘5’: File exists
895 GFF lines processed.
100000 alignment record pairs processed.
200000 alignment record pairs processed.
300000 alignment record pairs processed.
400000 alignment record pairs processed.
500000 alignment record pairs processed.
600000 alignment record pairs processed.
700000 alignment record pairs processed.
800000 alignment record pairs processed.
834308 alignment pairs processed.
D1_metabat_output.6.fa.emapper.gff
6
mkdir: cannot create directory ‘6’: File exists
197 GFF lines processed.
100000 alignment record pairs processed.
200000 alignment record pairs processed.
300000 alignment record pairs processed.
400000 alignment record pairs processed.
500000 alignment record pairs processed.
600000 alignment record pairs processed.
700000 alignment record pairs processed.
800000 alignment record pairs processed.
834308 alignment pairs processed.
D1_metabat_output.7.fa.emapper.gff
7
mkdir: cannot create directory ‘7’: File exists
1013 GFF lines processed.
100000 alignment record pairs processed.
200000 alignment record pairs processed.
300000 alignment record pairs processed.
400000 alignment record pairs processed.
500000 alignment record pairs processed.
600000 alignment record pairs processed.
700000 alignment record pairs processed.
800000 alignment record pairs processed.
834308 alignment pairs processed.
D1_metabat_output.8.fa.emapper.gff
8
mkdir: cannot create directory ‘8’: File exists
3306 GFF lines processed.
100000 alignment record pairs processed.
200000 alignment record pairs processed.
300000 alignment record pairs processed.
400000 alignment record pairs processed.
500000 alignment record pairs processed.
600000 alignment record pairs processed.
700000 alignment record pairs processed.
800000 alignment record pairs processed.
834308 alignment pairs processed.
D1_metabat_output.9.fa.emapper.gff
9
mkdir: cannot create directory ‘9’: File exists
936 GFF lines processed.
100000 alignment record pairs processed.
200000 alignment record pairs processed.
300000 alignment record pairs processed.
400000 alignment record pairs processed.
500000 alignment record pairs processed.
600000 alignment record pairs processed.
700000 alignment record pairs processed.
800000 alignment record pairs processed.
834308 alignment pairs processed.
