mkdir: missing operand
Try 'mkdir --help' for more information.
[E::hts_open_format] Failed to open file "/proj/genomeanalysis2022/nobackup/work/kvenk811/bwa_conc_rna_map/D1_test/D1_metabat_output..fa_sort.bam" : No such file or directory
  [Errno 2] could not open alignment file `/proj/genomeanalysis2022/nobackup/work/kvenk811/bwa_conc_rna_map/D1_test/D1_metabat_output..fa_sort.bam`: No such file or directory
  [Exception type: FileNotFoundError, raised in libcalignmentfile.pyx:941]
mkdir: missing operand
Try 'mkdir --help' for more information.
[E::hts_open_format] Failed to open file "/proj/genomeanalysis2022/nobackup/work/kvenk811/bwa_conc_rna_map/D1_test/D1_metabat_output..fa_sort.bam" : No such file or directory
  [Errno 2] could not open alignment file `/proj/genomeanalysis2022/nobackup/work/kvenk811/bwa_conc_rna_map/D1_test/D1_metabat_output..fa_sort.bam`: No such file or directory
  [Exception type: FileNotFoundError, raised in libcalignmentfile.pyx:941]
mkdir: missing operand
Try 'mkdir --help' for more information.
[E::hts_open_format] Failed to open file "/proj/genomeanalysis2022/nobackup/work/kvenk811/bwa_conc_rna_map/D1_test/D1_metabat_output..fa_sort.bam" : No such file or directory
  [Errno 2] could not open alignment file `/proj/genomeanalysis2022/nobackup/work/kvenk811/bwa_conc_rna_map/D1_test/D1_metabat_output..fa_sort.bam`: No such file or directory
  [Exception type: FileNotFoundError, raised in libcalignmentfile.pyx:941]
mkdir: missing operand
Try 'mkdir --help' for more information.
[E::hts_open_format] Failed to open file "/proj/genomeanalysis2022/nobackup/work/kvenk811/bwa_conc_rna_map/D1_test/D1_metabat_output..fa_sort.bam" : No such file or directory
  [Errno 2] could not open alignment file `/proj/genomeanalysis2022/nobackup/work/kvenk811/bwa_conc_rna_map/D1_test/D1_metabat_output..fa_sort.bam`: No such file or directory
  [Exception type: FileNotFoundError, raised in libcalignmentfile.pyx:941]
mkdir: missing operand
Try 'mkdir --help' for more information.
[E::hts_open_format] Failed to open file "/proj/genomeanalysis2022/nobackup/work/kvenk811/bwa_conc_rna_map/D1_test/D1_metabat_output..fa_sort.bam" : No such file or directory
  [Errno 2] could not open alignment file `/proj/genomeanalysis2022/nobackup/work/kvenk811/bwa_conc_rna_map/D1_test/D1_metabat_output..fa_sort.bam`: No such file or directory
  [Exception type: FileNotFoundError, raised in libcalignmentfile.pyx:941]
mkdir: missing operand
Try 'mkdir --help' for more information.
[E::hts_open_format] Failed to open file "/proj/genomeanalysis2022/nobackup/work/kvenk811/bwa_conc_rna_map/D1_test/D1_metabat_output..fa_sort.bam" : No such file or directory
  [Errno 2] could not open alignment file `/proj/genomeanalysis2022/nobackup/work/kvenk811/bwa_conc_rna_map/D1_test/D1_metabat_output..fa_sort.bam`: No such file or directory
  [Exception type: FileNotFoundError, raised in libcalignmentfile.pyx:941]
mkdir: missing operand
Try 'mkdir --help' for more information.
[E::hts_open_format] Failed to open file "/proj/genomeanalysis2022/nobackup/work/kvenk811/bwa_conc_rna_map/D1_test/D1_metabat_output..fa_sort.bam" : No such file or directory
  [Errno 2] could not open alignment file `/proj/genomeanalysis2022/nobackup/work/kvenk811/bwa_conc_rna_map/D1_test/D1_metabat_output..fa_sort.bam`: No such file or directory
  [Exception type: FileNotFoundError, raised in libcalignmentfile.pyx:941]
mkdir: missing operand
Try 'mkdir --help' for more information.
[E::hts_open_format] Failed to open file "/proj/genomeanalysis2022/nobackup/work/kvenk811/bwa_conc_rna_map/D1_test/D1_metabat_output..fa_sort.bam" : No such file or directory
  [Errno 2] could not open alignment file `/proj/genomeanalysis2022/nobackup/work/kvenk811/bwa_conc_rna_map/D1_test/D1_metabat_output..fa_sort.bam`: No such file or directory
  [Exception type: FileNotFoundError, raised in libcalignmentfile.pyx:941]
mkdir: missing operand
Try 'mkdir --help' for more information.
[E::hts_open_format] Failed to open file "/proj/genomeanalysis2022/nobackup/work/kvenk811/bwa_conc_rna_map/D1_test/D1_metabat_output..fa_sort.bam" : No such file or directory
  [Errno 2] could not open alignment file `/proj/genomeanalysis2022/nobackup/work/kvenk811/bwa_conc_rna_map/D1_test/D1_metabat_output..fa_sort.bam`: No such file or directory
  [Exception type: FileNotFoundError, raised in libcalignmentfile.pyx:941]
mkdir: missing operand
Try 'mkdir --help' for more information.
[E::hts_open_format] Failed to open file "/proj/genomeanalysis2022/nobackup/work/kvenk811/bwa_conc_rna_map/D1_test/D1_metabat_output..fa_sort.bam" : No such file or directory
  [Errno 2] could not open alignment file `/proj/genomeanalysis2022/nobackup/work/kvenk811/bwa_conc_rna_map/D1_test/D1_metabat_output..fa_sort.bam`: No such file or directory
  [Exception type: FileNotFoundError, raised in libcalignmentfile.pyx:941]
mkdir: missing operand
Try 'mkdir --help' for more information.
[E::hts_open_format] Failed to open file "/proj/genomeanalysis2022/nobackup/work/kvenk811/bwa_conc_rna_map/D1_test/D1_metabat_output..fa_sort.bam" : No such file or directory
  [Errno 2] could not open alignment file `/proj/genomeanalysis2022/nobackup/work/kvenk811/bwa_conc_rna_map/D1_test/D1_metabat_output..fa_sort.bam`: No such file or directory
  [Exception type: FileNotFoundError, raised in libcalignmentfile.pyx:941]
mkdir: missing operand
Try 'mkdir --help' for more information.
[E::hts_open_format] Failed to open file "/proj/genomeanalysis2022/nobackup/work/kvenk811/bwa_conc_rna_map/D1_test/D1_metabat_output..fa_sort.bam" : No such file or directory
  [Errno 2] could not open alignment file `/proj/genomeanalysis2022/nobackup/work/kvenk811/bwa_conc_rna_map/D1_test/D1_metabat_output..fa_sort.bam`: No such file or directory
  [Exception type: FileNotFoundError, raised in libcalignmentfile.pyx:941]
