+ module load bioinfo-tools phylophlan/0.99
++ /usr/share/lmod/lmod/libexec/lmod bash load bioinfo-tools phylophlan/0.99
+ eval '__LMOD_REF_COUNT_LD_LIBRARY_PATH=/sw/libs/wxWidgets/lib:1;' export '__LMOD_REF_COUNT_LD_LIBRARY_PATH;' 'LD_LIBRARY_PATH=/sw/libs/wxWidgets/lib;' export 'LD_LIBRARY_PATH;' '__LMOD_REF_COUNT_LOADEDMODULES=uppmax:2\;bioinfo-tools:1\;python/2.7.11:1\;phylophlan/0.99:1;' export '__LMOD_REF_COUNT_LOADEDMODULES;' 'LOADEDMODULES=uppmax:bioinfo-tools:python/2.7.11:phylophlan/0.99;' export 'LOADEDMODULES;' '__LMOD_REF_COUNT_MANPATH=/sw/comp/python/2.7.11_snowy/share/man:1\;/usr/share/man:2\;/sw/uppmax/man:2\;/opt/thinlinc/share/man:2;' export '__LMOD_REF_COUNT_MANPATH;' 'MANPATH=/sw/comp/python/2.7.11_snowy/share/man:/usr/share/man:/sw/uppmax/man:/opt/thinlinc/share/man;' export 'MANPATH;' '__LMOD_REF_COUNT_MODULEPATH=/sw/mf/snowy/bioinfo-tools/annotation:1\;/sw/mf/snowy/bioinfo-tools/alignment:1\;/sw/mf/snowy/bioinfo-tools/assembly:1\;/sw/mf/snowy/bioinfo-tools/misc:1\;/sw/mf/snowy/bioinfo-tools/phylogeny:1\;/sw/mf/snowy/bioinfo-tools/pipelines:1\;/sw/mf/snowy/bioinfo-tools/sw_collections:1\;/sw/mf/snowy/applications:1\;/sw/mf/snowy/build-tools:1\;/sw/mf/snowy/compilers:1\;/sw/mf/snowy/data:1\;/sw/mf/snowy/environment:1\;/sw/mf/snowy/libraries:1\;/sw/mf/snowy/parallel:1;' export '__LMOD_REF_COUNT_MODULEPATH;' 'MODULEPATH=/sw/mf/snowy/bioinfo-tools/annotation:/sw/mf/snowy/bioinfo-tools/alignment:/sw/mf/snowy/bioinfo-tools/assembly:/sw/mf/snowy/bioinfo-tools/misc:/sw/mf/snowy/bioinfo-tools/phylogeny:/sw/mf/snowy/bioinfo-tools/pipelines:/sw/mf/snowy/bioinfo-tools/sw_collections:/sw/mf/snowy/applications:/sw/mf/snowy/build-tools:/sw/mf/snowy/compilers:/sw/mf/snowy/data:/sw/mf/snowy/environment:/sw/mf/snowy/libraries:/sw/mf/snowy/parallel;' export 'MODULEPATH;' '__LMOD_REF_COUNT_PATH=/sw/apps/bioinfo/phylophlan/0.99/snowy/bin:1\;/sw/comp/python/2.7.11_snowy/bin:1\;/home/kvenk811/bin:2\;/usr/local/bin:1\;/usr/bin:1\;/usr/local/sbin:1\;/usr/sbin:1\;/sw/uppmax/bin:2;' export '__LMOD_REF_COUNT_PATH;' 'PATH=/sw/apps/bioinfo/phylophlan/0.99/snowy/bin:/sw/comp/python/2.7.11_snowy/bin:/home/kvenk811/bin:/usr/local/bin:/usr/bin:/usr/local/sbin:/usr/sbin:/sw/uppmax/bin;' export 'PATH;' '__LMOD_REF_COUNT_PKG_CONFIG_PATH=/sw/comp/python/2.7.11_snowy/lib/pkgconfig:1;' export '__LMOD_REF_COUNT_PKG_CONFIG_PATH;' 'PKG_CONFIG_PATH=/sw/comp/python/2.7.11_snowy/lib/pkgconfig;' export 'PKG_CONFIG_PATH;' '__LMOD_REF_COUNT_PYTHONPATH=/sw/apps/bioinfo/phylophlan/0.99/snowy/lib/python2.7/site-packages:1;' export '__LMOD_REF_COUNT_PYTHONPATH;' 'PYTHONPATH=/sw/apps/bioinfo/phylophlan/0.99/snowy/lib/python2.7/site-packages;' export 'PYTHONPATH;' 'PYTHON_ROOT=/sw/comp/python/2.7.11_snowy;' export 'PYTHON_ROOT;' '__LMOD_REF_COUNT__LMFILES_=/sw/mf/snowy/environment/bioinfo-tools:1\;/sw/mf/snowy/compilers/python/2.7.11:1\;/sw/mf/snowy/bioinfo-tools/misc/phylophlan/0.99:1;' export '__LMOD_REF_COUNT__LMFILES_;' '_LMFILES_=/sw/mf/snowy/environment/bioinfo-tools:/sw/mf/snowy/compilers/python/2.7.11:/sw/mf/snowy/bioinfo-tools/misc/phylophlan/0.99;' export '_LMFILES_;' '_ModuleTable001_=X01vZHVsZVRhYmxlXz17WyJNVHZlcnNpb24iXT0zLFsiY19yZWJ1aWxkVGltZSJdPWZhbHNlLFsiY19zaG9ydFRpbWUiXT1mYWxzZSxkZXB0aFQ9e30sZmFtaWx5PXt9LG1UPXtbImJpb2luZm8tdG9vbHMiXT17WyJmbiJdPSIvc3cvbWYvc25vd3kvZW52aXJvbm1lbnQvYmlvaW5mby10b29scyIsWyJmdWxsTmFtZSJdPSJiaW9pbmZvLXRvb2xzIixbImxvYWRPcmRlciJdPTEscHJvcFQ9e30sWyJzdGFja0RlcHRoIl09MCxbInN0YXR1cyJdPSJhY3RpdmUiLFsidXNlck5hbWUiXT0iYmlvaW5mby10b29scyIsfSxwaHlsb3BobGFuPXtbImZuIl09Ii9zdy9tZi9zbm93eS9iaW9pbmZvLXRvb2xzL21pc2MvcGh5bG9waGxhbi8wLjk5IixbImZ1bGxOYW1lIl09InBoeWxvcGhsYW4v;' export '_ModuleTable001_;' '_ModuleTable002_=MC45OSIsWyJsb2FkT3JkZXIiXT0zLHByb3BUPXt9LFsic3RhY2tEZXB0aCJdPTAsWyJzdGF0dXMiXT0iYWN0aXZlIixbInVzZXJOYW1lIl09InBoeWxvcGhsYW4vMC45OSIsfSxweXRob249e1siZm4iXT0iL3N3L21mL3Nub3d5L2NvbXBpbGVycy9weXRob24vMi43LjExIixbImZ1bGxOYW1lIl09InB5dGhvbi8yLjcuMTEiLFsibG9hZE9yZGVyIl09Mixwcm9wVD17fSxbInN0YWNrRGVwdGgiXT0xLFsic3RhdHVzIl09ImFjdGl2ZSIsWyJ1c2VyTmFtZSJdPSJweXRob24vMi43LjExIix9LH0sbXBhdGhBPXsiL3N3L21mL3Nub3d5L2Jpb2luZm8tdG9vbHMvYW5ub3RhdGlvbiIsIi9zdy9tZi9zbm93eS9iaW9pbmZvLXRvb2xzL2FsaWdubWVudCIsIi9zdy9tZi9zbm93eS9iaW9p;' export '_ModuleTable002_;' '_ModuleTable003_=bmZvLXRvb2xzL2Fzc2VtYmx5IiwiL3N3L21mL3Nub3d5L2Jpb2luZm8tdG9vbHMvbWlzYyIsIi9zdy9tZi9zbm93eS9iaW9pbmZvLXRvb2xzL3BoeWxvZ2VueSIsIi9zdy9tZi9zbm93eS9iaW9pbmZvLXRvb2xzL3BpcGVsaW5lcyIsIi9zdy9tZi9zbm93eS9iaW9pbmZvLXRvb2xzL3N3X2NvbGxlY3Rpb25zIiwiL3N3L21mL3Nub3d5L2FwcGxpY2F0aW9ucyIsIi9zdy9tZi9zbm93eS9idWlsZC10b29scyIsIi9zdy9tZi9zbm93eS9jb21waWxlcnMiLCIvc3cvbWYvc25vd3kvZGF0YSIsIi9zdy9tZi9zbm93eS9lbnZpcm9ubWVudCIsIi9zdy9tZi9zbm93eS9saWJyYXJpZXMiLCIvc3cvbWYvc25vd3kvcGFyYWxsZWwiLH0sWyJzeXN0ZW1CYXNlTVBBVEgiXT0iL3N3L21mL3Nu;' export '_ModuleTable003_;' '_ModuleTable004_=b3d5L2FwcGxpY2F0aW9uczovc3cvbWYvc25vd3kvYnVpbGQtdG9vbHM6L3N3L21mL3Nub3d5L2NvbXBpbGVyczovc3cvbWYvc25vd3kvZGF0YTovc3cvbWYvc25vd3kvZW52aXJvbm1lbnQ6L3N3L21mL3Nub3d5L2xpYnJhcmllczovc3cvbWYvc25vd3kvcGFyYWxsZWwiLH0=;' export '_ModuleTable004_;' '_ModuleTable_Sz_=4;' export '_ModuleTable_Sz_;'
++ __LMOD_REF_COUNT_LD_LIBRARY_PATH=/sw/libs/wxWidgets/lib:1
++ export __LMOD_REF_COUNT_LD_LIBRARY_PATH
++ LD_LIBRARY_PATH=/sw/libs/wxWidgets/lib
++ export LD_LIBRARY_PATH
++ __LMOD_REF_COUNT_LOADEDMODULES='uppmax:2;bioinfo-tools:1;python/2.7.11:1;phylophlan/0.99:1'
++ export __LMOD_REF_COUNT_LOADEDMODULES
++ LOADEDMODULES=uppmax:bioinfo-tools:python/2.7.11:phylophlan/0.99
++ export LOADEDMODULES
++ __LMOD_REF_COUNT_MANPATH='/sw/comp/python/2.7.11_snowy/share/man:1;/usr/share/man:2;/sw/uppmax/man:2;/opt/thinlinc/share/man:2'
++ export __LMOD_REF_COUNT_MANPATH
++ MANPATH=/sw/comp/python/2.7.11_snowy/share/man:/usr/share/man:/sw/uppmax/man:/opt/thinlinc/share/man
++ export MANPATH
++ __LMOD_REF_COUNT_MODULEPATH='/sw/mf/snowy/bioinfo-tools/annotation:1;/sw/mf/snowy/bioinfo-tools/alignment:1;/sw/mf/snowy/bioinfo-tools/assembly:1;/sw/mf/snowy/bioinfo-tools/misc:1;/sw/mf/snowy/bioinfo-tools/phylogeny:1;/sw/mf/snowy/bioinfo-tools/pipelines:1;/sw/mf/snowy/bioinfo-tools/sw_collections:1;/sw/mf/snowy/applications:1;/sw/mf/snowy/build-tools:1;/sw/mf/snowy/compilers:1;/sw/mf/snowy/data:1;/sw/mf/snowy/environment:1;/sw/mf/snowy/libraries:1;/sw/mf/snowy/parallel:1'
++ export __LMOD_REF_COUNT_MODULEPATH
++ MODULEPATH=/sw/mf/snowy/bioinfo-tools/annotation:/sw/mf/snowy/bioinfo-tools/alignment:/sw/mf/snowy/bioinfo-tools/assembly:/sw/mf/snowy/bioinfo-tools/misc:/sw/mf/snowy/bioinfo-tools/phylogeny:/sw/mf/snowy/bioinfo-tools/pipelines:/sw/mf/snowy/bioinfo-tools/sw_collections:/sw/mf/snowy/applications:/sw/mf/snowy/build-tools:/sw/mf/snowy/compilers:/sw/mf/snowy/data:/sw/mf/snowy/environment:/sw/mf/snowy/libraries:/sw/mf/snowy/parallel
++ export MODULEPATH
++ __LMOD_REF_COUNT_PATH='/sw/apps/bioinfo/phylophlan/0.99/snowy/bin:1;/sw/comp/python/2.7.11_snowy/bin:1;/home/kvenk811/bin:2;/usr/local/bin:1;/usr/bin:1;/usr/local/sbin:1;/usr/sbin:1;/sw/uppmax/bin:2'
++ export __LMOD_REF_COUNT_PATH
++ PATH=/sw/apps/bioinfo/phylophlan/0.99/snowy/bin:/sw/comp/python/2.7.11_snowy/bin:/home/kvenk811/bin:/usr/local/bin:/usr/bin:/usr/local/sbin:/usr/sbin:/sw/uppmax/bin
++ export PATH
++ __LMOD_REF_COUNT_PKG_CONFIG_PATH=/sw/comp/python/2.7.11_snowy/lib/pkgconfig:1
++ export __LMOD_REF_COUNT_PKG_CONFIG_PATH
++ PKG_CONFIG_PATH=/sw/comp/python/2.7.11_snowy/lib/pkgconfig
++ export PKG_CONFIG_PATH
++ __LMOD_REF_COUNT_PYTHONPATH=/sw/apps/bioinfo/phylophlan/0.99/snowy/lib/python2.7/site-packages:1
++ export __LMOD_REF_COUNT_PYTHONPATH
++ PYTHONPATH=/sw/apps/bioinfo/phylophlan/0.99/snowy/lib/python2.7/site-packages
++ export PYTHONPATH
++ PYTHON_ROOT=/sw/comp/python/2.7.11_snowy
++ export PYTHON_ROOT
++ __LMOD_REF_COUNT__LMFILES_='/sw/mf/snowy/environment/bioinfo-tools:1;/sw/mf/snowy/compilers/python/2.7.11:1;/sw/mf/snowy/bioinfo-tools/misc/phylophlan/0.99:1'
++ export __LMOD_REF_COUNT__LMFILES_
++ _LMFILES_=/sw/mf/snowy/environment/bioinfo-tools:/sw/mf/snowy/compilers/python/2.7.11:/sw/mf/snowy/bioinfo-tools/misc/phylophlan/0.99
++ export _LMFILES_
++ _ModuleTable001_=X01vZHVsZVRhYmxlXz17WyJNVHZlcnNpb24iXT0zLFsiY19yZWJ1aWxkVGltZSJdPWZhbHNlLFsiY19zaG9ydFRpbWUiXT1mYWxzZSxkZXB0aFQ9e30sZmFtaWx5PXt9LG1UPXtbImJpb2luZm8tdG9vbHMiXT17WyJmbiJdPSIvc3cvbWYvc25vd3kvZW52aXJvbm1lbnQvYmlvaW5mby10b29scyIsWyJmdWxsTmFtZSJdPSJiaW9pbmZvLXRvb2xzIixbImxvYWRPcmRlciJdPTEscHJvcFQ9e30sWyJzdGFja0RlcHRoIl09MCxbInN0YXR1cyJdPSJhY3RpdmUiLFsidXNlck5hbWUiXT0iYmlvaW5mby10b29scyIsfSxwaHlsb3BobGFuPXtbImZuIl09Ii9zdy9tZi9zbm93eS9iaW9pbmZvLXRvb2xzL21pc2MvcGh5bG9waGxhbi8wLjk5IixbImZ1bGxOYW1lIl09InBoeWxvcGhsYW4v
++ export _ModuleTable001_
++ _ModuleTable002_=MC45OSIsWyJsb2FkT3JkZXIiXT0zLHByb3BUPXt9LFsic3RhY2tEZXB0aCJdPTAsWyJzdGF0dXMiXT0iYWN0aXZlIixbInVzZXJOYW1lIl09InBoeWxvcGhsYW4vMC45OSIsfSxweXRob249e1siZm4iXT0iL3N3L21mL3Nub3d5L2NvbXBpbGVycy9weXRob24vMi43LjExIixbImZ1bGxOYW1lIl09InB5dGhvbi8yLjcuMTEiLFsibG9hZE9yZGVyIl09Mixwcm9wVD17fSxbInN0YWNrRGVwdGgiXT0xLFsic3RhdHVzIl09ImFjdGl2ZSIsWyJ1c2VyTmFtZSJdPSJweXRob24vMi43LjExIix9LH0sbXBhdGhBPXsiL3N3L21mL3Nub3d5L2Jpb2luZm8tdG9vbHMvYW5ub3RhdGlvbiIsIi9zdy9tZi9zbm93eS9iaW9pbmZvLXRvb2xzL2FsaWdubWVudCIsIi9zdy9tZi9zbm93eS9iaW9p
++ export _ModuleTable002_
++ _ModuleTable003_=bmZvLXRvb2xzL2Fzc2VtYmx5IiwiL3N3L21mL3Nub3d5L2Jpb2luZm8tdG9vbHMvbWlzYyIsIi9zdy9tZi9zbm93eS9iaW9pbmZvLXRvb2xzL3BoeWxvZ2VueSIsIi9zdy9tZi9zbm93eS9iaW9pbmZvLXRvb2xzL3BpcGVsaW5lcyIsIi9zdy9tZi9zbm93eS9iaW9pbmZvLXRvb2xzL3N3X2NvbGxlY3Rpb25zIiwiL3N3L21mL3Nub3d5L2FwcGxpY2F0aW9ucyIsIi9zdy9tZi9zbm93eS9idWlsZC10b29scyIsIi9zdy9tZi9zbm93eS9jb21waWxlcnMiLCIvc3cvbWYvc25vd3kvZGF0YSIsIi9zdy9tZi9zbm93eS9lbnZpcm9ubWVudCIsIi9zdy9tZi9zbm93eS9saWJyYXJpZXMiLCIvc3cvbWYvc25vd3kvcGFyYWxsZWwiLH0sWyJzeXN0ZW1CYXNlTVBBVEgiXT0iL3N3L21mL3Nu
++ export _ModuleTable003_
++ _ModuleTable004_=b3d5L2FwcGxpY2F0aW9uczovc3cvbWYvc25vd3kvYnVpbGQtdG9vbHM6L3N3L21mL3Nub3d5L2NvbXBpbGVyczovc3cvbWYvc25vd3kvZGF0YTovc3cvbWYvc25vd3kvZW52aXJvbm1lbnQ6L3N3L21mL3Nub3d5L2xpYnJhcmllczovc3cvbWYvc25vd3kvcGFyYWxsZWwiLH0=
++ export _ModuleTable004_
++ _ModuleTable_Sz_=4
++ export _ModuleTable_Sz_
++ : -s sh
+ eval
+ module unload python
++ /usr/share/lmod/lmod/libexec/lmod bash unload python
+ eval unset '__LMOD_REF_COUNT_LD_LIBRARY_PATH;' unset 'LD_LIBRARY_PATH;' '__LMOD_REF_COUNT_LOADEDMODULES=uppmax:2\;bioinfo-tools:1\;phylophlan/0.99:1;' export '__LMOD_REF_COUNT_LOADEDMODULES;' 'LOADEDMODULES=uppmax:bioinfo-tools:phylophlan/0.99;' export 'LOADEDMODULES;' '__LMOD_REF_COUNT_MANPATH=/usr/share/man:2\;/sw/uppmax/man:2\;/opt/thinlinc/share/man:2;' export '__LMOD_REF_COUNT_MANPATH;' 'MANPATH=/usr/share/man:/sw/uppmax/man:/opt/thinlinc/share/man;' export 'MANPATH;' 'MODULEPATH=/sw/mf/snowy/bioinfo-tools/annotation:/sw/mf/snowy/bioinfo-tools/alignment:/sw/mf/snowy/bioinfo-tools/assembly:/sw/mf/snowy/bioinfo-tools/misc:/sw/mf/snowy/bioinfo-tools/phylogeny:/sw/mf/snowy/bioinfo-tools/pipelines:/sw/mf/snowy/bioinfo-tools/sw_collections:/sw/mf/snowy/applications:/sw/mf/snowy/build-tools:/sw/mf/snowy/compilers:/sw/mf/snowy/data:/sw/mf/snowy/environment:/sw/mf/snowy/libraries:/sw/mf/snowy/parallel;' export 'MODULEPATH;' '__LMOD_REF_COUNT_PATH=/sw/apps/bioinfo/phylophlan/0.99/snowy/bin:1\;/home/kvenk811/bin:2\;/usr/local/bin:1\;/usr/bin:1\;/usr/local/sbin:1\;/usr/sbin:1\;/sw/uppmax/bin:2;' export '__LMOD_REF_COUNT_PATH;' 'PATH=/sw/apps/bioinfo/phylophlan/0.99/snowy/bin:/home/kvenk811/bin:/usr/local/bin:/usr/bin:/usr/local/sbin:/usr/sbin:/sw/uppmax/bin;' export 'PATH;' unset '__LMOD_REF_COUNT_PKG_CONFIG_PATH;' unset 'PKG_CONFIG_PATH;' unset 'PYTHON_ROOT;' '__LMOD_REF_COUNT__LMFILES_=/sw/mf/snowy/environment/bioinfo-tools:1\;/sw/mf/snowy/bioinfo-tools/misc/phylophlan/0.99:1;' export '__LMOD_REF_COUNT__LMFILES_;' '_LMFILES_=/sw/mf/snowy/environment/bioinfo-tools:/sw/mf/snowy/bioinfo-tools/misc/phylophlan/0.99;' export '_LMFILES_;' '_ModuleTable001_=X01vZHVsZVRhYmxlXz17WyJNVHZlcnNpb24iXT0zLFsiY19yZWJ1aWxkVGltZSJdPWZhbHNlLFsiY19zaG9ydFRpbWUiXT1mYWxzZSxkZXB0aFQ9e30sZmFtaWx5PXt9LG1UPXtbImJpb2luZm8tdG9vbHMiXT17WyJmbiJdPSIvc3cvbWYvc25vd3kvZW52aXJvbm1lbnQvYmlvaW5mby10b29scyIsWyJmdWxsTmFtZSJdPSJiaW9pbmZvLXRvb2xzIixbImxvYWRPcmRlciJdPTEscHJvcFQ9e30sWyJzdGFja0RlcHRoIl09MCxbInN0YXR1cyJdPSJhY3RpdmUiLFsidXNlck5hbWUiXT0iYmlvaW5mby10b29scyIsfSxwaHlsb3BobGFuPXtbImZuIl09Ii9zdy9tZi9zbm93eS9iaW9pbmZvLXRvb2xzL21pc2MvcGh5bG9waGxhbi8wLjk5IixbImZ1bGxOYW1lIl09InBoeWxvcGhsYW4v;' export '_ModuleTable001_;' '_ModuleTable002_=MC45OSIsWyJsb2FkT3JkZXIiXT0yLHByb3BUPXt9LFsic3RhY2tEZXB0aCJdPTAsWyJzdGF0dXMiXT0iYWN0aXZlIixbInVzZXJOYW1lIl09InBoeWxvcGhsYW4vMC45OSIsfSx9LG1wYXRoQT17Ii9zdy9tZi9zbm93eS9iaW9pbmZvLXRvb2xzL2Fubm90YXRpb24iLCIvc3cvbWYvc25vd3kvYmlvaW5mby10b29scy9hbGlnbm1lbnQiLCIvc3cvbWYvc25vd3kvYmlvaW5mby10b29scy9hc3NlbWJseSIsIi9zdy9tZi9zbm93eS9iaW9pbmZvLXRvb2xzL21pc2MiLCIvc3cvbWYvc25vd3kvYmlvaW5mby10b29scy9waHlsb2dlbnkiLCIvc3cvbWYvc25vd3kvYmlvaW5mby10b29scy9waXBlbGluZXMiLCIvc3cvbWYvc25vd3kvYmlvaW5mby10b29scy9zd19jb2xsZWN0aW9ucyIs;' export '_ModuleTable002_;' '_ModuleTable003_=Ii9zdy9tZi9zbm93eS9hcHBsaWNhdGlvbnMiLCIvc3cvbWYvc25vd3kvYnVpbGQtdG9vbHMiLCIvc3cvbWYvc25vd3kvY29tcGlsZXJzIiwiL3N3L21mL3Nub3d5L2RhdGEiLCIvc3cvbWYvc25vd3kvZW52aXJvbm1lbnQiLCIvc3cvbWYvc25vd3kvbGlicmFyaWVzIiwiL3N3L21mL3Nub3d5L3BhcmFsbGVsIix9LFsic3lzdGVtQmFzZU1QQVRIIl09Ii9zdy9tZi9zbm93eS9hcHBsaWNhdGlvbnM6L3N3L21mL3Nub3d5L2J1aWxkLXRvb2xzOi9zdy9tZi9zbm93eS9jb21waWxlcnM6L3N3L21mL3Nub3d5L2RhdGE6L3N3L21mL3Nub3d5L2Vudmlyb25tZW50Oi9zdy9tZi9zbm93eS9saWJyYXJpZXM6L3N3L21mL3Nub3d5L3BhcmFsbGVsIix9;' export '_ModuleTable003_;' '_ModuleTable_Sz_=3;' export '_ModuleTable_Sz_;'
++ unset __LMOD_REF_COUNT_LD_LIBRARY_PATH
++ unset LD_LIBRARY_PATH
++ __LMOD_REF_COUNT_LOADEDMODULES='uppmax:2;bioinfo-tools:1;phylophlan/0.99:1'
++ export __LMOD_REF_COUNT_LOADEDMODULES
++ LOADEDMODULES=uppmax:bioinfo-tools:phylophlan/0.99
++ export LOADEDMODULES
++ __LMOD_REF_COUNT_MANPATH='/usr/share/man:2;/sw/uppmax/man:2;/opt/thinlinc/share/man:2'
++ export __LMOD_REF_COUNT_MANPATH
++ MANPATH=/usr/share/man:/sw/uppmax/man:/opt/thinlinc/share/man
++ export MANPATH
++ MODULEPATH=/sw/mf/snowy/bioinfo-tools/annotation:/sw/mf/snowy/bioinfo-tools/alignment:/sw/mf/snowy/bioinfo-tools/assembly:/sw/mf/snowy/bioinfo-tools/misc:/sw/mf/snowy/bioinfo-tools/phylogeny:/sw/mf/snowy/bioinfo-tools/pipelines:/sw/mf/snowy/bioinfo-tools/sw_collections:/sw/mf/snowy/applications:/sw/mf/snowy/build-tools:/sw/mf/snowy/compilers:/sw/mf/snowy/data:/sw/mf/snowy/environment:/sw/mf/snowy/libraries:/sw/mf/snowy/parallel
++ export MODULEPATH
++ __LMOD_REF_COUNT_PATH='/sw/apps/bioinfo/phylophlan/0.99/snowy/bin:1;/home/kvenk811/bin:2;/usr/local/bin:1;/usr/bin:1;/usr/local/sbin:1;/usr/sbin:1;/sw/uppmax/bin:2'
++ export __LMOD_REF_COUNT_PATH
++ PATH=/sw/apps/bioinfo/phylophlan/0.99/snowy/bin:/home/kvenk811/bin:/usr/local/bin:/usr/bin:/usr/local/sbin:/usr/sbin:/sw/uppmax/bin
++ export PATH
++ unset __LMOD_REF_COUNT_PKG_CONFIG_PATH
++ unset PKG_CONFIG_PATH
++ unset PYTHON_ROOT
++ __LMOD_REF_COUNT__LMFILES_='/sw/mf/snowy/environment/bioinfo-tools:1;/sw/mf/snowy/bioinfo-tools/misc/phylophlan/0.99:1'
++ export __LMOD_REF_COUNT__LMFILES_
++ _LMFILES_=/sw/mf/snowy/environment/bioinfo-tools:/sw/mf/snowy/bioinfo-tools/misc/phylophlan/0.99
++ export _LMFILES_
++ _ModuleTable001_=X01vZHVsZVRhYmxlXz17WyJNVHZlcnNpb24iXT0zLFsiY19yZWJ1aWxkVGltZSJdPWZhbHNlLFsiY19zaG9ydFRpbWUiXT1mYWxzZSxkZXB0aFQ9e30sZmFtaWx5PXt9LG1UPXtbImJpb2luZm8tdG9vbHMiXT17WyJmbiJdPSIvc3cvbWYvc25vd3kvZW52aXJvbm1lbnQvYmlvaW5mby10b29scyIsWyJmdWxsTmFtZSJdPSJiaW9pbmZvLXRvb2xzIixbImxvYWRPcmRlciJdPTEscHJvcFQ9e30sWyJzdGFja0RlcHRoIl09MCxbInN0YXR1cyJdPSJhY3RpdmUiLFsidXNlck5hbWUiXT0iYmlvaW5mby10b29scyIsfSxwaHlsb3BobGFuPXtbImZuIl09Ii9zdy9tZi9zbm93eS9iaW9pbmZvLXRvb2xzL21pc2MvcGh5bG9waGxhbi8wLjk5IixbImZ1bGxOYW1lIl09InBoeWxvcGhsYW4v
++ export _ModuleTable001_
++ _ModuleTable002_=MC45OSIsWyJsb2FkT3JkZXIiXT0yLHByb3BUPXt9LFsic3RhY2tEZXB0aCJdPTAsWyJzdGF0dXMiXT0iYWN0aXZlIixbInVzZXJOYW1lIl09InBoeWxvcGhsYW4vMC45OSIsfSx9LG1wYXRoQT17Ii9zdy9tZi9zbm93eS9iaW9pbmZvLXRvb2xzL2Fubm90YXRpb24iLCIvc3cvbWYvc25vd3kvYmlvaW5mby10b29scy9hbGlnbm1lbnQiLCIvc3cvbWYvc25vd3kvYmlvaW5mby10b29scy9hc3NlbWJseSIsIi9zdy9tZi9zbm93eS9iaW9pbmZvLXRvb2xzL21pc2MiLCIvc3cvbWYvc25vd3kvYmlvaW5mby10b29scy9waHlsb2dlbnkiLCIvc3cvbWYvc25vd3kvYmlvaW5mby10b29scy9waXBlbGluZXMiLCIvc3cvbWYvc25vd3kvYmlvaW5mby10b29scy9zd19jb2xsZWN0aW9ucyIs
++ export _ModuleTable002_
++ _ModuleTable003_=Ii9zdy9tZi9zbm93eS9hcHBsaWNhdGlvbnMiLCIvc3cvbWYvc25vd3kvYnVpbGQtdG9vbHMiLCIvc3cvbWYvc25vd3kvY29tcGlsZXJzIiwiL3N3L21mL3Nub3d5L2RhdGEiLCIvc3cvbWYvc25vd3kvZW52aXJvbm1lbnQiLCIvc3cvbWYvc25vd3kvbGlicmFyaWVzIiwiL3N3L21mL3Nub3d5L3BhcmFsbGVsIix9LFsic3lzdGVtQmFzZU1QQVRIIl09Ii9zdy9tZi9zbm93eS9hcHBsaWNhdGlvbnM6L3N3L21mL3Nub3d5L2J1aWxkLXRvb2xzOi9zdy9tZi9zbm93eS9jb21waWxlcnM6L3N3L21mL3Nub3d5L2RhdGE6L3N3L21mL3Nub3d5L2Vudmlyb25tZW50Oi9zdy9tZi9zbm93eS9saWJyYXJpZXM6L3N3L21mL3Nub3d5L3BhcmFsbGVsIix9
++ export _ModuleTable003_
++ _ModuleTable_Sz_=3
++ export _ModuleTable_Sz_
++ : -s sh
+ eval
+ module load python/2.7.15 biopython/1.73 FastTree muscle/3.8.31 usearch/5.2.32
++ /usr/share/lmod/lmod/libexec/lmod bash load python/2.7.15 biopython/1.73 FastTree muscle/3.8.31 usearch/5.2.32
+ eval '__LMOD_REF_COUNT_LD_LIBRARY_PATH=/sw/libs/wxWidgets/lib:1;' export '__LMOD_REF_COUNT_LD_LIBRARY_PATH;' 'LD_LIBRARY_PATH=/sw/libs/wxWidgets/lib;' export 'LD_LIBRARY_PATH;' '__LMOD_REF_COUNT_LOADEDMODULES=uppmax:2\;bioinfo-tools:1\;phylophlan/0.99:1\;python/2.7.15:1\;biopython/1.73:1\;FastTree/2.1.10:1\;muscle/3.8.31:1\;usearch/5.2.32:1;' export '__LMOD_REF_COUNT_LOADEDMODULES;' 'LOADEDMODULES=uppmax:bioinfo-tools:phylophlan/0.99:python/2.7.15:biopython/1.73:FastTree/2.1.10:muscle/3.8.31:usearch/5.2.32;' export 'LOADEDMODULES;' '__LMOD_REF_COUNT_MANPATH=/sw/comp/python/2.7.15_snowy/share/man:1\;/usr/share/man:2\;/sw/uppmax/man:2\;/opt/thinlinc/share/man:2;' export '__LMOD_REF_COUNT_MANPATH;' 'MANPATH=/sw/comp/python/2.7.15_snowy/share/man:/usr/share/man:/sw/uppmax/man:/opt/thinlinc/share/man;' export 'MANPATH;' 'MODULEPATH=/sw/mf/snowy/bioinfo-tools/annotation:/sw/mf/snowy/bioinfo-tools/alignment:/sw/mf/snowy/bioinfo-tools/assembly:/sw/mf/snowy/bioinfo-tools/misc:/sw/mf/snowy/bioinfo-tools/phylogeny:/sw/mf/snowy/bioinfo-tools/pipelines:/sw/mf/snowy/bioinfo-tools/sw_collections:/sw/mf/snowy/applications:/sw/mf/snowy/build-tools:/sw/mf/snowy/compilers:/sw/mf/snowy/data:/sw/mf/snowy/environment:/sw/mf/snowy/libraries:/sw/mf/snowy/parallel;' export 'MODULEPATH;' '__LMOD_REF_COUNT_PATH=/sw/bioinfo/usearch/5.2.32/snowy:1\;/sw/apps/bioinfo/muscle/3.8.31/snowy:1\;/sw/apps/bioinfo/FastTree/2.1.10/snowy:1\;/sw/comp/python/2.7.15_snowy/bin:1\;/sw/apps/bioinfo/phylophlan/0.99/snowy/bin:1\;/home/kvenk811/bin:2\;/usr/local/bin:1\;/usr/bin:1\;/usr/local/sbin:1\;/usr/sbin:1\;/sw/uppmax/bin:2;' export '__LMOD_REF_COUNT_PATH;' 'PATH=/sw/bioinfo/usearch/5.2.32/snowy:/sw/apps/bioinfo/muscle/3.8.31/snowy:/sw/apps/bioinfo/FastTree/2.1.10/snowy:/sw/comp/python/2.7.15_snowy/bin:/sw/apps/bioinfo/phylophlan/0.99/snowy/bin:/home/kvenk811/bin:/usr/local/bin:/usr/bin:/usr/local/sbin:/usr/sbin:/sw/uppmax/bin;' export 'PATH;' '__LMOD_REF_COUNT_PKG_CONFIG_PATH=/sw/comp/python/2.7.15_snowy/lib/pkgconfig:1;' export '__LMOD_REF_COUNT_PKG_CONFIG_PATH;' 'PKG_CONFIG_PATH=/sw/comp/python/2.7.15_snowy/lib/pkgconfig;' export 'PKG_CONFIG_PATH;' '__LMOD_REF_COUNT_PYTHONPATH=/sw/bioinfo/biopython/1.73/snowy/lib/python2.7/site-packages:1\;/sw/apps/bioinfo/phylophlan/0.99/snowy/lib/python2.7/site-packages:1;' export '__LMOD_REF_COUNT_PYTHONPATH;' 'PYTHONPATH=/sw/bioinfo/biopython/1.73/snowy/lib/python2.7/site-packages:/sw/apps/bioinfo/phylophlan/0.99/snowy/lib/python2.7/site-packages;' export 'PYTHONPATH;' 'PYTHON_ROOT=/sw/comp/python/2.7.15_snowy;' export 'PYTHON_ROOT;' '__LMOD_REF_COUNT__LMFILES_=/sw/mf/snowy/environment/bioinfo-tools:1\;/sw/mf/snowy/bioinfo-tools/misc/phylophlan/0.99:1\;/sw/mf/snowy/compilers/python/2.7.15:1\;/sw/mf/snowy/bioinfo-tools/misc/biopython/1.73:1\;/sw/mf/snowy/bioinfo-tools/phylogeny/FastTree/2.1.10:1\;/sw/mf/snowy/bioinfo-tools/alignment/muscle/3.8.31:1\;/sw/mf/snowy/bioinfo-tools/misc/usearch/5.2.32:1;' export '__LMOD_REF_COUNT__LMFILES_;' '_LMFILES_=/sw/mf/snowy/environment/bioinfo-tools:/sw/mf/snowy/bioinfo-tools/misc/phylophlan/0.99:/sw/mf/snowy/compilers/python/2.7.15:/sw/mf/snowy/bioinfo-tools/misc/biopython/1.73:/sw/mf/snowy/bioinfo-tools/phylogeny/FastTree/2.1.10:/sw/mf/snowy/bioinfo-tools/alignment/muscle/3.8.31:/sw/mf/snowy/bioinfo-tools/misc/usearch/5.2.32;' export '_LMFILES_;' '_ModuleTable001_=X01vZHVsZVRhYmxlXz17WyJNVHZlcnNpb24iXT0zLFsiY19yZWJ1aWxkVGltZSJdPWZhbHNlLFsiY19zaG9ydFRpbWUiXT1mYWxzZSxkZXB0aFQ9e30sZmFtaWx5PXt9LG1UPXtGYXN0VHJlZT17WyJmbiJdPSIvc3cvbWYvc25vd3kvYmlvaW5mby10b29scy9waHlsb2dlbnkvRmFzdFRyZWUvMi4xLjEwIixbImZ1bGxOYW1lIl09IkZhc3RUcmVlLzIuMS4xMCIsWyJsb2FkT3JkZXIiXT01LHByb3BUPXt9LFsic3RhY2tEZXB0aCJdPTAsWyJzdGF0dXMiXT0iYWN0aXZlIixbInVzZXJOYW1lIl09IkZhc3RUcmVlIix9LFsiYmlvaW5mby10b29scyJdPXtbImZuIl09Ii9zdy9tZi9zbm93eS9lbnZpcm9ubWVudC9iaW9pbmZvLXRvb2xzIixbImZ1bGxOYW1lIl09ImJpb2luZm8tdG9v;' export '_ModuleTable001_;' '_ModuleTable002_=bHMiLFsibG9hZE9yZGVyIl09MSxwcm9wVD17fSxbInN0YWNrRGVwdGgiXT0wLFsic3RhdHVzIl09ImFjdGl2ZSIsWyJ1c2VyTmFtZSJdPSJiaW9pbmZvLXRvb2xzIix9LGJpb3B5dGhvbj17WyJmbiJdPSIvc3cvbWYvc25vd3kvYmlvaW5mby10b29scy9taXNjL2Jpb3B5dGhvbi8xLjczIixbImZ1bGxOYW1lIl09ImJpb3B5dGhvbi8xLjczIixbImxvYWRPcmRlciJdPTQscHJvcFQ9e30sWyJzdGFja0RlcHRoIl09MCxbInN0YXR1cyJdPSJhY3RpdmUiLFsidXNlck5hbWUiXT0iYmlvcHl0aG9uLzEuNzMiLH0sbXVzY2xlPXtbImZuIl09Ii9zdy9tZi9zbm93eS9iaW9pbmZvLXRvb2xzL2FsaWdubWVudC9tdXNjbGUvMy44LjMxIixbImZ1bGxOYW1lIl09Im11c2NsZS8zLjguMzEi;' export '_ModuleTable002_;' '_ModuleTable003_=LFsibG9hZE9yZGVyIl09Nixwcm9wVD17fSxbInN0YWNrRGVwdGgiXT0wLFsic3RhdHVzIl09ImFjdGl2ZSIsWyJ1c2VyTmFtZSJdPSJtdXNjbGUvMy44LjMxIix9LHBoeWxvcGhsYW49e1siZm4iXT0iL3N3L21mL3Nub3d5L2Jpb2luZm8tdG9vbHMvbWlzYy9waHlsb3BobGFuLzAuOTkiLFsiZnVsbE5hbWUiXT0icGh5bG9waGxhbi8wLjk5IixbImxvYWRPcmRlciJdPTIscHJvcFQ9e30sWyJzdGFja0RlcHRoIl09MCxbInN0YXR1cyJdPSJhY3RpdmUiLFsidXNlck5hbWUiXT0icGh5bG9waGxhbi8wLjk5Iix9LHB5dGhvbj17WyJmbiJdPSIvc3cvbWYvc25vd3kvY29tcGlsZXJzL3B5dGhvbi8yLjcuMTUiLFsiZnVsbE5hbWUiXT0icHl0aG9uLzIuNy4xNSIsWyJsb2FkT3JkZXIi;' export '_ModuleTable003_;' '_ModuleTable004_=XT0zLHByb3BUPXt9LFsic3RhY2tEZXB0aCJdPTEsWyJzdGF0dXMiXT0iYWN0aXZlIixbInVzZXJOYW1lIl09InB5dGhvbi8yLjcuMTUiLH0sdXNlYXJjaD17WyJmbiJdPSIvc3cvbWYvc25vd3kvYmlvaW5mby10b29scy9taXNjL3VzZWFyY2gvNS4yLjMyIixbImZ1bGxOYW1lIl09InVzZWFyY2gvNS4yLjMyIixbImxvYWRPcmRlciJdPTcscHJvcFQ9e30sWyJzdGFja0RlcHRoIl09MCxbInN0YXR1cyJdPSJhY3RpdmUiLFsidXNlck5hbWUiXT0idXNlYXJjaC81LjIuMzIiLH0sfSxtcGF0aEE9eyIvc3cvbWYvc25vd3kvYmlvaW5mby10b29scy9hbm5vdGF0aW9uIiwiL3N3L21mL3Nub3d5L2Jpb2luZm8tdG9vbHMvYWxpZ25tZW50IiwiL3N3L21mL3Nub3d5L2Jpb2luZm8tdG9v;' export '_ModuleTable004_;' '_ModuleTable005_=bHMvYXNzZW1ibHkiLCIvc3cvbWYvc25vd3kvYmlvaW5mby10b29scy9taXNjIiwiL3N3L21mL3Nub3d5L2Jpb2luZm8tdG9vbHMvcGh5bG9nZW55IiwiL3N3L21mL3Nub3d5L2Jpb2luZm8tdG9vbHMvcGlwZWxpbmVzIiwiL3N3L21mL3Nub3d5L2Jpb2luZm8tdG9vbHMvc3dfY29sbGVjdGlvbnMiLCIvc3cvbWYvc25vd3kvYXBwbGljYXRpb25zIiwiL3N3L21mL3Nub3d5L2J1aWxkLXRvb2xzIiwiL3N3L21mL3Nub3d5L2NvbXBpbGVycyIsIi9zdy9tZi9zbm93eS9kYXRhIiwiL3N3L21mL3Nub3d5L2Vudmlyb25tZW50IiwiL3N3L21mL3Nub3d5L2xpYnJhcmllcyIsIi9zdy9tZi9zbm93eS9wYXJhbGxlbCIsfSxbInN5c3RlbUJhc2VNUEFUSCJdPSIvc3cvbWYvc25vd3kvYXBw;' export '_ModuleTable005_;' '_ModuleTable006_=bGljYXRpb25zOi9zdy9tZi9zbm93eS9idWlsZC10b29sczovc3cvbWYvc25vd3kvY29tcGlsZXJzOi9zdy9tZi9zbm93eS9kYXRhOi9zdy9tZi9zbm93eS9lbnZpcm9ubWVudDovc3cvbWYvc25vd3kvbGlicmFyaWVzOi9zdy9tZi9zbm93eS9wYXJhbGxlbCIsfQ==;' export '_ModuleTable006_;' '_ModuleTable_Sz_=6;' export '_ModuleTable_Sz_;'
++ __LMOD_REF_COUNT_LD_LIBRARY_PATH=/sw/libs/wxWidgets/lib:1
++ export __LMOD_REF_COUNT_LD_LIBRARY_PATH
++ LD_LIBRARY_PATH=/sw/libs/wxWidgets/lib
++ export LD_LIBRARY_PATH
++ __LMOD_REF_COUNT_LOADEDMODULES='uppmax:2;bioinfo-tools:1;phylophlan/0.99:1;python/2.7.15:1;biopython/1.73:1;FastTree/2.1.10:1;muscle/3.8.31:1;usearch/5.2.32:1'
++ export __LMOD_REF_COUNT_LOADEDMODULES
++ LOADEDMODULES=uppmax:bioinfo-tools:phylophlan/0.99:python/2.7.15:biopython/1.73:FastTree/2.1.10:muscle/3.8.31:usearch/5.2.32
++ export LOADEDMODULES
++ __LMOD_REF_COUNT_MANPATH='/sw/comp/python/2.7.15_snowy/share/man:1;/usr/share/man:2;/sw/uppmax/man:2;/opt/thinlinc/share/man:2'
++ export __LMOD_REF_COUNT_MANPATH
++ MANPATH=/sw/comp/python/2.7.15_snowy/share/man:/usr/share/man:/sw/uppmax/man:/opt/thinlinc/share/man
++ export MANPATH
++ MODULEPATH=/sw/mf/snowy/bioinfo-tools/annotation:/sw/mf/snowy/bioinfo-tools/alignment:/sw/mf/snowy/bioinfo-tools/assembly:/sw/mf/snowy/bioinfo-tools/misc:/sw/mf/snowy/bioinfo-tools/phylogeny:/sw/mf/snowy/bioinfo-tools/pipelines:/sw/mf/snowy/bioinfo-tools/sw_collections:/sw/mf/snowy/applications:/sw/mf/snowy/build-tools:/sw/mf/snowy/compilers:/sw/mf/snowy/data:/sw/mf/snowy/environment:/sw/mf/snowy/libraries:/sw/mf/snowy/parallel
++ export MODULEPATH
++ __LMOD_REF_COUNT_PATH='/sw/bioinfo/usearch/5.2.32/snowy:1;/sw/apps/bioinfo/muscle/3.8.31/snowy:1;/sw/apps/bioinfo/FastTree/2.1.10/snowy:1;/sw/comp/python/2.7.15_snowy/bin:1;/sw/apps/bioinfo/phylophlan/0.99/snowy/bin:1;/home/kvenk811/bin:2;/usr/local/bin:1;/usr/bin:1;/usr/local/sbin:1;/usr/sbin:1;/sw/uppmax/bin:2'
++ export __LMOD_REF_COUNT_PATH
++ PATH=/sw/bioinfo/usearch/5.2.32/snowy:/sw/apps/bioinfo/muscle/3.8.31/snowy:/sw/apps/bioinfo/FastTree/2.1.10/snowy:/sw/comp/python/2.7.15_snowy/bin:/sw/apps/bioinfo/phylophlan/0.99/snowy/bin:/home/kvenk811/bin:/usr/local/bin:/usr/bin:/usr/local/sbin:/usr/sbin:/sw/uppmax/bin
++ export PATH
++ __LMOD_REF_COUNT_PKG_CONFIG_PATH=/sw/comp/python/2.7.15_snowy/lib/pkgconfig:1
++ export __LMOD_REF_COUNT_PKG_CONFIG_PATH
++ PKG_CONFIG_PATH=/sw/comp/python/2.7.15_snowy/lib/pkgconfig
++ export PKG_CONFIG_PATH
++ __LMOD_REF_COUNT_PYTHONPATH='/sw/bioinfo/biopython/1.73/snowy/lib/python2.7/site-packages:1;/sw/apps/bioinfo/phylophlan/0.99/snowy/lib/python2.7/site-packages:1'
++ export __LMOD_REF_COUNT_PYTHONPATH
++ PYTHONPATH=/sw/bioinfo/biopython/1.73/snowy/lib/python2.7/site-packages:/sw/apps/bioinfo/phylophlan/0.99/snowy/lib/python2.7/site-packages
++ export PYTHONPATH
++ PYTHON_ROOT=/sw/comp/python/2.7.15_snowy
++ export PYTHON_ROOT
++ __LMOD_REF_COUNT__LMFILES_='/sw/mf/snowy/environment/bioinfo-tools:1;/sw/mf/snowy/bioinfo-tools/misc/phylophlan/0.99:1;/sw/mf/snowy/compilers/python/2.7.15:1;/sw/mf/snowy/bioinfo-tools/misc/biopython/1.73:1;/sw/mf/snowy/bioinfo-tools/phylogeny/FastTree/2.1.10:1;/sw/mf/snowy/bioinfo-tools/alignment/muscle/3.8.31:1;/sw/mf/snowy/bioinfo-tools/misc/usearch/5.2.32:1'
++ export __LMOD_REF_COUNT__LMFILES_
++ _LMFILES_=/sw/mf/snowy/environment/bioinfo-tools:/sw/mf/snowy/bioinfo-tools/misc/phylophlan/0.99:/sw/mf/snowy/compilers/python/2.7.15:/sw/mf/snowy/bioinfo-tools/misc/biopython/1.73:/sw/mf/snowy/bioinfo-tools/phylogeny/FastTree/2.1.10:/sw/mf/snowy/bioinfo-tools/alignment/muscle/3.8.31:/sw/mf/snowy/bioinfo-tools/misc/usearch/5.2.32
++ export _LMFILES_
++ _ModuleTable001_=X01vZHVsZVRhYmxlXz17WyJNVHZlcnNpb24iXT0zLFsiY19yZWJ1aWxkVGltZSJdPWZhbHNlLFsiY19zaG9ydFRpbWUiXT1mYWxzZSxkZXB0aFQ9e30sZmFtaWx5PXt9LG1UPXtGYXN0VHJlZT17WyJmbiJdPSIvc3cvbWYvc25vd3kvYmlvaW5mby10b29scy9waHlsb2dlbnkvRmFzdFRyZWUvMi4xLjEwIixbImZ1bGxOYW1lIl09IkZhc3RUcmVlLzIuMS4xMCIsWyJsb2FkT3JkZXIiXT01LHByb3BUPXt9LFsic3RhY2tEZXB0aCJdPTAsWyJzdGF0dXMiXT0iYWN0aXZlIixbInVzZXJOYW1lIl09IkZhc3RUcmVlIix9LFsiYmlvaW5mby10b29scyJdPXtbImZuIl09Ii9zdy9tZi9zbm93eS9lbnZpcm9ubWVudC9iaW9pbmZvLXRvb2xzIixbImZ1bGxOYW1lIl09ImJpb2luZm8tdG9v
++ export _ModuleTable001_
++ _ModuleTable002_=bHMiLFsibG9hZE9yZGVyIl09MSxwcm9wVD17fSxbInN0YWNrRGVwdGgiXT0wLFsic3RhdHVzIl09ImFjdGl2ZSIsWyJ1c2VyTmFtZSJdPSJiaW9pbmZvLXRvb2xzIix9LGJpb3B5dGhvbj17WyJmbiJdPSIvc3cvbWYvc25vd3kvYmlvaW5mby10b29scy9taXNjL2Jpb3B5dGhvbi8xLjczIixbImZ1bGxOYW1lIl09ImJpb3B5dGhvbi8xLjczIixbImxvYWRPcmRlciJdPTQscHJvcFQ9e30sWyJzdGFja0RlcHRoIl09MCxbInN0YXR1cyJdPSJhY3RpdmUiLFsidXNlck5hbWUiXT0iYmlvcHl0aG9uLzEuNzMiLH0sbXVzY2xlPXtbImZuIl09Ii9zdy9tZi9zbm93eS9iaW9pbmZvLXRvb2xzL2FsaWdubWVudC9tdXNjbGUvMy44LjMxIixbImZ1bGxOYW1lIl09Im11c2NsZS8zLjguMzEi
++ export _ModuleTable002_
++ _ModuleTable003_=LFsibG9hZE9yZGVyIl09Nixwcm9wVD17fSxbInN0YWNrRGVwdGgiXT0wLFsic3RhdHVzIl09ImFjdGl2ZSIsWyJ1c2VyTmFtZSJdPSJtdXNjbGUvMy44LjMxIix9LHBoeWxvcGhsYW49e1siZm4iXT0iL3N3L21mL3Nub3d5L2Jpb2luZm8tdG9vbHMvbWlzYy9waHlsb3BobGFuLzAuOTkiLFsiZnVsbE5hbWUiXT0icGh5bG9waGxhbi8wLjk5IixbImxvYWRPcmRlciJdPTIscHJvcFQ9e30sWyJzdGFja0RlcHRoIl09MCxbInN0YXR1cyJdPSJhY3RpdmUiLFsidXNlck5hbWUiXT0icGh5bG9waGxhbi8wLjk5Iix9LHB5dGhvbj17WyJmbiJdPSIvc3cvbWYvc25vd3kvY29tcGlsZXJzL3B5dGhvbi8yLjcuMTUiLFsiZnVsbE5hbWUiXT0icHl0aG9uLzIuNy4xNSIsWyJsb2FkT3JkZXIi
++ export _ModuleTable003_
++ _ModuleTable004_=XT0zLHByb3BUPXt9LFsic3RhY2tEZXB0aCJdPTEsWyJzdGF0dXMiXT0iYWN0aXZlIixbInVzZXJOYW1lIl09InB5dGhvbi8yLjcuMTUiLH0sdXNlYXJjaD17WyJmbiJdPSIvc3cvbWYvc25vd3kvYmlvaW5mby10b29scy9taXNjL3VzZWFyY2gvNS4yLjMyIixbImZ1bGxOYW1lIl09InVzZWFyY2gvNS4yLjMyIixbImxvYWRPcmRlciJdPTcscHJvcFQ9e30sWyJzdGFja0RlcHRoIl09MCxbInN0YXR1cyJdPSJhY3RpdmUiLFsidXNlck5hbWUiXT0idXNlYXJjaC81LjIuMzIiLH0sfSxtcGF0aEE9eyIvc3cvbWYvc25vd3kvYmlvaW5mby10b29scy9hbm5vdGF0aW9uIiwiL3N3L21mL3Nub3d5L2Jpb2luZm8tdG9vbHMvYWxpZ25tZW50IiwiL3N3L21mL3Nub3d5L2Jpb2luZm8tdG9v
++ export _ModuleTable004_
++ _ModuleTable005_=bHMvYXNzZW1ibHkiLCIvc3cvbWYvc25vd3kvYmlvaW5mby10b29scy9taXNjIiwiL3N3L21mL3Nub3d5L2Jpb2luZm8tdG9vbHMvcGh5bG9nZW55IiwiL3N3L21mL3Nub3d5L2Jpb2luZm8tdG9vbHMvcGlwZWxpbmVzIiwiL3N3L21mL3Nub3d5L2Jpb2luZm8tdG9vbHMvc3dfY29sbGVjdGlvbnMiLCIvc3cvbWYvc25vd3kvYXBwbGljYXRpb25zIiwiL3N3L21mL3Nub3d5L2J1aWxkLXRvb2xzIiwiL3N3L21mL3Nub3d5L2NvbXBpbGVycyIsIi9zdy9tZi9zbm93eS9kYXRhIiwiL3N3L21mL3Nub3d5L2Vudmlyb25tZW50IiwiL3N3L21mL3Nub3d5L2xpYnJhcmllcyIsIi9zdy9tZi9zbm93eS9wYXJhbGxlbCIsfSxbInN5c3RlbUJhc2VNUEFUSCJdPSIvc3cvbWYvc25vd3kvYXBw
++ export _ModuleTable005_
++ _ModuleTable006_=bGljYXRpb25zOi9zdy9tZi9zbm93eS9idWlsZC10b29sczovc3cvbWYvc25vd3kvY29tcGlsZXJzOi9zdy9tZi9zbm93eS9kYXRhOi9zdy9tZi9zbm93eS9lbnZpcm9ubWVudDovc3cvbWYvc25vd3kvbGlicmFyaWVzOi9zdy9tZi9zbm93eS9wYXJhbGxlbCIsfQ==
++ export _ModuleTable006_
++ _ModuleTable_Sz_=6
++ export _ModuleTable_Sz_
++ : -s sh
+ eval
+ seqdir=/proj/genomeanalysis2022/nobackup/work/kvenk811/prokka_before_bwa
+ outdir=/proj/genomeanalysis2022/nobackup/work/kvenk811/phylophlan
+ cd /proj/genomeanalysis2022/nobackup/work/kvenk811/phylophlan
+ phylophlan.py -i -t --nproc 2 D1
Extracting data/ppa.seeds.faa ... Done!
Extracting data/ppafull.aln.faa ... Done!
Extracting data/ppafull.xml ... Done!
Extracting data/ppafull.up2prots.txt ... Done!
Extracting data/ppafull.orgs2prots.txt ... Done!
Extracting data/ppaalns/ppa.aln.tar.bz2 ... Done!
Generating data/ppa.wdb (usearch indexed DB)... Done!
Looking for PhyloPhlAn proteins in input faa files
Starting data/D1/D1_metabat_output.9.fa_ann.out.b6o...
Starting data/D1/D1_metabat_output.5.fa_ann.out.b6o...

WARNING: Invalid FASTA file 'input/D1/D1_metabat_output.5.fa_ann.out.faa', non-letter '*' in sequence >GGDMGODM_00292 hypothetical protein

data/D1/D1_metabat_output.5.fa_ann.out.b6o generated!
Starting data/D1/D1_metabat_output.1.fa_ann.out.b6o...

WARNING: 3 short sequences (--minlen 32, shortest 31) discarded from input/D1/D1_metabat_output.9.fa_ann.out.faa

data/D1/D1_metabat_output.9.fa_ann.out.b6o generated!
Starting data/D1/D1_metabat_output.2.fa_ann.out.b6o...

WARNING: Invalid FASTA file 'input/D1/D1_metabat_output.1.fa_ann.out.faa', non-letter '*' in sequence >ILIONHGJ_00015 hypothetical protein


WARNING: 1 short sequences (--minlen 32, shortest 31) discarded from input/D1/D1_metabat_output.2.fa_ann.out.faa

data/D1/D1_metabat_output.2.fa_ann.out.b6o generated!
Starting data/D1/D1_metabat_output.6.fa_ann.out.b6o...

WARNING: Invalid FASTA file 'input/D1/D1_metabat_output.6.fa_ann.out.faa', non-letter '*' in sequence >BKPBHFBF_00116 hypothetical protein

data/D1/D1_metabat_output.6.fa_ann.out.b6o generated!
Starting data/D1/D1_metabat_output.11.fa_ann.out.b6o...

WARNING: 1 short sequences (--minlen 32, shortest 30) discarded from input/D1/D1_metabat_output.11.fa_ann.out.faa

data/D1/D1_metabat_output.11.fa_ann.out.b6o generated!
Starting data/D1/D1_metabat_output.3.fa_ann.out.b6o...

WARNING: Invalid FASTA file 'input/D1/D1_metabat_output.3.fa_ann.out.faa', non-letter '*' in sequence >KFLFNBJH_00442 hypothetical protein


WARNING: 5 short sequences (--minlen 32, shortest 29) discarded from input/D1/D1_metabat_output.1.fa_ann.out.faa

data/D1/D1_metabat_output.1.fa_ann.out.b6o generated!
Starting data/D1/D1_metabat_output.4.fa_ann.out.b6o...
data/D1/D1_metabat_output.3.fa_ann.out.b6o generated!
Starting data/D1/D1_metabat_output.7.fa_ann.out.b6o...
data/D1/D1_metabat_output.4.fa_ann.out.b6o generated!
Starting data/D1/D1_metabat_output.12.fa_ann.out.b6o...
data/D1/D1_metabat_output.12.fa_ann.out.b6o generated!
Starting data/D1/D1_metabat_output.8.fa_ann.out.b6o...
data/D1/D1_metabat_output.7.fa_ann.out.b6o generated!

WARNING: Invalid FASTA file 'input/D1/D1_metabat_output.8.fa_ann.out.faa', non-letter '*' in sequence >CELLOMCE_00050 ATP synthase subunit beta


WARNING: 9 short sequences (--minlen 32, shortest 29) discarded from input/D1/D1_metabat_output.8.fa_ann.out.faa

data/D1/D1_metabat_output.8.fa_ann.out.b6o generated!
Starting data/D1/D1_metabat_output.10.fa_ann.out.b6o...

WARNING: Invalid FASTA file 'input/D1/D1_metabat_output.10.fa_ann.out.faa', non-letter '*' in sequence >NNPMPAJH_00266 hypothetical protein


WARNING: 1 short sequences (--minlen 32, shortest 31) discarded from input/D1/D1_metabat_output.10.fa_ann.out.faa

data/D1/D1_metabat_output.10.fa_ann.out.b6o generated!
All usearch runs performed!
Mapping finished in 54 secs.

Looking for PhyloPhlAn proteins to align
383 alignments to be performed
Running muscle on data/D1/p0000.faa...
Running muscle on data/D1/p0048.faa...
data/D1/p0048.sub.aln generated (from data/D1/p0048.faa)!
Running muscle on data/D1/p0049.faa...
data/D1/p0049.sub.aln generated (from data/D1/p0049.faa)!
Running muscle on data/D1/p0050.faa...
data/D1/p0000.sub.aln generated (from data/D1/p0000.faa)!
Running muscle on data/D1/p0001.faa...
data/D1/p0050.sub.aln generated (from data/D1/p0050.faa)!
Running muscle on data/D1/p0051.faa...
data/D1/p0051.sub.aln generated (from data/D1/p0051.faa)!
Running muscle on data/D1/p0052.faa...
data/D1/p0001.sub.aln generated (from data/D1/p0001.faa)!
Running muscle on data/D1/p0002.faa...
data/D1/p0052.sub.aln generated (from data/D1/p0052.faa)!
Running muscle on data/D1/p0053.faa...
data/D1/p0002.sub.aln generated (from data/D1/p0002.faa)!
Running muscle on data/D1/p0003.faa...
data/D1/p0053.sub.aln generated (from data/D1/p0053.faa)!
Running muscle on data/D1/p0054.faa...
data/D1/p0054.sub.aln generated (from data/D1/p0054.faa)!
Running muscle on data/D1/p0055.faa...
data/D1/p0055.sub.aln generated (from data/D1/p0055.faa)!
Running muscle on data/D1/p0056.faa...
data/D1/p0056.sub.aln generated (from data/D1/p0056.faa)!
Running muscle on data/D1/p0057.faa...
data/D1/p0057.sub.aln generated (from data/D1/p0057.faa)!
Running muscle on data/D1/p0058.faa...
data/D1/p0058.sub.aln generated (from data/D1/p0058.faa)!
Running muscle on data/D1/p0059.faa...
data/D1/p0059.sub.aln generated (from data/D1/p0059.faa)!
Running muscle on data/D1/p0060.faa...
data/D1/p0060.sub.aln generated (from data/D1/p0060.faa)!
Running muscle on data/D1/p0061.faa...
data/D1/p0061.sub.aln generated (from data/D1/p0061.faa)!
Running muscle on data/D1/p0062.faa...
data/D1/p0062.sub.aln generated (from data/D1/p0062.faa)!
Running muscle on data/D1/p0063.faa...
data/D1/p0063.sub.aln generated (from data/D1/p0063.faa)!
Running muscle on data/D1/p0064.faa...
data/D1/p0003.sub.aln generated (from data/D1/p0003.faa)!
Running muscle on data/D1/p0004.faa...
data/D1/p0064.sub.aln generated (from data/D1/p0064.faa)!
Running muscle on data/D1/p0065.faa...
data/D1/p0065.sub.aln generated (from data/D1/p0065.faa)!
Running muscle on data/D1/p0066.faa...
data/D1/p0004.sub.aln generated (from data/D1/p0004.faa)!
Running muscle on data/D1/p0005.faa...
data/D1/p0066.sub.aln generated (from data/D1/p0066.faa)!
Running muscle on data/D1/p0067.faa...
data/D1/p0067.sub.aln generated (from data/D1/p0067.faa)!
Running muscle on data/D1/p0068.faa...
data/D1/p0005.sub.aln generated (from data/D1/p0005.faa)!
Running muscle on data/D1/p0006.faa...
data/D1/p0006.sub.aln generated (from data/D1/p0006.faa)!
Running muscle on data/D1/p0007.faa...
data/D1/p0007.sub.aln generated (from data/D1/p0007.faa)!
Running muscle on data/D1/p0008.faa...
data/D1/p0008.sub.aln generated (from data/D1/p0008.faa)!
Running muscle on data/D1/p0009.faa...
data/D1/p0068.sub.aln generated (from data/D1/p0068.faa)!
Running muscle on data/D1/p0069.faa...
data/D1/p0069.sub.aln generated (from data/D1/p0069.faa)!
Running muscle on data/D1/p0070.faa...
data/D1/p0070.sub.aln generated (from data/D1/p0070.faa)!
Running muscle on data/D1/p0071.faa...
data/D1/p0009.sub.aln generated (from data/D1/p0009.faa)!
Running muscle on data/D1/p0010.faa...
data/D1/p0071.sub.aln generated (from data/D1/p0071.faa)!
Running muscle on data/D1/p0072.faa...
data/D1/p0072.sub.aln generated (from data/D1/p0072.faa)!
Running muscle on data/D1/p0073.faa...
data/D1/p0073.sub.aln generated (from data/D1/p0073.faa)!
Running muscle on data/D1/p0074.faa...
data/D1/p0074.sub.aln generated (from data/D1/p0074.faa)!
Running muscle on data/D1/p0075.faa...
data/D1/p0075.sub.aln generated (from data/D1/p0075.faa)!
Running muscle on data/D1/p0076.faa...
data/D1/p0076.sub.aln generated (from data/D1/p0076.faa)!
Running muscle on data/D1/p0077.faa...
data/D1/p0077.sub.aln generated (from data/D1/p0077.faa)!
Running muscle on data/D1/p0078.faa...
data/D1/p0078.sub.aln generated (from data/D1/p0078.faa)!
Running muscle on data/D1/p0079.faa...
data/D1/p0079.sub.aln generated (from data/D1/p0079.faa)!
Running muscle on data/D1/p0080.faa...
data/D1/p0010.sub.aln generated (from data/D1/p0010.faa)!
Running muscle on data/D1/p0011.faa...
data/D1/p0080.sub.aln generated (from data/D1/p0080.faa)!
Running muscle on data/D1/p0081.faa...
data/D1/p0081.sub.aln generated (from data/D1/p0081.faa)!
Running muscle on data/D1/p0082.faa...
data/D1/p0082.sub.aln generated (from data/D1/p0082.faa)!
Running muscle on data/D1/p0083.faa...
data/D1/p0083.sub.aln generated (from data/D1/p0083.faa)!
Running muscle on data/D1/p0084.faa...
data/D1/p0011.sub.aln generated (from data/D1/p0011.faa)!
Running muscle on data/D1/p0012.faa...
data/D1/p0084.sub.aln generated (from data/D1/p0084.faa)!
Running muscle on data/D1/p0085.faa...
data/D1/p0085.sub.aln generated (from data/D1/p0085.faa)!
Running muscle on data/D1/p0086.faa...
data/D1/p0012.sub.aln generated (from data/D1/p0012.faa)!
Running muscle on data/D1/p0013.faa...
data/D1/p0086.sub.aln generated (from data/D1/p0086.faa)!
Running muscle on data/D1/p0087.faa...
data/D1/p0087.sub.aln generated (from data/D1/p0087.faa)!
Running muscle on data/D1/p0088.faa...

*** WARNING *** Invalid character '*' in FASTA sequence data, ignored
data/D1/p0013.sub.aln generated (from data/D1/p0013.faa)!
Running muscle on data/D1/p0014.faa...
data/D1/p0088.sub.aln generated (from data/D1/p0088.faa)!
Running muscle on data/D1/p0089.faa...
data/D1/p0089.sub.aln generated (from data/D1/p0089.faa)!
Running muscle on data/D1/p0090.faa...
data/D1/p0014.sub.aln generated (from data/D1/p0014.faa)!
Running muscle on data/D1/p0015.faa...
data/D1/p0090.sub.aln generated (from data/D1/p0090.faa)!
Running muscle on data/D1/p0091.faa...
data/D1/p0015.sub.aln generated (from data/D1/p0015.faa)!
Running muscle on data/D1/p0016.faa...
data/D1/p0091.sub.aln generated (from data/D1/p0091.faa)!
Running muscle on data/D1/p0092.faa...
data/D1/p0092.sub.aln generated (from data/D1/p0092.faa)!
Running muscle on data/D1/p0093.faa...
data/D1/p0016.sub.aln generated (from data/D1/p0016.faa)!
Running muscle on data/D1/p0017.faa...
data/D1/p0093.sub.aln generated (from data/D1/p0093.faa)!
Running muscle on data/D1/p0094.faa...
data/D1/p0017.sub.aln generated (from data/D1/p0017.faa)!
Running muscle on data/D1/p0018.faa...
data/D1/p0094.sub.aln generated (from data/D1/p0094.faa)!
Running muscle on data/D1/p0095.faa...
data/D1/p0018.sub.aln generated (from data/D1/p0018.faa)!
Running muscle on data/D1/p0019.faa...
data/D1/p0095.sub.aln generated (from data/D1/p0095.faa)!
Running muscle on data/D1/p0096.faa...
data/D1/p0019.sub.aln generated (from data/D1/p0019.faa)!
Running muscle on data/D1/p0020.faa...
data/D1/p0096.sub.aln generated (from data/D1/p0096.faa)!
Running muscle on data/D1/p0097.faa...
data/D1/p0097.sub.aln generated (from data/D1/p0097.faa)!
Running muscle on data/D1/p0098.faa...
data/D1/p0020.sub.aln generated (from data/D1/p0020.faa)!
Running muscle on data/D1/p0021.faa...
data/D1/p0098.sub.aln generated (from data/D1/p0098.faa)!
Running muscle on data/D1/p0099.faa...
data/D1/p0099.sub.aln generated (from data/D1/p0099.faa)!
Running muscle on data/D1/p0100.faa...
data/D1/p0021.sub.aln generated (from data/D1/p0021.faa)!
Running muscle on data/D1/p0022.faa...
data/D1/p0022.sub.aln generated (from data/D1/p0022.faa)!
Running muscle on data/D1/p0023.faa...
data/D1/p0100.sub.aln generated (from data/D1/p0100.faa)!
Running muscle on data/D1/p0101.faa...
data/D1/p0101.sub.aln generated (from data/D1/p0101.faa)!
Running muscle on data/D1/p0102.faa...
data/D1/p0102.sub.aln generated (from data/D1/p0102.faa)!
Running muscle on data/D1/p0103.faa...
data/D1/p0023.sub.aln generated (from data/D1/p0023.faa)!
Running muscle on data/D1/p0024.faa...
data/D1/p0024.sub.aln generated (from data/D1/p0024.faa)!
Running muscle on data/D1/p0025.faa...
data/D1/p0103.sub.aln generated (from data/D1/p0103.faa)!
Running muscle on data/D1/p0104.faa...
data/D1/p0025.sub.aln generated (from data/D1/p0025.faa)!
Running muscle on data/D1/p0026.faa...
data/D1/p0104.sub.aln generated (from data/D1/p0104.faa)!
Running muscle on data/D1/p0105.faa...
data/D1/p0026.sub.aln generated (from data/D1/p0026.faa)!
Running muscle on data/D1/p0027.faa...
data/D1/p0105.sub.aln generated (from data/D1/p0105.faa)!
Running muscle on data/D1/p0106.faa...
data/D1/p0106.sub.aln generated (from data/D1/p0106.faa)!
Running muscle on data/D1/p0107.faa...
data/D1/p0107.sub.aln generated (from data/D1/p0107.faa)!
Running muscle on data/D1/p0108.faa...
data/D1/p0108.sub.aln generated (from data/D1/p0108.faa)!
Running muscle on data/D1/p0109.faa...
data/D1/p0027.sub.aln generated (from data/D1/p0027.faa)!
Running muscle on data/D1/p0028.faa...
data/D1/p0109.sub.aln generated (from data/D1/p0109.faa)!
Running muscle on data/D1/p0110.faa...
data/D1/p0110.sub.aln generated (from data/D1/p0110.faa)!
Running muscle on data/D1/p0111.faa...
data/D1/p0028.sub.aln generated (from data/D1/p0028.faa)!
Running muscle on data/D1/p0029.faa...
data/D1/p0111.sub.aln generated (from data/D1/p0111.faa)!
Running muscle on data/D1/p0112.faa...
data/D1/p0112.sub.aln generated (from data/D1/p0112.faa)!
Running muscle on data/D1/p0113.faa...
data/D1/p0029.sub.aln generated (from data/D1/p0029.faa)!
Running muscle on data/D1/p0030.faa...
data/D1/p0113.sub.aln generated (from data/D1/p0113.faa)!
Running muscle on data/D1/p0114.faa...
data/D1/p0114.sub.aln generated (from data/D1/p0114.faa)!
Running muscle on data/D1/p0115.faa...
data/D1/p0030.sub.aln generated (from data/D1/p0030.faa)!
Running muscle on data/D1/p0031.faa...
data/D1/p0031.sub.aln generated (from data/D1/p0031.faa)!
Running muscle on data/D1/p0032.faa...
data/D1/p0115.sub.aln generated (from data/D1/p0115.faa)!
Running muscle on data/D1/p0116.faa...
data/D1/p0116.sub.aln generated (from data/D1/p0116.faa)!
Running muscle on data/D1/p0117.faa...
data/D1/p0117.sub.aln generated (from data/D1/p0117.faa)!
Running muscle on data/D1/p0119.faa...
data/D1/p0032.sub.aln generated (from data/D1/p0032.faa)!
Running muscle on data/D1/p0033.faa...
data/D1/p0119.sub.aln generated (from data/D1/p0119.faa)!
Running muscle on data/D1/p0120.faa...
data/D1/p0033.sub.aln generated (from data/D1/p0033.faa)!
Running muscle on data/D1/p0034.faa...
data/D1/p0120.sub.aln generated (from data/D1/p0120.faa)!
Running muscle on data/D1/p0121.faa...
data/D1/p0034.sub.aln generated (from data/D1/p0034.faa)!
Running muscle on data/D1/p0035.faa...
data/D1/p0121.sub.aln generated (from data/D1/p0121.faa)!
Running muscle on data/D1/p0122.faa...
data/D1/p0122.sub.aln generated (from data/D1/p0122.faa)!
Running muscle on data/D1/p0123.faa...
data/D1/p0123.sub.aln generated (from data/D1/p0123.faa)!
Running muscle on data/D1/p0124.faa...
data/D1/p0035.sub.aln generated (from data/D1/p0035.faa)!
Running muscle on data/D1/p0036.faa...
data/D1/p0124.sub.aln generated (from data/D1/p0124.faa)!
Running muscle on data/D1/p0125.faa...
data/D1/p0125.sub.aln generated (from data/D1/p0125.faa)!
Running muscle on data/D1/p0126.faa...
data/D1/p0126.sub.aln generated (from data/D1/p0126.faa)!
Running muscle on data/D1/p0127.faa...
data/D1/p0036.sub.aln generated (from data/D1/p0036.faa)!
Running muscle on data/D1/p0037.faa...
data/D1/p0127.sub.aln generated (from data/D1/p0127.faa)!
Running muscle on data/D1/p0128.faa...
data/D1/p0128.sub.aln generated (from data/D1/p0128.faa)!
Running muscle on data/D1/p0129.faa...
data/D1/p0037.sub.aln generated (from data/D1/p0037.faa)!
Running muscle on data/D1/p0038.faa...
data/D1/p0038.sub.aln generated (from data/D1/p0038.faa)!
Running muscle on data/D1/p0039.faa...
data/D1/p0129.sub.aln generated (from data/D1/p0129.faa)!
Running muscle on data/D1/p0130.faa...
data/D1/p0039.sub.aln generated (from data/D1/p0039.faa)!
Running muscle on data/D1/p0040.faa...
data/D1/p0130.sub.aln generated (from data/D1/p0130.faa)!
Running muscle on data/D1/p0131.faa...
data/D1/p0131.sub.aln generated (from data/D1/p0131.faa)!
Running muscle on data/D1/p0132.faa...
data/D1/p0040.sub.aln generated (from data/D1/p0040.faa)!
Running muscle on data/D1/p0041.faa...
data/D1/p0132.sub.aln generated (from data/D1/p0132.faa)!
Running muscle on data/D1/p0133.faa...
data/D1/p0133.sub.aln generated (from data/D1/p0133.faa)!
Running muscle on data/D1/p0135.faa...
data/D1/p0041.sub.aln generated (from data/D1/p0041.faa)!
Running muscle on data/D1/p0042.faa...
data/D1/p0135.sub.aln generated (from data/D1/p0135.faa)!
Running muscle on data/D1/p0136.faa...
data/D1/p0136.sub.aln generated (from data/D1/p0136.faa)!
Running muscle on data/D1/p0137.faa...
data/D1/p0137.sub.aln generated (from data/D1/p0137.faa)!
Running muscle on data/D1/p0138.faa...
data/D1/p0138.sub.aln generated (from data/D1/p0138.faa)!
Running muscle on data/D1/p0139.faa...
data/D1/p0042.sub.aln generated (from data/D1/p0042.faa)!
Running muscle on data/D1/p0043.faa...
data/D1/p0139.sub.aln generated (from data/D1/p0139.faa)!
Running muscle on data/D1/p0140.faa...
data/D1/p0043.sub.aln generated (from data/D1/p0043.faa)!
Running muscle on data/D1/p0044.faa...
data/D1/p0140.sub.aln generated (from data/D1/p0140.faa)!
Running muscle on data/D1/p0141.faa...
data/D1/p0044.sub.aln generated (from data/D1/p0044.faa)!
Running muscle on data/D1/p0045.faa...
data/D1/p0141.sub.aln generated (from data/D1/p0141.faa)!
Running muscle on data/D1/p0142.faa...
data/D1/p0142.sub.aln generated (from data/D1/p0142.faa)!
Running muscle on data/D1/p0143.faa...
data/D1/p0045.sub.aln generated (from data/D1/p0045.faa)!
Running muscle on data/D1/p0046.faa...
data/D1/p0046.sub.aln generated (from data/D1/p0046.faa)!
Running muscle on data/D1/p0047.faa...
data/D1/p0143.sub.aln generated (from data/D1/p0143.faa)!
Running muscle on data/D1/p0144.faa...
data/D1/p0144.sub.aln generated (from data/D1/p0144.faa)!
Running muscle on data/D1/p0145.faa...
data/D1/p0047.sub.aln generated (from data/D1/p0047.faa)!
Running muscle on data/D1/p0146.faa...
data/D1/p0145.sub.aln generated (from data/D1/p0145.faa)!
Running muscle on data/D1/p0195.faa...
data/D1/p0146.sub.aln generated (from data/D1/p0146.faa)!
Running muscle on data/D1/p0147.faa...
data/D1/p0147.sub.aln generated (from data/D1/p0147.faa)!
Running muscle on data/D1/p0148.faa...
data/D1/p0195.sub.aln generated (from data/D1/p0195.faa)!
Running muscle on data/D1/p0196.faa...
data/D1/p0148.sub.aln generated (from data/D1/p0148.faa)!
Running muscle on data/D1/p0149.faa...
data/D1/p0196.sub.aln generated (from data/D1/p0196.faa)!
Running muscle on data/D1/p0198.faa...
data/D1/p0198.sub.aln generated (from data/D1/p0198.faa)!
Running muscle on data/D1/p0199.faa...
data/D1/p0149.sub.aln generated (from data/D1/p0149.faa)!
Running muscle on data/D1/p0150.faa...
data/D1/p0199.sub.aln generated (from data/D1/p0199.faa)!
Running muscle on data/D1/p0200.faa...
data/D1/p0200.sub.aln generated (from data/D1/p0200.faa)!
Running muscle on data/D1/p0201.faa...
data/D1/p0201.sub.aln generated (from data/D1/p0201.faa)!
Running muscle on data/D1/p0202.faa...
data/D1/p0202.sub.aln generated (from data/D1/p0202.faa)!
Running muscle on data/D1/p0203.faa...
data/D1/p0150.sub.aln generated (from data/D1/p0150.faa)!
Running muscle on data/D1/p0151.faa...
data/D1/p0203.sub.aln generated (from data/D1/p0203.faa)!
Running muscle on data/D1/p0204.faa...
data/D1/p0151.sub.aln generated (from data/D1/p0151.faa)!
Running muscle on data/D1/p0152.faa...
data/D1/p0152.sub.aln generated (from data/D1/p0152.faa)!
Running muscle on data/D1/p0153.faa...
data/D1/p0153.sub.aln generated (from data/D1/p0153.faa)!
Running muscle on data/D1/p0154.faa...
data/D1/p0154.sub.aln generated (from data/D1/p0154.faa)!
Running muscle on data/D1/p0155.faa...
data/D1/p0204.sub.aln generated (from data/D1/p0204.faa)!
Running muscle on data/D1/p0205.faa...
data/D1/p0155.sub.aln generated (from data/D1/p0155.faa)!
Running muscle on data/D1/p0156.faa...
data/D1/p0156.sub.aln generated (from data/D1/p0156.faa)!
Running muscle on data/D1/p0157.faa...
data/D1/p0205.sub.aln generated (from data/D1/p0205.faa)!
Running muscle on data/D1/p0206.faa...
data/D1/p0157.sub.aln generated (from data/D1/p0157.faa)!
Running muscle on data/D1/p0158.faa...
data/D1/p0206.sub.aln generated (from data/D1/p0206.faa)!
Running muscle on data/D1/p0207.faa...
data/D1/p0158.sub.aln generated (from data/D1/p0158.faa)!
Running muscle on data/D1/p0159.faa...
data/D1/p0207.sub.aln generated (from data/D1/p0207.faa)!
Running muscle on data/D1/p0208.faa...
data/D1/p0208.sub.aln generated (from data/D1/p0208.faa)!
Running muscle on data/D1/p0209.faa...
data/D1/p0159.sub.aln generated (from data/D1/p0159.faa)!
Running muscle on data/D1/p0160.faa...
data/D1/p0209.sub.aln generated (from data/D1/p0209.faa)!
Running muscle on data/D1/p0210.faa...
data/D1/p0210.sub.aln generated (from data/D1/p0210.faa)!
Running muscle on data/D1/p0211.faa...
data/D1/p0160.sub.aln generated (from data/D1/p0160.faa)!
Running muscle on data/D1/p0161.faa...
data/D1/p0161.sub.aln generated (from data/D1/p0161.faa)!
Running muscle on data/D1/p0162.faa...
data/D1/p0162.sub.aln generated (from data/D1/p0162.faa)!
Running muscle on data/D1/p0163.faa...
data/D1/p0211.sub.aln generated (from data/D1/p0211.faa)!
Running muscle on data/D1/p0212.faa...
data/D1/p0163.sub.aln generated (from data/D1/p0163.faa)!
Running muscle on data/D1/p0164.faa...
data/D1/p0164.sub.aln generated (from data/D1/p0164.faa)!
Running muscle on data/D1/p0165.faa...
data/D1/p0165.sub.aln generated (from data/D1/p0165.faa)!
Running muscle on data/D1/p0167.faa...
data/D1/p0212.sub.aln generated (from data/D1/p0212.faa)!
Running muscle on data/D1/p0213.faa...
data/D1/p0213.sub.aln generated (from data/D1/p0213.faa)!
Running muscle on data/D1/p0214.faa...
data/D1/p0167.sub.aln generated (from data/D1/p0167.faa)!
Running muscle on data/D1/p0168.faa...
data/D1/p0214.sub.aln generated (from data/D1/p0214.faa)!
Running muscle on data/D1/p0215.faa...
data/D1/p0168.sub.aln generated (from data/D1/p0168.faa)!
Running muscle on data/D1/p0169.faa...
data/D1/p0169.sub.aln generated (from data/D1/p0169.faa)!
Running muscle on data/D1/p0170.faa...
data/D1/p0215.sub.aln generated (from data/D1/p0215.faa)!
Running muscle on data/D1/p0216.faa...
data/D1/p0170.sub.aln generated (from data/D1/p0170.faa)!
Running muscle on data/D1/p0171.faa...
data/D1/p0171.sub.aln generated (from data/D1/p0171.faa)!
Running muscle on data/D1/p0172.faa...
data/D1/p0172.sub.aln generated (from data/D1/p0172.faa)!
Running muscle on data/D1/p0173.faa...
data/D1/p0173.sub.aln generated (from data/D1/p0173.faa)!
Running muscle on data/D1/p0174.faa...
data/D1/p0216.sub.aln generated (from data/D1/p0216.faa)!
Running muscle on data/D1/p0217.faa...
data/D1/p0174.sub.aln generated (from data/D1/p0174.faa)!
Running muscle on data/D1/p0175.faa...
data/D1/p0217.sub.aln generated (from data/D1/p0217.faa)!
Running muscle on data/D1/p0218.faa...
data/D1/p0175.sub.aln generated (from data/D1/p0175.faa)!
Running muscle on data/D1/p0176.faa...
data/D1/p0218.sub.aln generated (from data/D1/p0218.faa)!
Running muscle on data/D1/p0219.faa...
data/D1/p0176.sub.aln generated (from data/D1/p0176.faa)!
Running muscle on data/D1/p0177.faa...
data/D1/p0177.sub.aln generated (from data/D1/p0177.faa)!
Running muscle on data/D1/p0178.faa...
data/D1/p0178.sub.aln generated (from data/D1/p0178.faa)!
Running muscle on data/D1/p0179.faa...
data/D1/p0219.sub.aln generated (from data/D1/p0219.faa)!
Running muscle on data/D1/p0220.faa...
data/D1/p0179.sub.aln generated (from data/D1/p0179.faa)!
Running muscle on data/D1/p0180.faa...
data/D1/p0180.sub.aln generated (from data/D1/p0180.faa)!
Running muscle on data/D1/p0181.faa...
data/D1/p0181.sub.aln generated (from data/D1/p0181.faa)!
Running muscle on data/D1/p0182.faa...
data/D1/p0220.sub.aln generated (from data/D1/p0220.faa)!
Running muscle on data/D1/p0221.faa...
data/D1/p0221.sub.aln generated (from data/D1/p0221.faa)!
Running muscle on data/D1/p0222.faa...
data/D1/p0222.sub.aln generated (from data/D1/p0222.faa)!
Running muscle on data/D1/p0223.faa...
data/D1/p0223.sub.aln generated (from data/D1/p0223.faa)!
Running muscle on data/D1/p0224.faa...
data/D1/p0224.sub.aln generated (from data/D1/p0224.faa)!
Running muscle on data/D1/p0225.faa...
data/D1/p0182.sub.aln generated (from data/D1/p0182.faa)!
Running muscle on data/D1/p0183.faa...
data/D1/p0183.sub.aln generated (from data/D1/p0183.faa)!
Running muscle on data/D1/p0184.faa...
data/D1/p0225.sub.aln generated (from data/D1/p0225.faa)!
Running muscle on data/D1/p0226.faa...
data/D1/p0226.sub.aln generated (from data/D1/p0226.faa)!
Running muscle on data/D1/p0227.faa...
data/D1/p0184.sub.aln generated (from data/D1/p0184.faa)!
Running muscle on data/D1/p0185.faa...
data/D1/p0227.sub.aln generated (from data/D1/p0227.faa)!
Running muscle on data/D1/p0228.faa...
data/D1/p0228.sub.aln generated (from data/D1/p0228.faa)!
Running muscle on data/D1/p0229.faa...
data/D1/p0229.sub.aln generated (from data/D1/p0229.faa)!
Running muscle on data/D1/p0230.faa...
data/D1/p0230.sub.aln generated (from data/D1/p0230.faa)!
Running muscle on data/D1/p0231.faa...
data/D1/p0185.sub.aln generated (from data/D1/p0185.faa)!
Running muscle on data/D1/p0186.faa...
data/D1/p0231.sub.aln generated (from data/D1/p0231.faa)!
Running muscle on data/D1/p0232.faa...
data/D1/p0232.sub.aln generated (from data/D1/p0232.faa)!
Running muscle on data/D1/p0233.faa...
data/D1/p0233.sub.aln generated (from data/D1/p0233.faa)!
Running muscle on data/D1/p0234.faa...
data/D1/p0186.sub.aln generated (from data/D1/p0186.faa)!
Running muscle on data/D1/p0187.faa...
data/D1/p0187.sub.aln generated (from data/D1/p0187.faa)!
Running muscle on data/D1/p0188.faa...
data/D1/p0188.sub.aln generated (from data/D1/p0188.faa)!
Running muscle on data/D1/p0189.faa...
data/D1/p0234.sub.aln generated (from data/D1/p0234.faa)!
Running muscle on data/D1/p0235.faa...
data/D1/p0189.sub.aln generated (from data/D1/p0189.faa)!
Running muscle on data/D1/p0190.faa...
data/D1/p0190.sub.aln generated (from data/D1/p0190.faa)!
Running muscle on data/D1/p0191.faa...
data/D1/p0191.sub.aln generated (from data/D1/p0191.faa)!
Running muscle on data/D1/p0192.faa...

*** WARNING *** Invalid character '*' in FASTA sequence data, ignored
data/D1/p0192.sub.aln generated (from data/D1/p0192.faa)!
Running muscle on data/D1/p0193.faa...
data/D1/p0235.sub.aln generated (from data/D1/p0235.faa)!
Running muscle on data/D1/p0236.faa...
data/D1/p0236.sub.aln generated (from data/D1/p0236.faa)!
Running muscle on data/D1/p0237.faa...
data/D1/p0237.sub.aln generated (from data/D1/p0237.faa)!
Running muscle on data/D1/p0238.faa...
data/D1/p0193.sub.aln generated (from data/D1/p0193.faa)!
Running muscle on data/D1/p0194.faa...
data/D1/p0194.sub.aln generated (from data/D1/p0194.faa)!
Running muscle on data/D1/p0244.faa...
data/D1/p0238.sub.aln generated (from data/D1/p0238.faa)!
Running muscle on data/D1/p0239.faa...
data/D1/p0239.sub.aln generated (from data/D1/p0239.faa)!
Running muscle on data/D1/p0240.faa...
data/D1/p0244.sub.aln generated (from data/D1/p0244.faa)!
Running muscle on data/D1/p0245.faa...
data/D1/p0240.sub.aln generated (from data/D1/p0240.faa)!
Running muscle on data/D1/p0241.faa...
data/D1/p0245.sub.aln generated (from data/D1/p0245.faa)!
Running muscle on data/D1/p0246.faa...
data/D1/p0241.sub.aln generated (from data/D1/p0241.faa)!
Running muscle on data/D1/p0242.faa...
data/D1/p0246.sub.aln generated (from data/D1/p0246.faa)!
Running muscle on data/D1/p0247.faa...
data/D1/p0247.sub.aln generated (from data/D1/p0247.faa)!
Running muscle on data/D1/p0248.faa...
data/D1/p0242.sub.aln generated (from data/D1/p0242.faa)!
Running muscle on data/D1/p0243.faa...
data/D1/p0248.sub.aln generated (from data/D1/p0248.faa)!
Running muscle on data/D1/p0249.faa...
data/D1/p0243.sub.aln generated (from data/D1/p0243.faa)!
Running muscle on data/D1/p0295.faa...
data/D1/p0295.sub.aln generated (from data/D1/p0295.faa)!
Running muscle on data/D1/p0297.faa...
data/D1/p0297.sub.aln generated (from data/D1/p0297.faa)!
Running muscle on data/D1/p0298.faa...
data/D1/p0298.sub.aln generated (from data/D1/p0298.faa)!
Running muscle on data/D1/p0299.faa...
data/D1/p0249.sub.aln generated (from data/D1/p0249.faa)!
Running muscle on data/D1/p0250.faa...
data/D1/p0299.sub.aln generated (from data/D1/p0299.faa)!
Running muscle on data/D1/p0300.faa...
data/D1/p0300.sub.aln generated (from data/D1/p0300.faa)!
Running muscle on data/D1/p0301.faa...
data/D1/p0250.sub.aln generated (from data/D1/p0250.faa)!
Running muscle on data/D1/p0251.faa...
data/D1/p0251.sub.aln generated (from data/D1/p0251.faa)!
Running muscle on data/D1/p0252.faa...
data/D1/p0252.sub.aln generated (from data/D1/p0252.faa)!
Running muscle on data/D1/p0253.faa...
data/D1/p0253.sub.aln generated (from data/D1/p0253.faa)!
Running muscle on data/D1/p0255.faa...
data/D1/p0301.sub.aln generated (from data/D1/p0301.faa)!
Running muscle on data/D1/p0302.faa...
data/D1/p0255.sub.aln generated (from data/D1/p0255.faa)!
Running muscle on data/D1/p0256.faa...
data/D1/p0256.sub.aln generated (from data/D1/p0256.faa)!
Running muscle on data/D1/p0257.faa...
data/D1/p0257.sub.aln generated (from data/D1/p0257.faa)!
Running muscle on data/D1/p0258.faa...
data/D1/p0302.sub.aln generated (from data/D1/p0302.faa)!
Running muscle on data/D1/p0304.faa...
data/D1/p0258.sub.aln generated (from data/D1/p0258.faa)!
Running muscle on data/D1/p0259.faa...
data/D1/p0304.sub.aln generated (from data/D1/p0304.faa)!
Running muscle on data/D1/p0305.faa...
data/D1/p0259.sub.aln generated (from data/D1/p0259.faa)!
Running muscle on data/D1/p0260.faa...
data/D1/p0305.sub.aln generated (from data/D1/p0305.faa)!
Running muscle on data/D1/p0306.faa...
data/D1/p0260.sub.aln generated (from data/D1/p0260.faa)!
Running muscle on data/D1/p0261.faa...
data/D1/p0261.sub.aln generated (from data/D1/p0261.faa)!
Running muscle on data/D1/p0262.faa...
data/D1/p0306.sub.aln generated (from data/D1/p0306.faa)!
Running muscle on data/D1/p0307.faa...
data/D1/p0307.sub.aln generated (from data/D1/p0307.faa)!
Running muscle on data/D1/p0308.faa...
data/D1/p0308.sub.aln generated (from data/D1/p0308.faa)!
Running muscle on data/D1/p0310.faa...
data/D1/p0310.sub.aln generated (from data/D1/p0310.faa)!
Running muscle on data/D1/p0311.faa...
data/D1/p0262.sub.aln generated (from data/D1/p0262.faa)!
Running muscle on data/D1/p0263.faa...
data/D1/p0311.sub.aln generated (from data/D1/p0311.faa)!
Running muscle on data/D1/p0312.faa...
data/D1/p0263.sub.aln generated (from data/D1/p0263.faa)!
Running muscle on data/D1/p0264.faa...
data/D1/p0264.sub.aln generated (from data/D1/p0264.faa)!
Running muscle on data/D1/p0265.faa...
data/D1/p0265.sub.aln generated (from data/D1/p0265.faa)!
Running muscle on data/D1/p0267.faa...
data/D1/p0312.sub.aln generated (from data/D1/p0312.faa)!
Running muscle on data/D1/p0313.faa...
data/D1/p0267.sub.aln generated (from data/D1/p0267.faa)!
Running muscle on data/D1/p0268.faa...
data/D1/p0313.sub.aln generated (from data/D1/p0313.faa)!
Running muscle on data/D1/p0315.faa...
data/D1/p0268.sub.aln generated (from data/D1/p0268.faa)!
Running muscle on data/D1/p0269.faa...
data/D1/p0315.sub.aln generated (from data/D1/p0315.faa)!
Running muscle on data/D1/p0316.faa...
data/D1/p0269.sub.aln generated (from data/D1/p0269.faa)!
Running muscle on data/D1/p0270.faa...
data/D1/p0270.sub.aln generated (from data/D1/p0270.faa)!
Running muscle on data/D1/p0271.faa...
data/D1/p0316.sub.aln generated (from data/D1/p0316.faa)!
Running muscle on data/D1/p0317.faa...
data/D1/p0271.sub.aln generated (from data/D1/p0271.faa)!
Running muscle on data/D1/p0272.faa...
data/D1/p0317.sub.aln generated (from data/D1/p0317.faa)!
Running muscle on data/D1/p0318.faa...
data/D1/p0318.sub.aln generated (from data/D1/p0318.faa)!
Running muscle on data/D1/p0319.faa...
data/D1/p0272.sub.aln generated (from data/D1/p0272.faa)!
Running muscle on data/D1/p0273.faa...
data/D1/p0319.sub.aln generated (from data/D1/p0319.faa)!
Running muscle on data/D1/p0320.faa...
data/D1/p0320.sub.aln generated (from data/D1/p0320.faa)!
Running muscle on data/D1/p0321.faa...
data/D1/p0321.sub.aln generated (from data/D1/p0321.faa)!
Running muscle on data/D1/p0322.faa...
data/D1/p0322.sub.aln generated (from data/D1/p0322.faa)!
Running muscle on data/D1/p0323.faa...
data/D1/p0273.sub.aln generated (from data/D1/p0273.faa)!
Running muscle on data/D1/p0274.faa...
data/D1/p0274.sub.aln generated (from data/D1/p0274.faa)!
Running muscle on data/D1/p0275.faa...
data/D1/p0323.sub.aln generated (from data/D1/p0323.faa)!
Running muscle on data/D1/p0324.faa...
data/D1/p0275.sub.aln generated (from data/D1/p0275.faa)!
Running muscle on data/D1/p0276.faa...
data/D1/p0324.sub.aln generated (from data/D1/p0324.faa)!
Running muscle on data/D1/p0325.faa...
data/D1/p0276.sub.aln generated (from data/D1/p0276.faa)!
Running muscle on data/D1/p0277.faa...
data/D1/p0277.sub.aln generated (from data/D1/p0277.faa)!
Running muscle on data/D1/p0278.faa...
data/D1/p0325.sub.aln generated (from data/D1/p0325.faa)!
Running muscle on data/D1/p0326.faa...
data/D1/p0326.sub.aln generated (from data/D1/p0326.faa)!
Running muscle on data/D1/p0328.faa...
data/D1/p0328.sub.aln generated (from data/D1/p0328.faa)!
Running muscle on data/D1/p0329.faa...
data/D1/p0329.sub.aln generated (from data/D1/p0329.faa)!
Running muscle on data/D1/p0330.faa...
data/D1/p0278.sub.aln generated (from data/D1/p0278.faa)!
Running muscle on data/D1/p0279.faa...
data/D1/p0279.sub.aln generated (from data/D1/p0279.faa)!
Running muscle on data/D1/p0280.faa...
data/D1/p0330.sub.aln generated (from data/D1/p0330.faa)!
Running muscle on data/D1/p0331.faa...
data/D1/p0331.sub.aln generated (from data/D1/p0331.faa)!
Running muscle on data/D1/p0332.faa...
data/D1/p0332.sub.aln generated (from data/D1/p0332.faa)!
Running muscle on data/D1/p0333.faa...
data/D1/p0333.sub.aln generated (from data/D1/p0333.faa)!
Running muscle on data/D1/p0334.faa...
data/D1/p0334.sub.aln generated (from data/D1/p0334.faa)!
Running muscle on data/D1/p0335.faa...
data/D1/p0280.sub.aln generated (from data/D1/p0280.faa)!
Running muscle on data/D1/p0281.faa...
data/D1/p0335.sub.aln generated (from data/D1/p0335.faa)!
Running muscle on data/D1/p0336.faa...
data/D1/p0281.sub.aln generated (from data/D1/p0281.faa)!
Running muscle on data/D1/p0283.faa...
data/D1/p0336.sub.aln generated (from data/D1/p0336.faa)!
Running muscle on data/D1/p0337.faa...
data/D1/p0283.sub.aln generated (from data/D1/p0283.faa)!
Running muscle on data/D1/p0284.faa...
data/D1/p0337.sub.aln generated (from data/D1/p0337.faa)!
Running muscle on data/D1/p0338.faa...
data/D1/p0338.sub.aln generated (from data/D1/p0338.faa)!
Running muscle on data/D1/p0339.faa...
data/D1/p0284.sub.aln generated (from data/D1/p0284.faa)!
Running muscle on data/D1/p0285.faa...
data/D1/p0339.sub.aln generated (from data/D1/p0339.faa)!
Running muscle on data/D1/p0340.faa...
data/D1/p0340.sub.aln generated (from data/D1/p0340.faa)!
Running muscle on data/D1/p0341.faa...
data/D1/p0341.sub.aln generated (from data/D1/p0341.faa)!
Running muscle on data/D1/p0342.faa...
data/D1/p0342.sub.aln generated (from data/D1/p0342.faa)!
Running muscle on data/D1/p0343.faa...
data/D1/p0285.sub.aln generated (from data/D1/p0285.faa)!
Running muscle on data/D1/p0286.faa...
data/D1/p0286.sub.aln generated (from data/D1/p0286.faa)!
Running muscle on data/D1/p0287.faa...
data/D1/p0343.sub.aln generated (from data/D1/p0343.faa)!
Running muscle on data/D1/p0344.faa...
data/D1/p0344.sub.aln generated (from data/D1/p0344.faa)!
Running muscle on data/D1/p0345.faa...
data/D1/p0345.sub.aln generated (from data/D1/p0345.faa)!
Running muscle on data/D1/p0346.faa...
data/D1/p0287.sub.aln generated (from data/D1/p0287.faa)!
Running muscle on data/D1/p0288.faa...
data/D1/p0346.sub.aln generated (from data/D1/p0346.faa)!
Running muscle on data/D1/p0347.faa...
data/D1/p0347.sub.aln generated (from data/D1/p0347.faa)!
Running muscle on data/D1/p0348.faa...
data/D1/p0348.sub.aln generated (from data/D1/p0348.faa)!
Running muscle on data/D1/p0349.faa...
data/D1/p0288.sub.aln generated (from data/D1/p0288.faa)!
Running muscle on data/D1/p0289.faa...
data/D1/p0349.sub.aln generated (from data/D1/p0349.faa)!
Running muscle on data/D1/p0350.faa...
data/D1/p0350.sub.aln generated (from data/D1/p0350.faa)!
Running muscle on data/D1/p0351.faa...
data/D1/p0289.sub.aln generated (from data/D1/p0289.faa)!
Running muscle on data/D1/p0290.faa...
data/D1/p0351.sub.aln generated (from data/D1/p0351.faa)!
Running muscle on data/D1/p0352.faa...
data/D1/p0290.sub.aln generated (from data/D1/p0290.faa)!
Running muscle on data/D1/p0291.faa...
data/D1/p0352.sub.aln generated (from data/D1/p0352.faa)!
Running muscle on data/D1/p0353.faa...
data/D1/p0353.sub.aln generated (from data/D1/p0353.faa)!
Running muscle on data/D1/p0354.faa...
data/D1/p0354.sub.aln generated (from data/D1/p0354.faa)!
Running muscle on data/D1/p0355.faa...
data/D1/p0355.sub.aln generated (from data/D1/p0355.faa)!
Running muscle on data/D1/p0356.faa...
data/D1/p0356.sub.aln generated (from data/D1/p0356.faa)!
Running muscle on data/D1/p0357.faa...
data/D1/p0291.sub.aln generated (from data/D1/p0291.faa)!
Running muscle on data/D1/p0292.faa...
data/D1/p0292.sub.aln generated (from data/D1/p0292.faa)!
Running muscle on data/D1/p0293.faa...
data/D1/p0293.sub.aln generated (from data/D1/p0293.faa)!
Running muscle on data/D1/p0294.faa...
data/D1/p0294.sub.aln generated (from data/D1/p0294.faa)!
data/D1/p0357.sub.aln generated (from data/D1/p0357.faa)!
Running muscle on data/D1/p0358.faa...
data/D1/p0358.sub.aln generated (from data/D1/p0358.faa)!
Running muscle on data/D1/p0359.faa...
data/D1/p0359.sub.aln generated (from data/D1/p0359.faa)!
Running muscle on data/D1/p0360.faa...
data/D1/p0360.sub.aln generated (from data/D1/p0360.faa)!
Running muscle on data/D1/p0361.faa...
data/D1/p0361.sub.aln generated (from data/D1/p0361.faa)!
Running muscle on data/D1/p0362.faa...
data/D1/p0362.sub.aln generated (from data/D1/p0362.faa)!
Running muscle on data/D1/p0363.faa...
data/D1/p0363.sub.aln generated (from data/D1/p0363.faa)!
Running muscle on data/D1/p0364.faa...
data/D1/p0364.sub.aln generated (from data/D1/p0364.faa)!
Running muscle on data/D1/p0365.faa...
data/D1/p0365.sub.aln generated (from data/D1/p0365.faa)!
Running muscle on data/D1/p0366.faa...
data/D1/p0366.sub.aln generated (from data/D1/p0366.faa)!
Running muscle on data/D1/p0367.faa...
data/D1/p0367.sub.aln generated (from data/D1/p0367.faa)!
Running muscle on data/D1/p0368.faa...
data/D1/p0368.sub.aln generated (from data/D1/p0368.faa)!
Running muscle on data/D1/p0369.faa...
data/D1/p0369.sub.aln generated (from data/D1/p0369.faa)!
Running muscle on data/D1/p0370.faa...
data/D1/p0370.sub.aln generated (from data/D1/p0370.faa)!
Running muscle on data/D1/p0371.faa...
data/D1/p0371.sub.aln generated (from data/D1/p0371.faa)!
Running muscle on data/D1/p0373.faa...
data/D1/p0373.sub.aln generated (from data/D1/p0373.faa)!
Running muscle on data/D1/p0374.faa...
data/D1/p0374.sub.aln generated (from data/D1/p0374.faa)!
Running muscle on data/D1/p0375.faa...
data/D1/p0375.sub.aln generated (from data/D1/p0375.faa)!
Running muscle on data/D1/p0376.faa...
data/D1/p0376.sub.aln generated (from data/D1/p0376.faa)!
Running muscle on data/D1/p0377.faa...
data/D1/p0377.sub.aln generated (from data/D1/p0377.faa)!
Running muscle on data/D1/p0379.faa...
data/D1/p0379.sub.aln generated (from data/D1/p0379.faa)!
Running muscle on data/D1/p0380.faa...
data/D1/p0380.sub.aln generated (from data/D1/p0380.faa)!
Running muscle on data/D1/p0381.faa...
data/D1/p0381.sub.aln generated (from data/D1/p0381.faa)!
Running muscle on data/D1/p0382.faa...
data/D1/p0382.sub.aln generated (from data/D1/p0382.faa)!
Running muscle on data/D1/p0383.faa...
data/D1/p0383.sub.aln generated (from data/D1/p0383.faa)!
Running muscle on data/D1/p0384.faa...
data/D1/p0384.sub.aln generated (from data/D1/p0384.faa)!
Running muscle on data/D1/p0385.faa...
data/D1/p0385.sub.aln generated (from data/D1/p0385.faa)!
Running muscle on data/D1/p0386.faa...
data/D1/p0386.sub.aln generated (from data/D1/p0386.faa)!
Running muscle on data/D1/p0387.faa...
data/D1/p0387.sub.aln generated (from data/D1/p0387.faa)!
Running muscle on data/D1/p0389.faa...
data/D1/p0389.sub.aln generated (from data/D1/p0389.faa)!
Running muscle on data/D1/p0390.faa...
data/D1/p0390.sub.aln generated (from data/D1/p0390.faa)!
Running muscle on data/D1/p0392.faa...
data/D1/p0392.sub.aln generated (from data/D1/p0392.faa)!
Running muscle on data/D1/p0393.faa...
data/D1/p0393.sub.aln generated (from data/D1/p0393.faa)!
Running muscle on data/D1/p0394.faa...
data/D1/p0394.sub.aln generated (from data/D1/p0394.faa)!
Running muscle on data/D1/p0396.faa...
data/D1/p0396.sub.aln generated (from data/D1/p0396.faa)!
Running muscle on data/D1/p0397.faa...
data/D1/p0397.sub.aln generated (from data/D1/p0397.faa)!
Running muscle on data/D1/p0398.faa...
data/D1/p0398.sub.aln generated (from data/D1/p0398.faa)!
Running muscle on data/D1/p0399.faa...
data/D1/p0399.sub.aln generated (from data/D1/p0399.faa)!
All alignments performed!
Merging alignments from user genomes with all the PhyloPhlAn alignments
383 alignments to be merged
Running muscle on data/D1/p0000.aln and data/ppaalns/p0000.aln...
Running muscle on data/D1/p0048.aln and data/ppaalns/p0048.aln...
data/D1/p0048.int.sub.aln generated (from data/D1/p0048.aln and data/ppaalns/p0048.aln)!
Running muscle on data/D1/p0049.aln and data/ppaalns/p0049.aln...
data/D1/p0049.int.sub.aln generated (from data/D1/p0049.aln and data/ppaalns/p0049.aln)!
Running muscle on data/D1/p0050.aln and data/ppaalns/p0050.aln...
data/D1/p0050.int.sub.aln generated (from data/D1/p0050.aln and data/ppaalns/p0050.aln)!
Running muscle on data/D1/p0051.aln and data/ppaalns/p0051.aln...
data/D1/p0000.int.sub.aln generated (from data/D1/p0000.aln and data/ppaalns/p0000.aln)!
Running muscle on data/D1/p0001.aln and data/ppaalns/p0001.aln...
data/D1/p0051.int.sub.aln generated (from data/D1/p0051.aln and data/ppaalns/p0051.aln)!
Running muscle on data/D1/p0052.aln and data/ppaalns/p0052.aln...
data/D1/p0001.int.sub.aln generated (from data/D1/p0001.aln and data/ppaalns/p0001.aln)!
Running muscle on data/D1/p0002.aln and data/ppaalns/p0002.aln...
data/D1/p0052.int.sub.aln generated (from data/D1/p0052.aln and data/ppaalns/p0052.aln)!
Running muscle on data/D1/p0053.aln and data/ppaalns/p0053.aln...
