+ module load bioinfo-tools
++ /usr/share/lmod/lmod/libexec/lmod bash load bioinfo-tools
+ eval '__LMOD_REF_COUNT_LOADEDMODULES=uppmax:2\;bioinfo-tools:1;' export '__LMOD_REF_COUNT_LOADEDMODULES;' 'LOADEDMODULES=uppmax:bioinfo-tools;' export 'LOADEDMODULES;' '__LMOD_REF_COUNT_MODULEPATH=/sw/mf/snowy/bioinfo-tools/annotation:1\;/sw/mf/snowy/bioinfo-tools/alignment:1\;/sw/mf/snowy/bioinfo-tools/assembly:1\;/sw/mf/snowy/bioinfo-tools/misc:1\;/sw/mf/snowy/bioinfo-tools/phylogeny:1\;/sw/mf/snowy/bioinfo-tools/pipelines:1\;/sw/mf/snowy/bioinfo-tools/sw_collections:1\;/sw/mf/snowy/applications:1\;/sw/mf/snowy/build-tools:1\;/sw/mf/snowy/compilers:1\;/sw/mf/snowy/data:1\;/sw/mf/snowy/environment:1\;/sw/mf/snowy/libraries:1\;/sw/mf/snowy/parallel:1;' export '__LMOD_REF_COUNT_MODULEPATH;' 'MODULEPATH=/sw/mf/snowy/bioinfo-tools/annotation:/sw/mf/snowy/bioinfo-tools/alignment:/sw/mf/snowy/bioinfo-tools/assembly:/sw/mf/snowy/bioinfo-tools/misc:/sw/mf/snowy/bioinfo-tools/phylogeny:/sw/mf/snowy/bioinfo-tools/pipelines:/sw/mf/snowy/bioinfo-tools/sw_collections:/sw/mf/snowy/applications:/sw/mf/snowy/build-tools:/sw/mf/snowy/compilers:/sw/mf/snowy/data:/sw/mf/snowy/environment:/sw/mf/snowy/libraries:/sw/mf/snowy/parallel;' export 'MODULEPATH;' '__LMOD_REF_COUNT__LMFILES_=/sw/mf/snowy/environment/bioinfo-tools:1;' export '__LMOD_REF_COUNT__LMFILES_;' '_LMFILES_=/sw/mf/snowy/environment/bioinfo-tools;' export '_LMFILES_;' '_ModuleTable001_=X01vZHVsZVRhYmxlXz17WyJNVHZlcnNpb24iXT0zLFsiY19yZWJ1aWxkVGltZSJdPWZhbHNlLFsiY19zaG9ydFRpbWUiXT1mYWxzZSxkZXB0aFQ9e30sZmFtaWx5PXt9LG1UPXtbImJpb2luZm8tdG9vbHMiXT17WyJmbiJdPSIvc3cvbWYvc25vd3kvZW52aXJvbm1lbnQvYmlvaW5mby10b29scyIsWyJmdWxsTmFtZSJdPSJiaW9pbmZvLXRvb2xzIixbImxvYWRPcmRlciJdPTEscHJvcFQ9e30sWyJzdGFja0RlcHRoIl09MCxbInN0YXR1cyJdPSJhY3RpdmUiLFsidXNlck5hbWUiXT0iYmlvaW5mby10b29scyIsfSx9LG1wYXRoQT17Ii9zdy9tZi9zbm93eS9iaW9pbmZvLXRvb2xzL2Fubm90YXRpb24iLCIvc3cvbWYvc25vd3kvYmlvaW5mby10b29scy9hbGlnbm1lbnQiLCIvc3cv;' export '_ModuleTable001_;' '_ModuleTable002_=bWYvc25vd3kvYmlvaW5mby10b29scy9hc3NlbWJseSIsIi9zdy9tZi9zbm93eS9iaW9pbmZvLXRvb2xzL21pc2MiLCIvc3cvbWYvc25vd3kvYmlvaW5mby10b29scy9waHlsb2dlbnkiLCIvc3cvbWYvc25vd3kvYmlvaW5mby10b29scy9waXBlbGluZXMiLCIvc3cvbWYvc25vd3kvYmlvaW5mby10b29scy9zd19jb2xsZWN0aW9ucyIsIi9zdy9tZi9zbm93eS9hcHBsaWNhdGlvbnMiLCIvc3cvbWYvc25vd3kvYnVpbGQtdG9vbHMiLCIvc3cvbWYvc25vd3kvY29tcGlsZXJzIiwiL3N3L21mL3Nub3d5L2RhdGEiLCIvc3cvbWYvc25vd3kvZW52aXJvbm1lbnQiLCIvc3cvbWYvc25vd3kvbGlicmFyaWVzIiwiL3N3L21mL3Nub3d5L3BhcmFsbGVsIix9LFsic3lzdGVtQmFzZU1QQVRI;' export '_ModuleTable002_;' '_ModuleTable003_=Il09Ii9zdy9tZi9zbm93eS9hcHBsaWNhdGlvbnM6L3N3L21mL3Nub3d5L2J1aWxkLXRvb2xzOi9zdy9tZi9zbm93eS9jb21waWxlcnM6L3N3L21mL3Nub3d5L2RhdGE6L3N3L21mL3Nub3d5L2Vudmlyb25tZW50Oi9zdy9tZi9zbm93eS9saWJyYXJpZXM6L3N3L21mL3Nub3d5L3BhcmFsbGVsIix9;' export '_ModuleTable003_;' '_ModuleTable_Sz_=3;' export '_ModuleTable_Sz_;'
++ __LMOD_REF_COUNT_LOADEDMODULES='uppmax:2;bioinfo-tools:1'
++ export __LMOD_REF_COUNT_LOADEDMODULES
++ LOADEDMODULES=uppmax:bioinfo-tools
++ export LOADEDMODULES
++ __LMOD_REF_COUNT_MODULEPATH='/sw/mf/snowy/bioinfo-tools/annotation:1;/sw/mf/snowy/bioinfo-tools/alignment:1;/sw/mf/snowy/bioinfo-tools/assembly:1;/sw/mf/snowy/bioinfo-tools/misc:1;/sw/mf/snowy/bioinfo-tools/phylogeny:1;/sw/mf/snowy/bioinfo-tools/pipelines:1;/sw/mf/snowy/bioinfo-tools/sw_collections:1;/sw/mf/snowy/applications:1;/sw/mf/snowy/build-tools:1;/sw/mf/snowy/compilers:1;/sw/mf/snowy/data:1;/sw/mf/snowy/environment:1;/sw/mf/snowy/libraries:1;/sw/mf/snowy/parallel:1'
++ export __LMOD_REF_COUNT_MODULEPATH
++ MODULEPATH=/sw/mf/snowy/bioinfo-tools/annotation:/sw/mf/snowy/bioinfo-tools/alignment:/sw/mf/snowy/bioinfo-tools/assembly:/sw/mf/snowy/bioinfo-tools/misc:/sw/mf/snowy/bioinfo-tools/phylogeny:/sw/mf/snowy/bioinfo-tools/pipelines:/sw/mf/snowy/bioinfo-tools/sw_collections:/sw/mf/snowy/applications:/sw/mf/snowy/build-tools:/sw/mf/snowy/compilers:/sw/mf/snowy/data:/sw/mf/snowy/environment:/sw/mf/snowy/libraries:/sw/mf/snowy/parallel
++ export MODULEPATH
++ __LMOD_REF_COUNT__LMFILES_=/sw/mf/snowy/environment/bioinfo-tools:1
++ export __LMOD_REF_COUNT__LMFILES_
++ _LMFILES_=/sw/mf/snowy/environment/bioinfo-tools
++ export _LMFILES_
++ _ModuleTable001_=X01vZHVsZVRhYmxlXz17WyJNVHZlcnNpb24iXT0zLFsiY19yZWJ1aWxkVGltZSJdPWZhbHNlLFsiY19zaG9ydFRpbWUiXT1mYWxzZSxkZXB0aFQ9e30sZmFtaWx5PXt9LG1UPXtbImJpb2luZm8tdG9vbHMiXT17WyJmbiJdPSIvc3cvbWYvc25vd3kvZW52aXJvbm1lbnQvYmlvaW5mby10b29scyIsWyJmdWxsTmFtZSJdPSJiaW9pbmZvLXRvb2xzIixbImxvYWRPcmRlciJdPTEscHJvcFQ9e30sWyJzdGFja0RlcHRoIl09MCxbInN0YXR1cyJdPSJhY3RpdmUiLFsidXNlck5hbWUiXT0iYmlvaW5mby10b29scyIsfSx9LG1wYXRoQT17Ii9zdy9tZi9zbm93eS9iaW9pbmZvLXRvb2xzL2Fubm90YXRpb24iLCIvc3cvbWYvc25vd3kvYmlvaW5mby10b29scy9hbGlnbm1lbnQiLCIvc3cv
++ export _ModuleTable001_
++ _ModuleTable002_=bWYvc25vd3kvYmlvaW5mby10b29scy9hc3NlbWJseSIsIi9zdy9tZi9zbm93eS9iaW9pbmZvLXRvb2xzL21pc2MiLCIvc3cvbWYvc25vd3kvYmlvaW5mby10b29scy9waHlsb2dlbnkiLCIvc3cvbWYvc25vd3kvYmlvaW5mby10b29scy9waXBlbGluZXMiLCIvc3cvbWYvc25vd3kvYmlvaW5mby10b29scy9zd19jb2xsZWN0aW9ucyIsIi9zdy9tZi9zbm93eS9hcHBsaWNhdGlvbnMiLCIvc3cvbWYvc25vd3kvYnVpbGQtdG9vbHMiLCIvc3cvbWYvc25vd3kvY29tcGlsZXJzIiwiL3N3L21mL3Nub3d5L2RhdGEiLCIvc3cvbWYvc25vd3kvZW52aXJvbm1lbnQiLCIvc3cvbWYvc25vd3kvbGlicmFyaWVzIiwiL3N3L21mL3Nub3d5L3BhcmFsbGVsIix9LFsic3lzdGVtQmFzZU1QQVRI
++ export _ModuleTable002_
++ _ModuleTable003_=Il09Ii9zdy9tZi9zbm93eS9hcHBsaWNhdGlvbnM6L3N3L21mL3Nub3d5L2J1aWxkLXRvb2xzOi9zdy9tZi9zbm93eS9jb21waWxlcnM6L3N3L21mL3Nub3d5L2RhdGE6L3N3L21mL3Nub3d5L2Vudmlyb25tZW50Oi9zdy9tZi9zbm93eS9saWJyYXJpZXM6L3N3L21mL3Nub3d5L3BhcmFsbGVsIix9
++ export _ModuleTable003_
++ _ModuleTable_Sz_=3
++ export _ModuleTable_Sz_
++ : -s sh
+ eval
+ module load htseq samtools
++ /usr/share/lmod/lmod/libexec/lmod bash load htseq samtools
+ eval '__LMOD_REF_COUNT_LD_LIBRARY_PATH=/sw/libs/wxWidgets/lib:1;' export '__LMOD_REF_COUNT_LD_LIBRARY_PATH;' 'LD_LIBRARY_PATH=/sw/libs/wxWidgets/lib;' export 'LD_LIBRARY_PATH;' '__LMOD_REF_COUNT_LOADEDMODULES=uppmax:2\;bioinfo-tools:1\;python/3.7.2:1\;htseq/0.12.4:1\;samtools/1.14:1;' export '__LMOD_REF_COUNT_LOADEDMODULES;' 'LOADEDMODULES=uppmax:bioinfo-tools:python/3.7.2:htseq/0.12.4:samtools/1.14;' export 'LOADEDMODULES;' '__LMOD_REF_COUNT_MANPATH=/sw/bioinfo/samtools/1.14/snowy/share/man:1\;/sw/comp/python/3.7.2_snowy/share/man:1\;/usr/share/man:2\;/sw/uppmax/man:2\;/opt/thinlinc/share/man:2;' export '__LMOD_REF_COUNT_MANPATH;' 'MANPATH=/sw/bioinfo/samtools/1.14/snowy/share/man:/sw/comp/python/3.7.2_snowy/share/man:/usr/share/man:/sw/uppmax/man:/opt/thinlinc/share/man;' export 'MANPATH;' 'MODULEPATH=/sw/mf/snowy/bioinfo-tools/annotation:/sw/mf/snowy/bioinfo-tools/alignment:/sw/mf/snowy/bioinfo-tools/assembly:/sw/mf/snowy/bioinfo-tools/misc:/sw/mf/snowy/bioinfo-tools/phylogeny:/sw/mf/snowy/bioinfo-tools/pipelines:/sw/mf/snowy/bioinfo-tools/sw_collections:/sw/mf/snowy/applications:/sw/mf/snowy/build-tools:/sw/mf/snowy/compilers:/sw/mf/snowy/data:/sw/mf/snowy/environment:/sw/mf/snowy/libraries:/sw/mf/snowy/parallel;' export 'MODULEPATH;' '__LMOD_REF_COUNT_PATH=/sw/bioinfo/samtools/1.14/snowy/bin:1\;/sw/bioinfo/htseq/0.12.4/snowy/bin:1\;/sw/comp/python/3.7.2_snowy/bin:1\;/home/kvenk811/bin:2\;/usr/local/bin:1\;/usr/bin:1\;/usr/local/sbin:1\;/usr/sbin:1\;/sw/uppmax/bin:2;' export '__LMOD_REF_COUNT_PATH;' 'PATH=/sw/bioinfo/samtools/1.14/snowy/bin:/sw/bioinfo/htseq/0.12.4/snowy/bin:/sw/comp/python/3.7.2_snowy/bin:/home/kvenk811/bin:/usr/local/bin:/usr/bin:/usr/local/sbin:/usr/sbin:/sw/uppmax/bin;' export 'PATH;' '__LMOD_REF_COUNT_PKG_CONFIG_PATH=/sw/comp/python/3.7.2_snowy/lib/pkgconfig:1;' export '__LMOD_REF_COUNT_PKG_CONFIG_PATH;' 'PKG_CONFIG_PATH=/sw/comp/python/3.7.2_snowy/lib/pkgconfig;' export 'PKG_CONFIG_PATH;' '__LMOD_REF_COUNT_PYTHONPATH=/sw/bioinfo/htseq/0.12.4/snowy/lib/python3.7/site-packages:1;' export '__LMOD_REF_COUNT_PYTHONPATH;' 'PYTHONPATH=/sw/bioinfo/htseq/0.12.4/snowy/lib/python3.7/site-packages;' export 'PYTHONPATH;' 'PYTHON_ROOT=/sw/comp/python/3.7.2_snowy;' export 'PYTHON_ROOT;' 'SAMTOOLS_ROOT=/sw/bioinfo/samtools/1.14/snowy;' export 'SAMTOOLS_ROOT;' '__LMOD_REF_COUNT__LMFILES_=/sw/mf/snowy/environment/bioinfo-tools:1\;/sw/mf/snowy/compilers/python/3.7.2:1\;/sw/mf/snowy/bioinfo-tools/misc/htseq/0.12.4:1\;/sw/mf/snowy/bioinfo-tools/misc/samtools/1.14:1;' export '__LMOD_REF_COUNT__LMFILES_;' '_LMFILES_=/sw/mf/snowy/environment/bioinfo-tools:/sw/mf/snowy/compilers/python/3.7.2:/sw/mf/snowy/bioinfo-tools/misc/htseq/0.12.4:/sw/mf/snowy/bioinfo-tools/misc/samtools/1.14;' export '_LMFILES_;' '_ModuleTable001_=X01vZHVsZVRhYmxlXz17WyJNVHZlcnNpb24iXT0zLFsiY19yZWJ1aWxkVGltZSJdPWZhbHNlLFsiY19zaG9ydFRpbWUiXT1mYWxzZSxkZXB0aFQ9e30sZmFtaWx5PXt9LG1UPXtbImJpb2luZm8tdG9vbHMiXT17WyJmbiJdPSIvc3cvbWYvc25vd3kvZW52aXJvbm1lbnQvYmlvaW5mby10b29scyIsWyJmdWxsTmFtZSJdPSJiaW9pbmZvLXRvb2xzIixbImxvYWRPcmRlciJdPTEscHJvcFQ9e30sWyJzdGFja0RlcHRoIl09MCxbInN0YXR1cyJdPSJhY3RpdmUiLFsidXNlck5hbWUiXT0iYmlvaW5mby10b29scyIsfSxodHNlcT17WyJmbiJdPSIvc3cvbWYvc25vd3kvYmlvaW5mby10b29scy9taXNjL2h0c2VxLzAuMTIuNCIsWyJmdWxsTmFtZSJdPSJodHNlcS8wLjEyLjQiLFsibG9h;' export '_ModuleTable001_;' '_ModuleTable002_=ZE9yZGVyIl09Myxwcm9wVD17fSxbInN0YWNrRGVwdGgiXT0wLFsic3RhdHVzIl09ImFjdGl2ZSIsWyJ1c2VyTmFtZSJdPSJodHNlcSIsfSxweXRob249e1siZm4iXT0iL3N3L21mL3Nub3d5L2NvbXBpbGVycy9weXRob24vMy43LjIiLFsiZnVsbE5hbWUiXT0icHl0aG9uLzMuNy4yIixbImxvYWRPcmRlciJdPTIscHJvcFQ9e30sWyJzdGFja0RlcHRoIl09MSxbInN0YXR1cyJdPSJhY3RpdmUiLFsidXNlck5hbWUiXT0icHl0aG9uLzMuNy4yIix9LHNhbXRvb2xzPXtbImZuIl09Ii9zdy9tZi9zbm93eS9iaW9pbmZvLXRvb2xzL21pc2Mvc2FtdG9vbHMvMS4xNCIsWyJmdWxsTmFtZSJdPSJzYW10b29scy8xLjE0IixbImxvYWRPcmRlciJdPTQscHJvcFQ9e30sWyJzdGFja0RlcHRo;' export '_ModuleTable002_;' '_ModuleTable003_=Il09MCxbInN0YXR1cyJdPSJhY3RpdmUiLFsidXNlck5hbWUiXT0ic2FtdG9vbHMiLH0sfSxtcGF0aEE9eyIvc3cvbWYvc25vd3kvYmlvaW5mby10b29scy9hbm5vdGF0aW9uIiwiL3N3L21mL3Nub3d5L2Jpb2luZm8tdG9vbHMvYWxpZ25tZW50IiwiL3N3L21mL3Nub3d5L2Jpb2luZm8tdG9vbHMvYXNzZW1ibHkiLCIvc3cvbWYvc25vd3kvYmlvaW5mby10b29scy9taXNjIiwiL3N3L21mL3Nub3d5L2Jpb2luZm8tdG9vbHMvcGh5bG9nZW55IiwiL3N3L21mL3Nub3d5L2Jpb2luZm8tdG9vbHMvcGlwZWxpbmVzIiwiL3N3L21mL3Nub3d5L2Jpb2luZm8tdG9vbHMvc3dfY29sbGVjdGlvbnMiLCIvc3cvbWYvc25vd3kvYXBwbGljYXRpb25zIiwiL3N3L21mL3Nub3d5L2J1aWxkLXRv;' export '_ModuleTable003_;' '_ModuleTable004_=b2xzIiwiL3N3L21mL3Nub3d5L2NvbXBpbGVycyIsIi9zdy9tZi9zbm93eS9kYXRhIiwiL3N3L21mL3Nub3d5L2Vudmlyb25tZW50IiwiL3N3L21mL3Nub3d5L2xpYnJhcmllcyIsIi9zdy9tZi9zbm93eS9wYXJhbGxlbCIsfSxbInN5c3RlbUJhc2VNUEFUSCJdPSIvc3cvbWYvc25vd3kvYXBwbGljYXRpb25zOi9zdy9tZi9zbm93eS9idWlsZC10b29sczovc3cvbWYvc25vd3kvY29tcGlsZXJzOi9zdy9tZi9zbm93eS9kYXRhOi9zdy9tZi9zbm93eS9lbnZpcm9ubWVudDovc3cvbWYvc25vd3kvbGlicmFyaWVzOi9zdy9tZi9zbm93eS9wYXJhbGxlbCIsfQ==;' export '_ModuleTable004_;' '_ModuleTable_Sz_=4;' export '_ModuleTable_Sz_;'
++ __LMOD_REF_COUNT_LD_LIBRARY_PATH=/sw/libs/wxWidgets/lib:1
++ export __LMOD_REF_COUNT_LD_LIBRARY_PATH
++ LD_LIBRARY_PATH=/sw/libs/wxWidgets/lib
++ export LD_LIBRARY_PATH
++ __LMOD_REF_COUNT_LOADEDMODULES='uppmax:2;bioinfo-tools:1;python/3.7.2:1;htseq/0.12.4:1;samtools/1.14:1'
++ export __LMOD_REF_COUNT_LOADEDMODULES
++ LOADEDMODULES=uppmax:bioinfo-tools:python/3.7.2:htseq/0.12.4:samtools/1.14
++ export LOADEDMODULES
++ __LMOD_REF_COUNT_MANPATH='/sw/bioinfo/samtools/1.14/snowy/share/man:1;/sw/comp/python/3.7.2_snowy/share/man:1;/usr/share/man:2;/sw/uppmax/man:2;/opt/thinlinc/share/man:2'
++ export __LMOD_REF_COUNT_MANPATH
++ MANPATH=/sw/bioinfo/samtools/1.14/snowy/share/man:/sw/comp/python/3.7.2_snowy/share/man:/usr/share/man:/sw/uppmax/man:/opt/thinlinc/share/man
++ export MANPATH
++ MODULEPATH=/sw/mf/snowy/bioinfo-tools/annotation:/sw/mf/snowy/bioinfo-tools/alignment:/sw/mf/snowy/bioinfo-tools/assembly:/sw/mf/snowy/bioinfo-tools/misc:/sw/mf/snowy/bioinfo-tools/phylogeny:/sw/mf/snowy/bioinfo-tools/pipelines:/sw/mf/snowy/bioinfo-tools/sw_collections:/sw/mf/snowy/applications:/sw/mf/snowy/build-tools:/sw/mf/snowy/compilers:/sw/mf/snowy/data:/sw/mf/snowy/environment:/sw/mf/snowy/libraries:/sw/mf/snowy/parallel
++ export MODULEPATH
++ __LMOD_REF_COUNT_PATH='/sw/bioinfo/samtools/1.14/snowy/bin:1;/sw/bioinfo/htseq/0.12.4/snowy/bin:1;/sw/comp/python/3.7.2_snowy/bin:1;/home/kvenk811/bin:2;/usr/local/bin:1;/usr/bin:1;/usr/local/sbin:1;/usr/sbin:1;/sw/uppmax/bin:2'
++ export __LMOD_REF_COUNT_PATH
++ PATH=/sw/bioinfo/samtools/1.14/snowy/bin:/sw/bioinfo/htseq/0.12.4/snowy/bin:/sw/comp/python/3.7.2_snowy/bin:/home/kvenk811/bin:/usr/local/bin:/usr/bin:/usr/local/sbin:/usr/sbin:/sw/uppmax/bin
++ export PATH
++ __LMOD_REF_COUNT_PKG_CONFIG_PATH=/sw/comp/python/3.7.2_snowy/lib/pkgconfig:1
++ export __LMOD_REF_COUNT_PKG_CONFIG_PATH
++ PKG_CONFIG_PATH=/sw/comp/python/3.7.2_snowy/lib/pkgconfig
++ export PKG_CONFIG_PATH
++ __LMOD_REF_COUNT_PYTHONPATH=/sw/bioinfo/htseq/0.12.4/snowy/lib/python3.7/site-packages:1
++ export __LMOD_REF_COUNT_PYTHONPATH
++ PYTHONPATH=/sw/bioinfo/htseq/0.12.4/snowy/lib/python3.7/site-packages
++ export PYTHONPATH
++ PYTHON_ROOT=/sw/comp/python/3.7.2_snowy
++ export PYTHON_ROOT
++ SAMTOOLS_ROOT=/sw/bioinfo/samtools/1.14/snowy
++ export SAMTOOLS_ROOT
++ __LMOD_REF_COUNT__LMFILES_='/sw/mf/snowy/environment/bioinfo-tools:1;/sw/mf/snowy/compilers/python/3.7.2:1;/sw/mf/snowy/bioinfo-tools/misc/htseq/0.12.4:1;/sw/mf/snowy/bioinfo-tools/misc/samtools/1.14:1'
++ export __LMOD_REF_COUNT__LMFILES_
++ _LMFILES_=/sw/mf/snowy/environment/bioinfo-tools:/sw/mf/snowy/compilers/python/3.7.2:/sw/mf/snowy/bioinfo-tools/misc/htseq/0.12.4:/sw/mf/snowy/bioinfo-tools/misc/samtools/1.14
++ export _LMFILES_
++ _ModuleTable001_=X01vZHVsZVRhYmxlXz17WyJNVHZlcnNpb24iXT0zLFsiY19yZWJ1aWxkVGltZSJdPWZhbHNlLFsiY19zaG9ydFRpbWUiXT1mYWxzZSxkZXB0aFQ9e30sZmFtaWx5PXt9LG1UPXtbImJpb2luZm8tdG9vbHMiXT17WyJmbiJdPSIvc3cvbWYvc25vd3kvZW52aXJvbm1lbnQvYmlvaW5mby10b29scyIsWyJmdWxsTmFtZSJdPSJiaW9pbmZvLXRvb2xzIixbImxvYWRPcmRlciJdPTEscHJvcFQ9e30sWyJzdGFja0RlcHRoIl09MCxbInN0YXR1cyJdPSJhY3RpdmUiLFsidXNlck5hbWUiXT0iYmlvaW5mby10b29scyIsfSxodHNlcT17WyJmbiJdPSIvc3cvbWYvc25vd3kvYmlvaW5mby10b29scy9taXNjL2h0c2VxLzAuMTIuNCIsWyJmdWxsTmFtZSJdPSJodHNlcS8wLjEyLjQiLFsibG9h
++ export _ModuleTable001_
++ _ModuleTable002_=ZE9yZGVyIl09Myxwcm9wVD17fSxbInN0YWNrRGVwdGgiXT0wLFsic3RhdHVzIl09ImFjdGl2ZSIsWyJ1c2VyTmFtZSJdPSJodHNlcSIsfSxweXRob249e1siZm4iXT0iL3N3L21mL3Nub3d5L2NvbXBpbGVycy9weXRob24vMy43LjIiLFsiZnVsbE5hbWUiXT0icHl0aG9uLzMuNy4yIixbImxvYWRPcmRlciJdPTIscHJvcFQ9e30sWyJzdGFja0RlcHRoIl09MSxbInN0YXR1cyJdPSJhY3RpdmUiLFsidXNlck5hbWUiXT0icHl0aG9uLzMuNy4yIix9LHNhbXRvb2xzPXtbImZuIl09Ii9zdy9tZi9zbm93eS9iaW9pbmZvLXRvb2xzL21pc2Mvc2FtdG9vbHMvMS4xNCIsWyJmdWxsTmFtZSJdPSJzYW10b29scy8xLjE0IixbImxvYWRPcmRlciJdPTQscHJvcFQ9e30sWyJzdGFja0RlcHRo
++ export _ModuleTable002_
++ _ModuleTable003_=Il09MCxbInN0YXR1cyJdPSJhY3RpdmUiLFsidXNlck5hbWUiXT0ic2FtdG9vbHMiLH0sfSxtcGF0aEE9eyIvc3cvbWYvc25vd3kvYmlvaW5mby10b29scy9hbm5vdGF0aW9uIiwiL3N3L21mL3Nub3d5L2Jpb2luZm8tdG9vbHMvYWxpZ25tZW50IiwiL3N3L21mL3Nub3d5L2Jpb2luZm8tdG9vbHMvYXNzZW1ibHkiLCIvc3cvbWYvc25vd3kvYmlvaW5mby10b29scy9taXNjIiwiL3N3L21mL3Nub3d5L2Jpb2luZm8tdG9vbHMvcGh5bG9nZW55IiwiL3N3L21mL3Nub3d5L2Jpb2luZm8tdG9vbHMvcGlwZWxpbmVzIiwiL3N3L21mL3Nub3d5L2Jpb2luZm8tdG9vbHMvc3dfY29sbGVjdGlvbnMiLCIvc3cvbWYvc25vd3kvYXBwbGljYXRpb25zIiwiL3N3L21mL3Nub3d5L2J1aWxkLXRv
++ export _ModuleTable003_
++ _ModuleTable004_=b2xzIiwiL3N3L21mL3Nub3d5L2NvbXBpbGVycyIsIi9zdy9tZi9zbm93eS9kYXRhIiwiL3N3L21mL3Nub3d5L2Vudmlyb25tZW50IiwiL3N3L21mL3Nub3d5L2xpYnJhcmllcyIsIi9zdy9tZi9zbm93eS9wYXJhbGxlbCIsfSxbInN5c3RlbUJhc2VNUEFUSCJdPSIvc3cvbWYvc25vd3kvYXBwbGljYXRpb25zOi9zdy9tZi9zbm93eS9idWlsZC10b29sczovc3cvbWYvc25vd3kvY29tcGlsZXJzOi9zdy9tZi9zbm93eS9kYXRhOi9zdy9tZi9zbm93eS9lbnZpcm9ubWVudDovc3cvbWYvc25vd3kvbGlicmFyaWVzOi9zdy9tZi9zbm93eS9wYXJhbGxlbCIsfQ==
++ export _ModuleTable004_
++ _ModuleTable_Sz_=4
++ export _ModuleTable_Sz_
++ : -s sh
+ eval
+ SEQDIR=/proj/genomeanalysis2022/nobackup/work/kvenk811/eggnog_funct_without_bwa
+ OUTDIR=/proj/genomeanalysis2022/nobackup/work/kvenk811/htseq
+ BAMDIR1=/proj/genomeanalysis2022/nobackup/work/kvenk811/bwa_conc_rna_map/D1_test
+ BAMDIR3=/proj/genomeanalysis2022/nobackup/work/kvenk811/bwa_conc_rna_map/D3_test
+ cd /proj/genomeanalysis2022/nobackup/work/kvenk811/eggnog_funct_without_bwa/D1
+ for gff in '*.gff'
+ cd /proj/genomeanalysis2022/nobackup/work/kvenk811/htseq/D1
+ mkdir
mkdir: missing operand
Try 'mkdir --help' for more information.
+ cd
+ htseq-count -f bam -t CDS -r pos -i ID /proj/genomeanalysis2022/nobackup/work/kvenk811/bwa_conc_rna_map/D1_test/D1_metabat_output..fa_sort.bam /proj/genomeanalysis2022/nobackup/work/kvenk811/eggnog_funct_without_bwa/D1/D1_metabat_output.10.fa.emapper.gff
[E::hts_open_format] Failed to open file "/proj/genomeanalysis2022/nobackup/work/kvenk811/bwa_conc_rna_map/D1_test/D1_metabat_output..fa_sort.bam" : No such file or directory
  [Errno 2] could not open alignment file `/proj/genomeanalysis2022/nobackup/work/kvenk811/bwa_conc_rna_map/D1_test/D1_metabat_output..fa_sort.bam`: No such file or directory
  [Exception type: FileNotFoundError, raised in libcalignmentfile.pyx:941]
+ for gff in '*.gff'
+ cd /proj/genomeanalysis2022/nobackup/work/kvenk811/htseq/D1
+ mkdir
mkdir: missing operand
Try 'mkdir --help' for more information.
+ cd
+ htseq-count -f bam -t CDS -r pos -i ID /proj/genomeanalysis2022/nobackup/work/kvenk811/bwa_conc_rna_map/D1_test/D1_metabat_output..fa_sort.bam /proj/genomeanalysis2022/nobackup/work/kvenk811/eggnog_funct_without_bwa/D1/D1_metabat_output.11.fa.emapper.gff
[E::hts_open_format] Failed to open file "/proj/genomeanalysis2022/nobackup/work/kvenk811/bwa_conc_rna_map/D1_test/D1_metabat_output..fa_sort.bam" : No such file or directory
  [Errno 2] could not open alignment file `/proj/genomeanalysis2022/nobackup/work/kvenk811/bwa_conc_rna_map/D1_test/D1_metabat_output..fa_sort.bam`: No such file or directory
  [Exception type: FileNotFoundError, raised in libcalignmentfile.pyx:941]
+ for gff in '*.gff'
+ cd /proj/genomeanalysis2022/nobackup/work/kvenk811/htseq/D1
+ mkdir
mkdir: missing operand
Try 'mkdir --help' for more information.
+ cd
+ htseq-count -f bam -t CDS -r pos -i ID /proj/genomeanalysis2022/nobackup/work/kvenk811/bwa_conc_rna_map/D1_test/D1_metabat_output..fa_sort.bam /proj/genomeanalysis2022/nobackup/work/kvenk811/eggnog_funct_without_bwa/D1/D1_metabat_output.12.fa.emapper.gff
[E::hts_open_format] Failed to open file "/proj/genomeanalysis2022/nobackup/work/kvenk811/bwa_conc_rna_map/D1_test/D1_metabat_output..fa_sort.bam" : No such file or directory
  [Errno 2] could not open alignment file `/proj/genomeanalysis2022/nobackup/work/kvenk811/bwa_conc_rna_map/D1_test/D1_metabat_output..fa_sort.bam`: No such file or directory
  [Exception type: FileNotFoundError, raised in libcalignmentfile.pyx:941]
+ for gff in '*.gff'
+ cd /proj/genomeanalysis2022/nobackup/work/kvenk811/htseq/D1
+ mkdir
mkdir: missing operand
Try 'mkdir --help' for more information.
+ cd
+ htseq-count -f bam -t CDS -r pos -i ID /proj/genomeanalysis2022/nobackup/work/kvenk811/bwa_conc_rna_map/D1_test/D1_metabat_output..fa_sort.bam /proj/genomeanalysis2022/nobackup/work/kvenk811/eggnog_funct_without_bwa/D1/D1_metabat_output.1.fa.emapper.gff
[E::hts_open_format] Failed to open file "/proj/genomeanalysis2022/nobackup/work/kvenk811/bwa_conc_rna_map/D1_test/D1_metabat_output..fa_sort.bam" : No such file or directory
  [Errno 2] could not open alignment file `/proj/genomeanalysis2022/nobackup/work/kvenk811/bwa_conc_rna_map/D1_test/D1_metabat_output..fa_sort.bam`: No such file or directory
  [Exception type: FileNotFoundError, raised in libcalignmentfile.pyx:941]
+ for gff in '*.gff'
+ cd /proj/genomeanalysis2022/nobackup/work/kvenk811/htseq/D1
+ mkdir
mkdir: missing operand
Try 'mkdir --help' for more information.
+ cd
+ htseq-count -f bam -t CDS -r pos -i ID /proj/genomeanalysis2022/nobackup/work/kvenk811/bwa_conc_rna_map/D1_test/D1_metabat_output..fa_sort.bam /proj/genomeanalysis2022/nobackup/work/kvenk811/eggnog_funct_without_bwa/D1/D1_metabat_output.2.fa.emapper.gff
[E::hts_open_format] Failed to open file "/proj/genomeanalysis2022/nobackup/work/kvenk811/bwa_conc_rna_map/D1_test/D1_metabat_output..fa_sort.bam" : No such file or directory
  [Errno 2] could not open alignment file `/proj/genomeanalysis2022/nobackup/work/kvenk811/bwa_conc_rna_map/D1_test/D1_metabat_output..fa_sort.bam`: No such file or directory
  [Exception type: FileNotFoundError, raised in libcalignmentfile.pyx:941]
+ for gff in '*.gff'
+ cd /proj/genomeanalysis2022/nobackup/work/kvenk811/htseq/D1
+ mkdir
mkdir: missing operand
Try 'mkdir --help' for more information.
+ cd
+ htseq-count -f bam -t CDS -r pos -i ID /proj/genomeanalysis2022/nobackup/work/kvenk811/bwa_conc_rna_map/D1_test/D1_metabat_output..fa_sort.bam /proj/genomeanalysis2022/nobackup/work/kvenk811/eggnog_funct_without_bwa/D1/D1_metabat_output.3.fa.emapper.gff
[E::hts_open_format] Failed to open file "/proj/genomeanalysis2022/nobackup/work/kvenk811/bwa_conc_rna_map/D1_test/D1_metabat_output..fa_sort.bam" : No such file or directory
  [Errno 2] could not open alignment file `/proj/genomeanalysis2022/nobackup/work/kvenk811/bwa_conc_rna_map/D1_test/D1_metabat_output..fa_sort.bam`: No such file or directory
  [Exception type: FileNotFoundError, raised in libcalignmentfile.pyx:941]
+ for gff in '*.gff'
+ cd /proj/genomeanalysis2022/nobackup/work/kvenk811/htseq/D1
+ mkdir
mkdir: missing operand
Try 'mkdir --help' for more information.
+ cd
+ htseq-count -f bam -t CDS -r pos -i ID /proj/genomeanalysis2022/nobackup/work/kvenk811/bwa_conc_rna_map/D1_test/D1_metabat_output..fa_sort.bam /proj/genomeanalysis2022/nobackup/work/kvenk811/eggnog_funct_without_bwa/D1/D1_metabat_output.4.fa.emapper.gff
[E::hts_open_format] Failed to open file "/proj/genomeanalysis2022/nobackup/work/kvenk811/bwa_conc_rna_map/D1_test/D1_metabat_output..fa_sort.bam" : No such file or directory
  [Errno 2] could not open alignment file `/proj/genomeanalysis2022/nobackup/work/kvenk811/bwa_conc_rna_map/D1_test/D1_metabat_output..fa_sort.bam`: No such file or directory
  [Exception type: FileNotFoundError, raised in libcalignmentfile.pyx:941]
+ for gff in '*.gff'
+ cd /proj/genomeanalysis2022/nobackup/work/kvenk811/htseq/D1
+ mkdir
mkdir: missing operand
Try 'mkdir --help' for more information.
+ cd
+ htseq-count -f bam -t CDS -r pos -i ID /proj/genomeanalysis2022/nobackup/work/kvenk811/bwa_conc_rna_map/D1_test/D1_metabat_output..fa_sort.bam /proj/genomeanalysis2022/nobackup/work/kvenk811/eggnog_funct_without_bwa/D1/D1_metabat_output.5.fa.emapper.gff
[E::hts_open_format] Failed to open file "/proj/genomeanalysis2022/nobackup/work/kvenk811/bwa_conc_rna_map/D1_test/D1_metabat_output..fa_sort.bam" : No such file or directory
  [Errno 2] could not open alignment file `/proj/genomeanalysis2022/nobackup/work/kvenk811/bwa_conc_rna_map/D1_test/D1_metabat_output..fa_sort.bam`: No such file or directory
  [Exception type: FileNotFoundError, raised in libcalignmentfile.pyx:941]
+ for gff in '*.gff'
+ cd /proj/genomeanalysis2022/nobackup/work/kvenk811/htseq/D1
+ mkdir
mkdir: missing operand
Try 'mkdir --help' for more information.
+ cd
+ htseq-count -f bam -t CDS -r pos -i ID /proj/genomeanalysis2022/nobackup/work/kvenk811/bwa_conc_rna_map/D1_test/D1_metabat_output..fa_sort.bam /proj/genomeanalysis2022/nobackup/work/kvenk811/eggnog_funct_without_bwa/D1/D1_metabat_output.6.fa.emapper.gff
[E::hts_open_format] Failed to open file "/proj/genomeanalysis2022/nobackup/work/kvenk811/bwa_conc_rna_map/D1_test/D1_metabat_output..fa_sort.bam" : No such file or directory
  [Errno 2] could not open alignment file `/proj/genomeanalysis2022/nobackup/work/kvenk811/bwa_conc_rna_map/D1_test/D1_metabat_output..fa_sort.bam`: No such file or directory
  [Exception type: FileNotFoundError, raised in libcalignmentfile.pyx:941]
+ for gff in '*.gff'
+ cd /proj/genomeanalysis2022/nobackup/work/kvenk811/htseq/D1
+ mkdir
mkdir: missing operand
Try 'mkdir --help' for more information.
+ cd
+ htseq-count -f bam -t CDS -r pos -i ID /proj/genomeanalysis2022/nobackup/work/kvenk811/bwa_conc_rna_map/D1_test/D1_metabat_output..fa_sort.bam /proj/genomeanalysis2022/nobackup/work/kvenk811/eggnog_funct_without_bwa/D1/D1_metabat_output.7.fa.emapper.gff
[E::hts_open_format] Failed to open file "/proj/genomeanalysis2022/nobackup/work/kvenk811/bwa_conc_rna_map/D1_test/D1_metabat_output..fa_sort.bam" : No such file or directory
  [Errno 2] could not open alignment file `/proj/genomeanalysis2022/nobackup/work/kvenk811/bwa_conc_rna_map/D1_test/D1_metabat_output..fa_sort.bam`: No such file or directory
  [Exception type: FileNotFoundError, raised in libcalignmentfile.pyx:941]
+ for gff in '*.gff'
+ cd /proj/genomeanalysis2022/nobackup/work/kvenk811/htseq/D1
+ mkdir
mkdir: missing operand
Try 'mkdir --help' for more information.
+ cd
+ htseq-count -f bam -t CDS -r pos -i ID /proj/genomeanalysis2022/nobackup/work/kvenk811/bwa_conc_rna_map/D1_test/D1_metabat_output..fa_sort.bam /proj/genomeanalysis2022/nobackup/work/kvenk811/eggnog_funct_without_bwa/D1/D1_metabat_output.8.fa.emapper.gff
[E::hts_open_format] Failed to open file "/proj/genomeanalysis2022/nobackup/work/kvenk811/bwa_conc_rna_map/D1_test/D1_metabat_output..fa_sort.bam" : No such file or directory
  [Errno 2] could not open alignment file `/proj/genomeanalysis2022/nobackup/work/kvenk811/bwa_conc_rna_map/D1_test/D1_metabat_output..fa_sort.bam`: No such file or directory
  [Exception type: FileNotFoundError, raised in libcalignmentfile.pyx:941]
+ for gff in '*.gff'
+ cd /proj/genomeanalysis2022/nobackup/work/kvenk811/htseq/D1
+ mkdir
mkdir: missing operand
Try 'mkdir --help' for more information.
+ cd
+ htseq-count -f bam -t CDS -r pos -i ID /proj/genomeanalysis2022/nobackup/work/kvenk811/bwa_conc_rna_map/D1_test/D1_metabat_output..fa_sort.bam /proj/genomeanalysis2022/nobackup/work/kvenk811/eggnog_funct_without_bwa/D1/D1_metabat_output.9.fa.emapper.gff
[E::hts_open_format] Failed to open file "/proj/genomeanalysis2022/nobackup/work/kvenk811/bwa_conc_rna_map/D1_test/D1_metabat_output..fa_sort.bam" : No such file or directory
  [Errno 2] could not open alignment file `/proj/genomeanalysis2022/nobackup/work/kvenk811/bwa_conc_rna_map/D1_test/D1_metabat_output..fa_sort.bam`: No such file or directory
  [Exception type: FileNotFoundError, raised in libcalignmentfile.pyx:941]
