D1_metabat_output.10.fa_sort.bam
D1_metabat_output.11.fa_sort.bam
D1_metabat_output.12.fa_sort.bam
D1_metabat_output.1.fa_sort.bam
D1_metabat_output.2.fa_sort.bam
D1_metabat_output.3.fa_sort.bam
D1_metabat_output.4.fa_sort.bam
D1_metabat_output.5.fa_sort.bam
D1_metabat_output.6.fa_sort.bam
D1_metabat_output.7.fa_sort.bam
D1_metabat_output.8.fa_sort.bam
D1_metabat_output.9.fa_sort.bam
*.gff
gff
mkdir: cannot create directory ‘gff’: File exists
[E::hts_open_format] Failed to open file "/D3_metabat_output.gff.fa_sorted.bam" : No such file or directory
  [Errno 2] could not open alignment file `/D3_metabat_output.gff.fa_sorted.bam`: No such file or directory
  [Exception type: FileNotFoundError, raised in libcalignmentfile.pyx:941]
*.gff
gff
mkdir: cannot create directory ‘gff’: File exists
[E::hts_open_format] Failed to open file "/D3_metabat_output.gff.fa_sorted.bam" : No such file or directory
  [Errno 2] could not open alignment file `/D3_metabat_output.gff.fa_sorted.bam`: No such file or directory
  [Exception type: FileNotFoundError, raised in libcalignmentfile.pyx:941]
