[bwa_index] Pack FASTA... 1.36 sec
[bwa_index] Construct BWT for the packed sequence...
[BWTIncCreate] textLength=300975624, availableWord=33177728
[BWTIncConstructFromPacked] 10 iterations done. 54728344 characters processed.
[BWTIncConstructFromPacked] 20 iterations done. 101106584 characters processed.
[BWTIncConstructFromPacked] 30 iterations done. 142323672 characters processed.
[BWTIncConstructFromPacked] 40 iterations done. 178953480 characters processed.
[BWTIncConstructFromPacked] 50 iterations done. 211506168 characters processed.
[BWTIncConstructFromPacked] 60 iterations done. 240435016 characters processed.
[BWTIncConstructFromPacked] 70 iterations done. 266143000 characters processed.
[BWTIncConstructFromPacked] 80 iterations done. 288988312 characters processed.
[bwt_gen] Finished constructing BWT in 86 iterations.
[bwa_index] 94.24 seconds elapse.
[bwa_index] Update BWT... 0.89 sec
[bwa_index] Pack forward-only FASTA... 0.85 sec
[bwa_index] Construct SA from BWT and Occ... 39.01 sec
[main] Version: 0.7.17-r1188
[main] CMD: bwa index /home/kvenk811/Genome_Analysis_1MB462/Results/Megahit_Assembly/D3_megahit_output/final.contigs.fa
[main] Real time: 140.623 sec; CPU: 136.361 sec
[E::hts_open_format] Failed to open file "/proj/genomeanalysis2022/nobackup/work/kvenk811/BWA_before_metabat/D3_BWA/D3.sorted.bam.tmp.0000.bam" : File exists
[E::hts_open_format] Failed to open file "/proj/genomeanalysis2022/nobackup/work/kvenk811/BWA_before_metabat/D3_BWA/D3.sorted.bam.tmp.0001.bam" : File exists
[E::hts_open_format] Failed to open file "/proj/genomeanalysis2022/nobackup/work/kvenk811/BWA_before_metabat/D3_BWA/D3.sorted.bam.tmp.0002.bam" : File exists
[E::hts_open_format] Failed to open file "/proj/genomeanalysis2022/nobackup/work/kvenk811/BWA_before_metabat/D3_BWA/D3.sorted.bam.tmp.0003.bam" : File exists
[E::hts_open_format] Failed to open file "/proj/genomeanalysis2022/nobackup/work/kvenk811/BWA_before_metabat/D3_BWA/D3.sorted.bam.tmp.0004.bam" : File exists
[E::hts_open_format] Failed to open file "/proj/genomeanalysis2022/nobackup/work/kvenk811/BWA_before_metabat/D3_BWA/D3.sorted.bam.tmp.0005.bam" : File exists
[E::hts_open_format] Failed to open file "/proj/genomeanalysis2022/nobackup/work/kvenk811/BWA_before_metabat/D3_BWA/D3.sorted.bam.tmp.0006.bam" : File exists
[E::hts_open_format] Failed to open file "/proj/genomeanalysis2022/nobackup/work/kvenk811/BWA_before_metabat/D3_BWA/D3.sorted.bam.tmp.0007.bam" : File exists
[E::hts_open_format] Failed to open file "/proj/genomeanalysis2022/nobackup/work/kvenk811/BWA_before_metabat/D3_BWA/D3.sorted.bam.tmp.0008.bam" : File exists
[E::hts_open_format] Failed to open file "/proj/genomeanalysis2022/nobackup/work/kvenk811/BWA_before_metabat/D3_BWA/D3.sorted.bam.tmp.0009.bam" : File exists
[E::hts_open_format] Failed to open file "/proj/genomeanalysis2022/nobackup/work/kvenk811/BWA_before_metabat/D3_BWA/D3.sorted.bam.tmp.0010.bam" : File exists
[E::hts_open_format] Failed to open file "/proj/genomeanalysis2022/nobackup/work/kvenk811/BWA_before_metabat/D3_BWA/D3.sorted.bam.tmp.0011.bam" : File exists
[E::hts_open_format] Failed to open file "/proj/genomeanalysis2022/nobackup/work/kvenk811/BWA_before_metabat/D3_BWA/D3.sorted.bam.tmp.0012.bam" : File exists
[E::hts_open_format] Failed to open file "/proj/genomeanalysis2022/nobackup/work/kvenk811/BWA_before_metabat/D3_BWA/D3.sorted.bam.tmp.0013.bam" : File exists
[E::hts_open_format] Failed to open file "/proj/genomeanalysis2022/nobackup/work/kvenk811/BWA_before_metabat/D3_BWA/D3.sorted.bam.tmp.0014.bam" : File exists
[E::hts_open_format] Failed to open file "/proj/genomeanalysis2022/nobackup/work/kvenk811/BWA_before_metabat/D3_BWA/D3.sorted.bam.tmp.0015.bam" : File exists
[E::hts_open_format] Failed to open file "/proj/genomeanalysis2022/nobackup/work/kvenk811/BWA_before_metabat/D3_BWA/D3.sorted.bam.tmp.0016.bam" : File exists
[E::hts_open_format] Failed to open file "/proj/genomeanalysis2022/nobackup/work/kvenk811/BWA_before_metabat/D3_BWA/D3.sorted.bam.tmp.0017.bam" : File exists
[E::hts_open_format] Failed to open file "/proj/genomeanalysis2022/nobackup/work/kvenk811/BWA_before_metabat/D3_BWA/D3.sorted.bam.tmp.0018.bam" : File exists
[E::hts_open_format] Failed to open file "/proj/genomeanalysis2022/nobackup/work/kvenk811/BWA_before_metabat/D3_BWA/D3.sorted.bam.tmp.0019.bam" : File exists
[bam_sort_core] merging from 21 files and 1 in-memory blocks...
Output depth matrix to /D3_BWA/depth.txt
Output pairedContigs lower triangle to /D3_BWA/paired.txt
Output matrix to /D3_BWA/depth.txt
Opening 1 bams
Consolidating headers
Allocating pairedContigs matrix: 7 MB over 1 threads
Processing bam files
Thread 0 finished: D3.sorted.bam with 60004885 reads and 32117744 readsWellMapped
Creating depth matrix file: /D3_BWA/depth.txt
Closing most bam files
Creating pairedContigs matrix file: /D3_BWA/paired.txt
Closing last bam file
Finished
